2019-02-07 11:52:49.425 DEBUG UsuarioDAOImpl.findByEmail:32 - email = dmendez1038@gmail.com
2019-02-07 11:52:49.438 DEBUG UsuarioDAOImpl.findByEmail:44 - SELECT EMAIL, CONTRASENA, NOMBRE, APELLIDOS, GENERO, FECHA_NACIMIENTO, TELEFONO FROM USUARIO  WHERE EMAIL = ? 
2019-02-07 12:04:38.281 DEBUG UsuarioDAOImpl.findByEmail:32 - email = dmendez1038@gmail.com
2019-02-07 12:04:38.286 DEBUG UsuarioDAOImpl.findByEmail:44 - SELECT EMAIL, CONTRASENA, NOMBRE, APELLIDOS, GENERO, FECHA_NACIMIENTO, TELEFONO FROM USUARIO  WHERE EMAIL = ? 
2019-02-07 18:11:51.283 DEBUG ContenidoDAOImpl.findByCriteria:185 - Producto = {o} Idioma = {1}
2019-02-07 18:11:51.338 WARN  ContenidoDAOImpl.findByCriteria:322 - You have an error in your SQL syntax; check the manual that corresponds to your MySQL server version for the right syntax to use near 'FROM CONTENIDO C INNER JOIN CONTENIDO_IDIOMA CI ON C.ID_CONTENIDO = CI.ID_CONTEN' at line 1
java.sql.SQLSyntaxErrorException: You have an error in your SQL syntax; check the manual that corresponds to your MySQL server version for the right syntax to use near 'FROM CONTENIDO C INNER JOIN CONTENIDO_IDIOMA CI ON C.ID_CONTENIDO = CI.ID_CONTEN' at line 1
	at com.mysql.cj.jdbc.exceptions.SQLError.createSQLException(SQLError.java:120) ~[mysql-connector-java-8.0.13.jar:8.0.13]
	at com.mysql.cj.jdbc.exceptions.SQLError.createSQLException(SQLError.java:97) ~[mysql-connector-java-8.0.13.jar:8.0.13]
	at com.mysql.cj.jdbc.exceptions.SQLExceptionsMapping.translateException(SQLExceptionsMapping.java:122) ~[mysql-connector-java-8.0.13.jar:8.0.13]
	at com.mysql.cj.jdbc.ClientPreparedStatement.executeInternal(ClientPreparedStatement.java:974) ~[mysql-connector-java-8.0.13.jar:8.0.13]
	at com.mysql.cj.jdbc.ClientPreparedStatement.executeQuery(ClientPreparedStatement.java:1024) ~[mysql-connector-java-8.0.13.jar:8.0.13]
	at com.david.training.dao.impl.ContenidoDAOImpl.findByCriteria(ContenidoDAOImpl.java:311) [bin/:?]
	at com.david.training.service.impl.ContenidoServiceImpl.busquedaEstructurada(ContenidoServiceImpl.java:110) [bin/:?]
	at com.david.training.service.ContenidoServiceTest.testBusquedaEstructurada(ContenidoServiceTest.java:89) [bin/:?]
	at com.david.training.service.ContenidoServiceTest.main(ContenidoServiceTest.java:103) [bin/:?]
2019-02-07 18:14:11.754 DEBUG ContenidoDAOImpl.findByCriteria:185 - Producto = {o} Idioma = {1}
2019-02-07 18:14:11.811 WARN  ContenidoDAOImpl.findByCriteria:322 - Column Index out of range, 12 > 11. 
java.sql.SQLException: Column Index out of range, 12 > 11. 
	at com.mysql.cj.jdbc.exceptions.SQLError.createSQLException(SQLError.java:129) ~[mysql-connector-java-8.0.13.jar:8.0.13]
	at com.mysql.cj.jdbc.exceptions.SQLError.createSQLException(SQLError.java:97) ~[mysql-connector-java-8.0.13.jar:8.0.13]
	at com.mysql.cj.jdbc.exceptions.SQLError.createSQLException(SQLError.java:89) ~[mysql-connector-java-8.0.13.jar:8.0.13]
	at com.mysql.cj.jdbc.exceptions.SQLError.createSQLException(SQLError.java:63) ~[mysql-connector-java-8.0.13.jar:8.0.13]
	at com.mysql.cj.jdbc.result.ResultSetImpl.checkColumnBounds(ResultSetImpl.java:494) ~[mysql-connector-java-8.0.13.jar:8.0.13]
	at com.mysql.cj.jdbc.result.ResultSetImpl.getInt(ResultSetImpl.java:895) ~[mysql-connector-java-8.0.13.jar:8.0.13]
	at com.david.training.dao.impl.ContenidoDAOImpl.loadNext(ContenidoDAOImpl.java:163) ~[bin/:?]
	at com.david.training.dao.impl.ContenidoDAOImpl.findByCriteria(ContenidoDAOImpl.java:317) [bin/:?]
	at com.david.training.service.impl.ContenidoServiceImpl.busquedaEstructurada(ContenidoServiceImpl.java:110) [bin/:?]
	at com.david.training.service.ContenidoServiceTest.testBusquedaEstructurada(ContenidoServiceTest.java:89) [bin/:?]
	at com.david.training.service.ContenidoServiceTest.main(ContenidoServiceTest.java:103) [bin/:?]
2019-02-07 18:17:55.405 DEBUG ContenidoDAOImpl.findByCriteria:185 - Producto = com.david.training.model.ProductoCriteria@165b2f7f[categoria=[com.david.training.model.Categoria@470a696f[idCategoria=13,nombreCategoria=<null>]],pais=[],a=<null>,idContenido=<null>,titulo=<null>,restriccionEdad=<null>,portada=<null>,fechaLanzamiento=<null>,descripcionBreve=<null>,precio=<null>,precioDescontado=<null>,duracion=<null>,idDescuento=<null>,tipoContenido=<null>,porcentaje=<null>] Idioma = en
2019-02-07 18:17:55.461 WARN  ContenidoDAOImpl.findByCriteria:322 - Column Index out of range, 12 > 11. 
java.sql.SQLException: Column Index out of range, 12 > 11. 
	at com.mysql.cj.jdbc.exceptions.SQLError.createSQLException(SQLError.java:129) ~[mysql-connector-java-8.0.13.jar:8.0.13]
	at com.mysql.cj.jdbc.exceptions.SQLError.createSQLException(SQLError.java:97) ~[mysql-connector-java-8.0.13.jar:8.0.13]
	at com.mysql.cj.jdbc.exceptions.SQLError.createSQLException(SQLError.java:89) ~[mysql-connector-java-8.0.13.jar:8.0.13]
	at com.mysql.cj.jdbc.exceptions.SQLError.createSQLException(SQLError.java:63) ~[mysql-connector-java-8.0.13.jar:8.0.13]
	at com.mysql.cj.jdbc.result.ResultSetImpl.checkColumnBounds(ResultSetImpl.java:494) ~[mysql-connector-java-8.0.13.jar:8.0.13]
	at com.mysql.cj.jdbc.result.ResultSetImpl.getInt(ResultSetImpl.java:895) ~[mysql-connector-java-8.0.13.jar:8.0.13]
	at com.david.training.dao.impl.ContenidoDAOImpl.loadNext(ContenidoDAOImpl.java:163) ~[bin/:?]
	at com.david.training.dao.impl.ContenidoDAOImpl.findByCriteria(ContenidoDAOImpl.java:317) [bin/:?]
	at com.david.training.service.impl.ContenidoServiceImpl.busquedaEstructurada(ContenidoServiceImpl.java:110) [bin/:?]
	at com.david.training.service.ContenidoServiceTest.testBusquedaEstructurada(ContenidoServiceTest.java:89) [bin/:?]
	at com.david.training.service.ContenidoServiceTest.main(ContenidoServiceTest.java:103) [bin/:?]
2019-02-07 18:23:55.833 DEBUG ContenidoDAOImpl.findByCriteria:185 - Producto = com.david.training.model.ProductoCriteria@165b2f7f[categoria=[com.david.training.model.Categoria@470a696f[idCategoria=13,nombreCategoria=<null>]],pais=[],a=<null>,idContenido=<null>,titulo=<null>,restriccionEdad=<null>,portada=<null>,fechaLanzamiento=<null>,descripcionBreve=<null>,precio=<null>,precioDescontado=<null>,duracion=<null>,idDescuento=<null>,tipoContenido=<null>,porcentaje=<null>] Idioma = en
2019-02-07 18:23:55.875 WARN  ContenidoDAOImpl.findByCriteria:322 - Unknown column 'I.ID_IDIOMA' in 'field list'
java.sql.SQLSyntaxErrorException: Unknown column 'I.ID_IDIOMA' in 'field list'
	at com.mysql.cj.jdbc.exceptions.SQLError.createSQLException(SQLError.java:120) ~[mysql-connector-java-8.0.13.jar:8.0.13]
	at com.mysql.cj.jdbc.exceptions.SQLError.createSQLException(SQLError.java:97) ~[mysql-connector-java-8.0.13.jar:8.0.13]
	at com.mysql.cj.jdbc.exceptions.SQLExceptionsMapping.translateException(SQLExceptionsMapping.java:122) ~[mysql-connector-java-8.0.13.jar:8.0.13]
	at com.mysql.cj.jdbc.ClientPreparedStatement.executeInternal(ClientPreparedStatement.java:974) ~[mysql-connector-java-8.0.13.jar:8.0.13]
	at com.mysql.cj.jdbc.ClientPreparedStatement.executeQuery(ClientPreparedStatement.java:1024) ~[mysql-connector-java-8.0.13.jar:8.0.13]
	at com.david.training.dao.impl.ContenidoDAOImpl.findByCriteria(ContenidoDAOImpl.java:311) [bin/:?]
	at com.david.training.service.impl.ContenidoServiceImpl.busquedaEstructurada(ContenidoServiceImpl.java:110) [bin/:?]
	at com.david.training.service.ContenidoServiceTest.testBusquedaEstructurada(ContenidoServiceTest.java:89) [bin/:?]
	at com.david.training.service.ContenidoServiceTest.main(ContenidoServiceTest.java:103) [bin/:?]
2019-02-07 18:25:35.590 DEBUG ContenidoDAOImpl.findByCriteria:185 - Producto = com.david.training.model.ProductoCriteria@165b2f7f[categoria=[com.david.training.model.Categoria@470a696f[idCategoria=13,nombreCategoria=<null>]],pais=[],a=<null>,idContenido=<null>,titulo=<null>,restriccionEdad=<null>,portada=<null>,fechaLanzamiento=<null>,descripcionBreve=<null>,precio=<null>,precioDescontado=<null>,duracion=<null>,idDescuento=<null>,tipoContenido=<null>,porcentaje=<null>] Idioma = en
2019-02-07 18:31:25.644 DEBUG ContenidoDAOImpl.findByCriteria:185 - Producto = com.david.training.model.ProductoCriteria@165b2f7f[categoria=[com.david.training.model.Categoria@470a696f[idCategoria=13,nombreCategoria=<null>]],pais=[],a=<null>,idContenido=<null>,titulo=<null>,restriccionEdad=<null>,portada=<null>,fechaLanzamiento=<null>,descripcionBreve=<null>,precio=<null>,precioDescontado=<null>,duracion=<null>,idDescuento=<null>,tipoContenido=<null>,porcentaje=<null>] Idioma = en
2019-02-07 23:51:30.345 DEBUG UsuarioDAOImpl.findByEmail:32 - email = dmendez1038@gmail.com
2019-02-07 23:51:30.350 DEBUG UsuarioDAOImpl.findByEmail:44 - SELECT EMAIL, CONTRASENA, NOMBRE, APELLIDOS, GENERO, FECHA_NACIMIENTO, TELEFONO FROM USUARIO  WHERE EMAIL = ? 
2019-02-07 23:54:42.948 DEBUG UsuarioDAOImpl.create:137 - Usuario = Email: zz@z.com, Contraseña: hidden , Nombre: null, Apellidos: null, Genero: null, Fecha de nacimiento: null y Telefono: null
