2019-02-21 00:13:22.078 DEBUG UsuarioDAOImpl.updateFavoritos:340 - Favorito = com.david.training.model.Favorito@1252b961 
2019-02-21 00:13:22.115 WARN  UsuarioDAOImpl.updateFavoritos:365 - Can not uppdate row to table 'USUARIO_CONTENIDO'
java.sql.SQLException: Can not uppdate row to table 'USUARIO_CONTENIDO'
	at com.david.training.dao.impl.UsuarioDAOImpl.updateFavoritos(UsuarioDAOImpl.java:359) [bin/:?]
	at com.david.training.service.impl.UsuarioServiceImpl.eliminarFavorito(UsuarioServiceImpl.java:156) [bin/:?]
	at com.david.training.service.UsuarioServiceTest.testEliminarFavoritos(UsuarioServiceTest.java:96) [bin/:?]
	at com.david.training.service.UsuarioServiceTest.main(UsuarioServiceTest.java:112) [bin/:?]
2019-02-21 00:14:44.803 DEBUG UsuarioDAOImpl.updateFavoritos:340 - Favorito = com.david.training.model.Favorito@1252b961 
2019-02-21 00:20:51.455 DEBUG UsuarioDAOImpl.updateFavoritos:340 - Favorito = com.david.training.model.Favorito@277f7dd3[email=aa@a.com,idContenido=4,favorito=false] 
2019-02-21 00:23:25.168 DEBUG UsuarioDAOImpl.existsFavorito:373 - Email = aa@a.com IdContenido = 4
2019-02-21 00:23:25.275 DEBUG UsuarioDAOImpl.updateFavoritos:340 - Favorito = com.david.training.model.Favorito@6d366c9b[email=aa@a.com,idContenido=4,favorito=true] 
2019-02-21 00:23:53.271 DEBUG UsuarioDAOImpl.updateFavoritos:340 - Favorito = com.david.training.model.Favorito@7d3430a7[email=aa@a.com,idContenido=4,favorito=false] 
2019-02-21 00:24:35.065 DEBUG UsuarioDAOImpl.existsFavorito:373 - Email = aa@a.com IdContenido = 4
2019-02-21 00:24:35.127 DEBUG UsuarioDAOImpl.updateFavoritos:340 - Favorito = com.david.training.model.Favorito@6d366c9b[email=aa@a.com,idContenido=4,favorito=true] 
2019-02-21 00:25:06.586 DEBUG UsuarioDAOImpl.existsFavorito:373 - Email = aa@a.com IdContenido = 5
2019-02-21 00:25:06.653 DEBUG UsuarioDAOImpl.createFavoritos:304 - Favorito = com.david.training.model.Favorito@6d366c9b[email=aa@a.com,idContenido=5,favorito=true]
2019-02-21 14:09:58.786 DEBUG UsuarioDAOImpl.updateFavoritos:353 - Favorito = com.david.training.model.Favorito@2364305a[email=aa@a.com,idContenido=5,favorito=false] 
2019-02-21 14:10:24.657 DEBUG UsuarioDAOImpl.existsFavorito:394 - Email = aa@a.com IdContenido = 5
2019-02-21 14:10:24.711 DEBUG UsuarioDAOImpl.updateFavoritos:353 - Favorito = com.david.training.model.Favorito@7651218e[email=aa@a.com,idContenido=5,favorito=true] 
2019-02-21 14:11:48.235 DEBUG UsuarioDAOImpl.existsFavorito:394 - Email = aa@a.com IdContenido = 500
2019-02-21 14:11:48.270 DEBUG UsuarioDAOImpl.createFavoritos:316 - Favorito = com.david.training.model.Favorito@24faea88[email=aa@a.com,idContenido=500,favorito=true]
2019-02-21 14:11:48.299 WARN  UsuarioDAOImpl.createFavoritos:342 - Cannot add or update a child row: a foreign key constraint fails (`hpr`.`usuario_contenido`, CONSTRAINT `fk_USUARIO_has_CONTENIDO_CONTENIDO1` FOREIGN KEY (`ID_CONTENIDO`) REFERENCES `contenido` (`id_contenido`))
java.sql.SQLIntegrityConstraintViolationException: Cannot add or update a child row: a foreign key constraint fails (`hpr`.`usuario_contenido`, CONSTRAINT `fk_USUARIO_has_CONTENIDO_CONTENIDO1` FOREIGN KEY (`ID_CONTENIDO`) REFERENCES `contenido` (`id_contenido`))
	at com.mysql.cj.jdbc.exceptions.SQLError.createSQLException(SQLError.java:117) ~[mysql-connector-java-8.0.13.jar:8.0.13]
	at com.mysql.cj.jdbc.exceptions.SQLError.createSQLException(SQLError.java:97) ~[mysql-connector-java-8.0.13.jar:8.0.13]
	at com.mysql.cj.jdbc.exceptions.SQLExceptionsMapping.translateException(SQLExceptionsMapping.java:122) ~[mysql-connector-java-8.0.13.jar:8.0.13]
	at com.mysql.cj.jdbc.ClientPreparedStatement.executeInternal(ClientPreparedStatement.java:974) ~[mysql-connector-java-8.0.13.jar:8.0.13]
	at com.mysql.cj.jdbc.ClientPreparedStatement.executeUpdateInternal(ClientPreparedStatement.java:1113) ~[mysql-connector-java-8.0.13.jar:8.0.13]
	at com.mysql.cj.jdbc.ClientPreparedStatement.executeUpdateInternal(ClientPreparedStatement.java:1061) ~[mysql-connector-java-8.0.13.jar:8.0.13]
	at com.mysql.cj.jdbc.ClientPreparedStatement.executeLargeUpdate(ClientPreparedStatement.java:1381) ~[mysql-connector-java-8.0.13.jar:8.0.13]
	at com.mysql.cj.jdbc.ClientPreparedStatement.executeUpdate(ClientPreparedStatement.java:1046) ~[mysql-connector-java-8.0.13.jar:8.0.13]
	at com.david.training.dao.impl.UsuarioDAOImpl.createFavoritos(UsuarioDAOImpl.java:331) [bin/:?]
	at com.david.training.service.impl.UsuarioServiceImpl.añadirFavorito(UsuarioServiceImpl.java:136) [bin/:?]
	at com.david.training.service.UsuarioServiceTest.testAñadirFavoritos(UsuarioServiceTest.java:111) [bin/:?]
	at com.david.training.service.UsuarioServiceTest.main(UsuarioServiceTest.java:129) [bin/:?]
