2019-03-15 13:52:12.318 DEBUG ContenidoDAOImpl.findByCriteria:187 - Producto = com.david.training.model.ProductoCriteria@1bc715b8[categoria=[com.david.training.model.Categoria@5ddabb18[idCategoria=13,nombreCategoria=<null>]],pais=[],a=<null>,idContenido=<null>,titulo=<null>,restriccionEdad=<null>,portada=<null>,fechaLanzamiento=<null>,descripcionBreve=<null>,precio=<null>,precioDescontado=<null>,duracion=<null>,idDescuento=<null>,tipoContenido=<null>,porcentaje=<null>] Idioma = en
2019-03-15 13:52:32.785 DEBUG ContenidoDAOImpl.findLista:423 - Email = aa@a.com Idioma = en
2019-03-15 18:39:49.155 INFO  ContenidoServiceTest.testMiLista:29 - Testing miLista ...
2019-03-15 18:39:50.009 DEBUG ContenidoDAOImpl.findLista:424 - Email = aa@a.com Idioma = en
2019-03-15 18:39:50.070 INFO  ContenidoServiceTest.testMiLista:40 - Found 6 results.
2019-03-15 18:39:50.070 INFO  ContenidoServiceTest.testMiLista:42 - Page [1 - 2] : 
2019-03-15 18:39:50.084 INFO  ContenidoServiceTest.testMiLista:44 - Result 1: com.david.training.model.Contenido@3faf2e7d[idContenido=8,titulo=DJANGO UNCHAINED,restriccionEdad=TP,portada=URL,fechaLanzamiento=2018-12-10,descripcionBreve=,precio=3.0,precioDescontado=0.75,duracion=90,idDescuento=8,tipoContenido=PEL,porcentaje=5]
2019-03-15 18:39:50.084 INFO  ContenidoServiceTest.testMiLista:44 - Result 2: com.david.training.model.Contenido@76ba13c[idContenido=101,titulo=STRANGER THINGS,restriccionEdad=12+,portada=URL,fechaLanzamiento=2018-12-10,descripcionBreve=,precio=5.0,precioDescontado=0.0,duracion=90,idDescuento=4,tipoContenido=SER,porcentaje=25]
2019-03-15 18:39:50.102 DEBUG ContenidoDAOImpl.findLista:424 - Email = aa@a.com Idioma = en
2019-03-15 18:39:50.108 INFO  ContenidoServiceTest.testMiLista:40 - Found 6 results.
2019-03-15 18:39:50.108 INFO  ContenidoServiceTest.testMiLista:42 - Page [3 - 4] : 
2019-03-15 18:39:50.108 INFO  ContenidoServiceTest.testMiLista:44 - Result 3: com.david.training.model.Contenido@180e6ac4[idContenido=201,titulo=VOX: FREEFALLING,restriccionEdad=18+,portada=URL,fechaLanzamiento=2018-12-10,descripcionBreve=,precio=1.0,precioDescontado=0.0,duracion=90,idDescuento=5,tipoContenido=DOC,porcentaje=30]
2019-03-15 18:39:50.109 INFO  ContenidoServiceTest.testMiLista:44 - Result 4: com.david.training.model.Contenido@42b64ab8[idContenido=1,titulo=RESERVOIR DOGS,restriccionEdad=16+,portada=URL,fechaLanzamiento=2018-12-10,descripcionBreve=,precio=3.0,precioDescontado=0.0,duracion=90,idDescuento=1,tipoContenido=PEL,porcentaje=15]
2019-03-15 18:39:50.121 DEBUG ContenidoDAOImpl.findLista:424 - Email = aa@a.com Idioma = en
2019-03-15 18:39:50.126 INFO  ContenidoServiceTest.testMiLista:40 - Found 6 results.
2019-03-15 18:39:50.126 INFO  ContenidoServiceTest.testMiLista:42 - Page [5 - 6] : 
2019-03-15 18:39:50.127 INFO  ContenidoServiceTest.testMiLista:44 - Result 5: com.david.training.model.Contenido@410ae9a3[idContenido=2,titulo=PULP FICTION,restriccionEdad=16+,portada=URL,fechaLanzamiento=2018-12-10,descripcionBreve=,precio=3.0,precioDescontado=1.5,duracion=90,idDescuento=2,tipoContenido=PEL,porcentaje=50]
2019-03-15 18:39:50.127 INFO  ContenidoServiceTest.testMiLista:44 - Result 6: com.david.training.model.Contenido@319988b0[idContenido=3,titulo=JACKIE BROWN,restriccionEdad=16+,portada=URL,fechaLanzamiento=2018-12-10,descripcionBreve=,precio=3.0,precioDescontado=0.3,duracion=90,idDescuento=3,tipoContenido=PEL,porcentaje=10]
2019-03-15 18:39:50.146 DEBUG ContenidoDAOImpl.findLista:424 - Email = aa@a.com Idioma = en
2019-03-15 18:39:50.151 INFO  ContenidoServiceTest.testMiLista:40 - Found 6 results.
2019-03-15 18:39:50.151 INFO  ContenidoServiceTest.testMiLista:53 - Test testMiLista finished.

2019-03-15 18:45:53.785 INFO  ContenidoServiceTest.testMiLista:29 - Testing miLista ...
2019-03-15 18:45:54.572 DEBUG ContenidoDAOImpl.findLista:424 - Email = aa@a.com Idioma = en
2019-03-15 18:45:54.629 INFO  ContenidoServiceTest.testMiLista:40 - Found 6 results.
2019-03-15 18:45:54.629 INFO  ContenidoServiceTest.testMiLista:42 - Page [1 - 5] : 
2019-03-15 18:45:54.641 INFO  ContenidoServiceTest.testMiLista:44 - Result 1: com.david.training.model.Contenido@3faf2e7d[idContenido=8,titulo=DJANGO UNCHAINED,restriccionEdad=TP,portada=URL,fechaLanzamiento=2018-12-10,descripcionBreve=,precio=3.0,precioDescontado=0.75,duracion=90,idDescuento=8,tipoContenido=PEL,porcentaje=5]
2019-03-15 18:45:54.642 INFO  ContenidoServiceTest.testMiLista:44 - Result 2: com.david.training.model.Contenido@76ba13c[idContenido=101,titulo=STRANGER THINGS,restriccionEdad=12+,portada=URL,fechaLanzamiento=2018-12-10,descripcionBreve=,precio=5.0,precioDescontado=0.0,duracion=90,idDescuento=4,tipoContenido=SER,porcentaje=25]
2019-03-15 18:45:54.642 INFO  ContenidoServiceTest.testMiLista:44 - Result 3: com.david.training.model.Contenido@eb6449b[idContenido=201,titulo=VOX: FREEFALLING,restriccionEdad=18+,portada=URL,fechaLanzamiento=2018-12-10,descripcionBreve=,precio=1.0,precioDescontado=0.0,duracion=90,idDescuento=5,tipoContenido=DOC,porcentaje=30]
2019-03-15 18:45:54.642 INFO  ContenidoServiceTest.testMiLista:44 - Result 4: com.david.training.model.Contenido@7c351808[idContenido=1,titulo=RESERVOIR DOGS,restriccionEdad=16+,portada=URL,fechaLanzamiento=2018-12-10,descripcionBreve=,precio=3.0,precioDescontado=0.0,duracion=90,idDescuento=1,tipoContenido=PEL,porcentaje=15]
2019-03-15 18:45:54.643 INFO  ContenidoServiceTest.testMiLista:44 - Result 5: com.david.training.model.Contenido@180e6ac4[idContenido=2,titulo=PULP FICTION,restriccionEdad=16+,portada=URL,fechaLanzamiento=2018-12-10,descripcionBreve=,precio=3.0,precioDescontado=1.5,duracion=90,idDescuento=2,tipoContenido=PEL,porcentaje=50]
2019-03-15 18:45:54.658 DEBUG ContenidoDAOImpl.findLista:424 - Email = aa@a.com Idioma = en
2019-03-15 18:45:54.663 INFO  ContenidoServiceTest.testMiLista:40 - Found 6 results.
2019-03-15 18:45:54.663 INFO  ContenidoServiceTest.testMiLista:42 - Page [6 - 6] : 
2019-03-15 18:45:54.664 INFO  ContenidoServiceTest.testMiLista:44 - Result 6: com.david.training.model.Contenido@2a39fe6a[idContenido=3,titulo=JACKIE BROWN,restriccionEdad=16+,portada=URL,fechaLanzamiento=2018-12-10,descripcionBreve=,precio=3.0,precioDescontado=0.3,duracion=90,idDescuento=3,tipoContenido=PEL,porcentaje=10]
2019-03-15 18:45:54.664 INFO  ContenidoServiceTest.testMiLista:53 - Test testMiLista finished.

2019-03-15 21:04:58.554 INFO  ContenidoServiceTest.testMiLista:29 - Testing miLista ...
2019-03-15 21:04:59.387 DEBUG ContenidoDAOImpl.findLista:431 - Email = aa@a.com Idioma = en
2019-03-15 21:04:59.434 INFO  ContenidoServiceTest.testMiLista:40 - Found 6 results.
2019-03-15 21:04:59.434 INFO  ContenidoServiceTest.testMiLista:42 - Page [1 - 5] : 
2019-03-15 21:04:59.443 INFO  ContenidoServiceTest.testMiLista:44 - Result 1: com.david.training.model.Contenido@3faf2e7d[idContenido=8,titulo=DJANGO UNCHAINED,restriccionEdad=TP,portada=URL,fechaLanzamiento=2018-12-10,descripcionBreve=,precio=3.0,precioDescontado=0.75,duracion=90,idDescuento=8,tipoContenido=PEL,porcentaje=5]
2019-03-15 21:04:59.443 INFO  ContenidoServiceTest.testMiLista:44 - Result 2: com.david.training.model.Contenido@76ba13c[idContenido=101,titulo=STRANGER THINGS,restriccionEdad=12+,portada=URL,fechaLanzamiento=2018-12-10,descripcionBreve=,precio=5.0,precioDescontado=0.0,duracion=90,idDescuento=4,tipoContenido=SER,porcentaje=25]
2019-03-15 21:04:59.443 INFO  ContenidoServiceTest.testMiLista:44 - Result 3: com.david.training.model.Contenido@eb6449b[idContenido=201,titulo=VOX: FREEFALLING,restriccionEdad=18+,portada=URL,fechaLanzamiento=2018-12-10,descripcionBreve=,precio=1.0,precioDescontado=0.0,duracion=90,idDescuento=5,tipoContenido=DOC,porcentaje=30]
2019-03-15 21:04:59.444 INFO  ContenidoServiceTest.testMiLista:44 - Result 4: com.david.training.model.Contenido@7c351808[idContenido=1,titulo=RESERVOIR DOGS,restriccionEdad=16+,portada=URL,fechaLanzamiento=2018-12-10,descripcionBreve=,precio=3.0,precioDescontado=0.0,duracion=90,idDescuento=1,tipoContenido=PEL,porcentaje=15]
2019-03-15 21:04:59.445 INFO  ContenidoServiceTest.testMiLista:44 - Result 5: com.david.training.model.Contenido@180e6ac4[idContenido=2,titulo=PULP FICTION,restriccionEdad=16+,portada=URL,fechaLanzamiento=2018-12-10,descripcionBreve=,precio=3.0,precioDescontado=1.5,duracion=90,idDescuento=2,tipoContenido=PEL,porcentaje=50]
2019-03-15 21:04:59.456 DEBUG ContenidoDAOImpl.findLista:431 - Email = aa@a.com Idioma = en
2019-03-15 21:04:59.459 INFO  ContenidoServiceTest.testMiLista:40 - Found 6 results.
2019-03-15 21:04:59.459 INFO  ContenidoServiceTest.testMiLista:42 - Page [6 - 6] : 
2019-03-15 21:04:59.460 INFO  ContenidoServiceTest.testMiLista:44 - Result 6: com.david.training.model.Contenido@2a39fe6a[idContenido=3,titulo=JACKIE BROWN,restriccionEdad=16+,portada=URL,fechaLanzamiento=2018-12-10,descripcionBreve=,precio=3.0,precioDescontado=0.3,duracion=90,idDescuento=3,tipoContenido=PEL,porcentaje=10]
2019-03-15 21:04:59.460 INFO  ContenidoServiceTest.testMiLista:53 - Test testMiLista finished.

2019-03-15 21:06:21.860 INFO  ContenidoServiceTest.testFindAll:20 - Testing findAll ...
2019-03-15 21:06:22.726 ERROR ContenidoServiceTest.testFindAll:42 - null
com.david.training.exceptions.DataException: null
	at com.david.training.dao.util.JDBCUtils.closeConnection(JDBCUtils.java:126) ~[bin/:?]
	at com.david.training.service.impl.CategoriaServiceImpl.findAll(CategoriaServiceImpl.java:37) ~[bin/:?]
	at com.david.training.service.CategoriaServiceTest.testFindAll(CategoriaServiceTest.java:28) [bin/:?]
	at com.david.training.service.CategoriaServiceTest.main(CategoriaServiceTest.java:49) [bin/:?]
Caused by: java.sql.SQLException: Can''t call commit when autocommit=true
	at com.mysql.cj.jdbc.exceptions.SQLError.createSQLException(SQLError.java:67) ~[mysql-connector-java-8.0.13.jar:8.0.13]
	at com.mysql.cj.jdbc.ConnectionImpl.commit(ConnectionImpl.java:793) ~[mysql-connector-java-8.0.13.jar:8.0.13]
	at com.david.training.dao.util.JDBCUtils.closeConnection(JDBCUtils.java:119) ~[bin/:?]
	... 3 more
2019-03-15 21:06:22.735 INFO  ContenidoServiceTest.testFindAll:44 - Test testMiLista finished.

2019-03-15 21:07:24.098 INFO  ContenidoServiceTest.testFindAll:20 - Testing findAll ...
2019-03-15 21:07:24.896 INFO  ContenidoServiceTest.testFindAll:29 - Found 13 results.
2019-03-15 21:07:24.896 INFO  ContenidoServiceTest.testFindAll:31 - Page [1 - 2] : 
2019-03-15 21:07:24.912 INFO  ContenidoServiceTest.testFindAll:33 - Result 1: com.david.training.model.Categoria@7813cb11[idCategoria=1,nombreCategoria=SUSPENSE]
2019-03-15 21:07:24.913 INFO  ContenidoServiceTest.testFindAll:33 - Result 2: com.david.training.model.Categoria@29ef6856[idCategoria=2,nombreCategoria=CRIMEN]
2019-03-15 21:07:24.941 INFO  ContenidoServiceTest.testFindAll:29 - Found 13 results.
2019-03-15 21:07:24.941 INFO  ContenidoServiceTest.testFindAll:31 - Page [3 - 4] : 
2019-03-15 21:07:24.942 INFO  ContenidoServiceTest.testFindAll:33 - Result 3: com.david.training.model.Categoria@4648ce9[idCategoria=3,nombreCategoria=COMEDIA]
2019-03-15 21:07:24.942 INFO  ContenidoServiceTest.testFindAll:33 - Result 4: com.david.training.model.Categoria@569bf9eb[idCategoria=4,nombreCategoria=THRILLER]
2019-03-15 21:07:24.957 INFO  ContenidoServiceTest.testFindAll:29 - Found 13 results.
2019-03-15 21:07:24.957 INFO  ContenidoServiceTest.testFindAll:31 - Page [5 - 6] : 
2019-03-15 21:07:24.958 INFO  ContenidoServiceTest.testFindAll:33 - Result 5: com.david.training.model.Categoria@76ba13c[idCategoria=5,nombreCategoria=GANSTERS]
2019-03-15 21:07:24.958 INFO  ContenidoServiceTest.testFindAll:33 - Result 6: com.david.training.model.Categoria@eb6449b[idCategoria=6,nombreCategoria=DRAMA]
2019-03-15 21:07:24.971 INFO  ContenidoServiceTest.testFindAll:29 - Found 13 results.
2019-03-15 21:07:24.971 INFO  ContenidoServiceTest.testFindAll:31 - Page [7 - 8] : 
2019-03-15 21:07:24.972 INFO  ContenidoServiceTest.testFindAll:33 - Result 7: com.david.training.model.Categoria@42b64ab8[idCategoria=7,nombreCategoria=ACCION]
2019-03-15 21:07:24.972 INFO  ContenidoServiceTest.testFindAll:33 - Result 8: com.david.training.model.Categoria@7e985ce9[idCategoria=8,nombreCategoria=BELICO]
2019-03-15 21:07:24.983 INFO  ContenidoServiceTest.testFindAll:29 - Found 13 results.
2019-03-15 21:07:24.983 INFO  ContenidoServiceTest.testFindAll:31 - Page [9 - 10] : 
2019-03-15 21:07:24.983 INFO  ContenidoServiceTest.testFindAll:33 - Result 9: com.david.training.model.Categoria@319988b0[idCategoria=9,nombreCategoria=WESTERN]
2019-03-15 21:07:24.984 INFO  ContenidoServiceTest.testFindAll:33 - Result 10: com.david.training.model.Categoria@d5ae57e[idCategoria=10,nombreCategoria=MISTERIO]
2019-03-15 21:07:24.995 INFO  ContenidoServiceTest.testFindAll:29 - Found 13 results.
2019-03-15 21:07:24.995 INFO  ContenidoServiceTest.testFindAll:31 - Page [11 - 12] : 
2019-03-15 21:07:24.995 INFO  ContenidoServiceTest.testFindAll:33 - Result 11: com.david.training.model.Categoria@305f031[idCategoria=11,nombreCategoria=CIENCIA FICCION]
2019-03-15 21:07:24.995 INFO  ContenidoServiceTest.testFindAll:33 - Result 12: com.david.training.model.Categoria@592e843a[idCategoria=12,nombreCategoria=ANIMACION]
2019-03-15 21:07:25.006 INFO  ContenidoServiceTest.testFindAll:29 - Found 13 results.
2019-03-15 21:07:25.006 INFO  ContenidoServiceTest.testFindAll:31 - Page [13 - 13] : 
2019-03-15 21:07:25.006 INFO  ContenidoServiceTest.testFindAll:33 - Result 13: com.david.training.model.Categoria@6e16b8b5[idCategoria=13,nombreCategoria=POLITICA]
2019-03-15 21:07:25.006 INFO  ContenidoServiceTest.testFindAll:44 - Test testMiLista finished.

2019-03-15 21:31:35.121 INFO  ContenidoServiceTest.testFavoritos:56 - Testing favoritos ...
2019-03-15 21:31:35.868 DEBUG ContenidoDAOImpl.findFavoritos:482 - Email = EE@E.com Idioma = en
2019-03-15 21:31:35.971 INFO  ContenidoServiceTest.testFavoritos:67 - Found 1 results.
2019-03-15 21:31:35.972 INFO  ContenidoServiceTest.testFavoritos:69 - Page [1 - 1] : 
2019-03-15 21:31:35.986 INFO  ContenidoServiceTest.testFavoritos:71 - Result 1: com.david.training.model.Contenido@3faf2e7d[idContenido=102,titulo=DRAGON BALL,restriccionEdad=TP,portada=URL,fechaLanzamiento=2018-12-10,descripcionBreve=,precio=5.0,precioDescontado=0.75,duracion=90,idDescuento=1,tipoContenido=SER,porcentaje=15]
2019-03-15 22:04:57.672 INFO  ContenidoServiceTest.testFindAll:20 - Testing findAll ...
2019-03-15 22:04:58.495 INFO  ContenidoServiceTest.testFindAll:29 - Found 13 results.
2019-03-15 22:04:58.496 INFO  ContenidoServiceTest.testFindAll:31 - Page [1 - 2] : 
2019-03-15 22:04:58.510 INFO  ContenidoServiceTest.testFindAll:33 - Result 1: com.david.training.model.Categoria@545de5a4[idCategoria=1,nombreCategoria=SUSPENSE]
2019-03-15 22:04:58.511 INFO  ContenidoServiceTest.testFindAll:33 - Result 2: com.david.training.model.Categoria@569bf9eb[idCategoria=2,nombreCategoria=CRIMEN]
2019-03-15 22:04:58.527 INFO  ContenidoServiceTest.testFindAll:29 - Found 13 results.
2019-03-15 22:04:58.527 INFO  ContenidoServiceTest.testFindAll:31 - Page [3 - 4] : 
2019-03-15 22:04:58.527 INFO  ContenidoServiceTest.testFindAll:33 - Result 3: com.david.training.model.Categoria@76ba13c[idCategoria=3,nombreCategoria=COMEDIA]
2019-03-15 22:04:58.528 INFO  ContenidoServiceTest.testFindAll:33 - Result 4: com.david.training.model.Categoria@eb6449b[idCategoria=4,nombreCategoria=THRILLER]
2019-03-15 22:04:58.543 INFO  ContenidoServiceTest.testFindAll:29 - Found 13 results.
2019-03-15 22:04:58.544 INFO  ContenidoServiceTest.testFindAll:31 - Page [5 - 6] : 
2019-03-15 22:04:58.544 INFO  ContenidoServiceTest.testFindAll:33 - Result 5: com.david.training.model.Categoria@42b64ab8[idCategoria=5,nombreCategoria=GANSTERS]
2019-03-15 22:04:58.544 INFO  ContenidoServiceTest.testFindAll:33 - Result 6: com.david.training.model.Categoria@7e985ce9[idCategoria=6,nombreCategoria=DRAMA]
2019-03-15 22:04:58.560 INFO  ContenidoServiceTest.testFindAll:29 - Found 13 results.
2019-03-15 22:04:58.561 INFO  ContenidoServiceTest.testFindAll:31 - Page [7 - 8] : 
2019-03-15 22:04:58.561 INFO  ContenidoServiceTest.testFindAll:33 - Result 7: com.david.training.model.Categoria@319988b0[idCategoria=7,nombreCategoria=ACCION]
2019-03-15 22:04:58.562 INFO  ContenidoServiceTest.testFindAll:33 - Result 8: com.david.training.model.Categoria@d5ae57e[idCategoria=8,nombreCategoria=BELICO]
2019-03-15 22:04:58.575 INFO  ContenidoServiceTest.testFindAll:29 - Found 13 results.
2019-03-15 22:04:58.575 INFO  ContenidoServiceTest.testFindAll:31 - Page [9 - 10] : 
2019-03-15 22:04:58.576 INFO  ContenidoServiceTest.testFindAll:33 - Result 9: com.david.training.model.Categoria@305f031[idCategoria=9,nombreCategoria=WESTERN]
2019-03-15 22:04:58.576 INFO  ContenidoServiceTest.testFindAll:33 - Result 10: com.david.training.model.Categoria@592e843a[idCategoria=10,nombreCategoria=MISTERIO]
2019-03-15 22:04:58.588 INFO  ContenidoServiceTest.testFindAll:29 - Found 13 results.
2019-03-15 22:04:58.589 INFO  ContenidoServiceTest.testFindAll:31 - Page [11 - 12] : 
2019-03-15 22:04:58.589 INFO  ContenidoServiceTest.testFindAll:33 - Result 11: com.david.training.model.Categoria@6e16b8b5[idCategoria=11,nombreCategoria=CIENCIA FICCION]
2019-03-15 22:04:58.590 INFO  ContenidoServiceTest.testFindAll:33 - Result 12: com.david.training.model.Categoria@43b4fe19[idCategoria=12,nombreCategoria=ANIMACION]
2019-03-15 22:04:58.600 INFO  ContenidoServiceTest.testFindAll:29 - Found 13 results.
2019-03-15 22:04:58.600 INFO  ContenidoServiceTest.testFindAll:31 - Page [13 - 13] : 
2019-03-15 22:04:58.601 INFO  ContenidoServiceTest.testFindAll:33 - Result 13: com.david.training.model.Categoria@4ebea12c[idCategoria=13,nombreCategoria=POLITICA]
2019-03-15 22:04:58.601 INFO  ContenidoServiceTest.testFindAll:44 - Test testFindAll finished.

2019-03-15 22:05:22.527 INFO  ContenidoServiceTest.testFindAll:20 - Testing findAll ...
2019-03-15 22:05:23.437 ERROR ContenidoServiceTest.testFindAll:42 - null
com.david.training.exceptions.DataException: null
	at com.david.training.dao.util.JDBCUtils.closeConnection(JDBCUtils.java:126) ~[bin/:?]
	at com.david.training.service.impl.PaisServiceImpl.findAll(PaisServiceImpl.java:37) ~[bin/:?]
	at com.david.training.service.PaisServiceTest.testFindAll(PaisServiceTest.java:28) [bin/:?]
	at com.david.training.service.PaisServiceTest.main(PaisServiceTest.java:49) [bin/:?]
Caused by: java.sql.SQLException: Can''t call commit when autocommit=true
	at com.mysql.cj.jdbc.exceptions.SQLError.createSQLException(SQLError.java:67) ~[mysql-connector-java-8.0.13.jar:8.0.13]
	at com.mysql.cj.jdbc.ConnectionImpl.commit(ConnectionImpl.java:793) ~[mysql-connector-java-8.0.13.jar:8.0.13]
	at com.david.training.dao.util.JDBCUtils.closeConnection(JDBCUtils.java:119) ~[bin/:?]
	... 3 more
2019-03-15 22:05:23.444 INFO  ContenidoServiceTest.testFindAll:44 - Test testFindAll finished.

2019-03-15 22:05:42.973 INFO  ContenidoServiceTest.testFindAll:20 - Testing findAll ...
2019-03-15 22:05:43.834 INFO  ContenidoServiceTest.testFindAll:29 - Found 10 results.
2019-03-15 22:05:43.834 INFO  ContenidoServiceTest.testFindAll:31 - Page [1 - 2] : 
2019-03-15 22:05:43.847 INFO  ContenidoServiceTest.testFindAll:33 - Result 1: com.david.training.model.Pais@7813cb11[idPais=1,nombrePais=ESTADOS UNIDOS,capitalPais=WASHINGTON DC]
2019-03-15 22:05:43.847 INFO  ContenidoServiceTest.testFindAll:33 - Result 2: com.david.training.model.Pais@29ef6856[idPais=2,nombrePais=ESPAÑA,capitalPais=MADRID]
2019-03-15 22:05:43.864 INFO  ContenidoServiceTest.testFindAll:29 - Found 10 results.
2019-03-15 22:05:43.864 INFO  ContenidoServiceTest.testFindAll:31 - Page [3 - 4] : 
2019-03-15 22:05:43.864 INFO  ContenidoServiceTest.testFindAll:33 - Result 3: com.david.training.model.Pais@4648ce9[idPais=3,nombrePais=JAPON,capitalPais=TOKYO]
2019-03-15 22:05:43.864 INFO  ContenidoServiceTest.testFindAll:33 - Result 4: com.david.training.model.Pais@569bf9eb[idPais=4,nombrePais=PORTUGAL,capitalPais=LISBOA]
2019-03-15 22:05:43.879 INFO  ContenidoServiceTest.testFindAll:29 - Found 10 results.
2019-03-15 22:05:43.880 INFO  ContenidoServiceTest.testFindAll:31 - Page [5 - 6] : 
2019-03-15 22:05:43.880 INFO  ContenidoServiceTest.testFindAll:33 - Result 5: com.david.training.model.Pais@76ba13c[idPais=5,nombrePais=REINO UNIDO,capitalPais=LONDON]
2019-03-15 22:05:43.880 INFO  ContenidoServiceTest.testFindAll:33 - Result 6: com.david.training.model.Pais@eb6449b[idPais=6,nombrePais=FRANCIA,capitalPais=PARIS]
2019-03-15 22:05:43.898 INFO  ContenidoServiceTest.testFindAll:29 - Found 10 results.
2019-03-15 22:05:43.898 INFO  ContenidoServiceTest.testFindAll:31 - Page [7 - 8] : 
2019-03-15 22:05:43.899 INFO  ContenidoServiceTest.testFindAll:33 - Result 7: com.david.training.model.Pais@42b64ab8[idPais=7,nombrePais=ITALIA,capitalPais=ROMA]
2019-03-15 22:05:43.899 INFO  ContenidoServiceTest.testFindAll:33 - Result 8: com.david.training.model.Pais@7e985ce9[idPais=8,nombrePais=ARGENTINA,capitalPais=BUENOS AIRES]
2019-03-15 22:05:43.916 INFO  ContenidoServiceTest.testFindAll:29 - Found 10 results.
2019-03-15 22:05:43.916 INFO  ContenidoServiceTest.testFindAll:31 - Page [9 - 10] : 
2019-03-15 22:05:43.917 INFO  ContenidoServiceTest.testFindAll:33 - Result 9: com.david.training.model.Pais@319988b0[idPais=9,nombrePais=EGIPTO,capitalPais=EL CAIRO]
2019-03-15 22:05:43.917 INFO  ContenidoServiceTest.testFindAll:33 - Result 10: com.david.training.model.Pais@d5ae57e[idPais=10,nombrePais=CHINA,capitalPais=BEIIJING]
2019-03-15 22:05:43.932 INFO  ContenidoServiceTest.testFindAll:29 - Found 10 results.
2019-03-15 22:05:43.933 INFO  ContenidoServiceTest.testFindAll:44 - Test testFindAll finished.

2019-03-15 22:44:11.221 INFO  ContenidoServiceTest.testFindAll:20 - Testing findAll ...
2019-03-15 22:44:12.002 INFO  ContenidoServiceTest.testFindAll:29 - Found 13 results.
2019-03-15 22:44:12.003 INFO  ContenidoServiceTest.testFindAll:31 - Page [1 - 2] : 
2019-03-15 22:44:12.015 INFO  ContenidoServiceTest.testFindAll:33 - Result 1: com.david.training.model.Categoria@545de5a4[idCategoria=1,nombreCategoria=SUSPENSE]
2019-03-15 22:44:12.016 INFO  ContenidoServiceTest.testFindAll:33 - Result 2: com.david.training.model.Categoria@569bf9eb[idCategoria=2,nombreCategoria=CRIMEN]
2019-03-15 22:44:12.034 INFO  ContenidoServiceTest.testFindAll:29 - Found 13 results.
2019-03-15 22:44:12.034 INFO  ContenidoServiceTest.testFindAll:31 - Page [3 - 4] : 
2019-03-15 22:44:12.035 INFO  ContenidoServiceTest.testFindAll:33 - Result 3: com.david.training.model.Categoria@76ba13c[idCategoria=3,nombreCategoria=COMEDIA]
2019-03-15 22:44:12.035 INFO  ContenidoServiceTest.testFindAll:33 - Result 4: com.david.training.model.Categoria@eb6449b[idCategoria=4,nombreCategoria=THRILLER]
2019-03-15 22:44:12.052 INFO  ContenidoServiceTest.testFindAll:29 - Found 13 results.
2019-03-15 22:44:12.053 INFO  ContenidoServiceTest.testFindAll:31 - Page [5 - 6] : 
2019-03-15 22:44:12.053 INFO  ContenidoServiceTest.testFindAll:33 - Result 5: com.david.training.model.Categoria@42b64ab8[idCategoria=5,nombreCategoria=GANSTERS]
2019-03-15 22:44:12.054 INFO  ContenidoServiceTest.testFindAll:33 - Result 6: com.david.training.model.Categoria@7e985ce9[idCategoria=6,nombreCategoria=DRAMA]
2019-03-15 22:44:12.070 INFO  ContenidoServiceTest.testFindAll:29 - Found 13 results.
2019-03-15 22:44:12.071 INFO  ContenidoServiceTest.testFindAll:31 - Page [7 - 8] : 
2019-03-15 22:44:12.071 INFO  ContenidoServiceTest.testFindAll:33 - Result 7: com.david.training.model.Categoria@319988b0[idCategoria=7,nombreCategoria=ACCION]
2019-03-15 22:44:12.071 INFO  ContenidoServiceTest.testFindAll:33 - Result 8: com.david.training.model.Categoria@d5ae57e[idCategoria=8,nombreCategoria=BELICO]
2019-03-15 22:44:12.086 INFO  ContenidoServiceTest.testFindAll:29 - Found 13 results.
2019-03-15 22:44:12.086 INFO  ContenidoServiceTest.testFindAll:31 - Page [9 - 10] : 
2019-03-15 22:44:12.086 INFO  ContenidoServiceTest.testFindAll:33 - Result 9: com.david.training.model.Categoria@305f031[idCategoria=9,nombreCategoria=WESTERN]
2019-03-15 22:44:12.087 INFO  ContenidoServiceTest.testFindAll:33 - Result 10: com.david.training.model.Categoria@592e843a[idCategoria=10,nombreCategoria=MISTERIO]
2019-03-15 22:44:12.101 INFO  ContenidoServiceTest.testFindAll:29 - Found 13 results.
2019-03-15 22:44:12.102 INFO  ContenidoServiceTest.testFindAll:31 - Page [11 - 12] : 
2019-03-15 22:44:12.102 INFO  ContenidoServiceTest.testFindAll:33 - Result 11: com.david.training.model.Categoria@6e16b8b5[idCategoria=11,nombreCategoria=CIENCIA FICCION]
2019-03-15 22:44:12.102 INFO  ContenidoServiceTest.testFindAll:33 - Result 12: com.david.training.model.Categoria@43b4fe19[idCategoria=12,nombreCategoria=ANIMACION]
2019-03-15 22:44:12.117 INFO  ContenidoServiceTest.testFindAll:29 - Found 13 results.
2019-03-15 22:44:12.117 INFO  ContenidoServiceTest.testFindAll:31 - Page [13 - 13] : 
2019-03-15 22:44:12.117 INFO  ContenidoServiceTest.testFindAll:33 - Result 13: com.david.training.model.Categoria@4ebea12c[idCategoria=13,nombreCategoria=POLITICA]
2019-03-15 22:44:12.117 INFO  ContenidoServiceTest.testFindAll:44 - Test testFindAll finished.

2019-03-15 22:44:52.133 INFO  ContenidoServiceTest.testFindAll:20 - Testing findAll ...
2019-03-15 22:44:52.970 INFO  ContenidoServiceTest.testFindAll:29 - Found 3 results.
2019-03-15 22:44:52.970 INFO  ContenidoServiceTest.testFindAll:31 - Page [1 - 3] : 
2019-03-15 22:44:52.985 INFO  ContenidoServiceTest.testFindAll:33 - Result 1: com.david.training.model.TipoContenido@3a320ade[idTipoContenido=DOC,nombreContenido=DOCUMENTAL]
2019-03-15 22:44:52.991 INFO  ContenidoServiceTest.testFindAll:33 - Result 2: com.david.training.model.TipoContenido@32f0fba8[idTipoContenido=PEL,nombreContenido=PELICULA]
2019-03-15 22:44:52.992 INFO  ContenidoServiceTest.testFindAll:33 - Result 3: com.david.training.model.TipoContenido@545de5a4[idTipoContenido=SER,nombreContenido=SERIE]
2019-03-15 22:44:53.012 INFO  ContenidoServiceTest.testFindAll:29 - Found 3 results.
2019-03-15 22:44:53.012 INFO  ContenidoServiceTest.testFindAll:44 - Test testFindAll finished.

2019-03-15 23:52:12.047 INFO  ContenidoServiceTest.testHistorial:24 - Testing findAll ...
2019-03-15 23:52:12.738 DEBUG PedidoDAOImpl.findByUsuario:102 - Email = AA@A.COM, StartIndex = 1, Count = 2
2019-03-15 23:52:12.782 INFO  ContenidoServiceTest.testHistorial:33 - Found 3 results.
2019-03-15 23:52:12.785 INFO  ContenidoServiceTest.testHistorial:35 - Page [1 - 2] : 
2019-03-15 23:52:12.793 INFO  ContenidoServiceTest.testHistorial:37 - Result 1: com.david.training.model.Pedido@76ba13c[idPedido=1,fechaPedido=2010-01-01,precioTotal=10.47,email=AA@A.COM,lineas=[]]
2019-03-15 23:52:12.793 INFO  ContenidoServiceTest.testHistorial:37 - Result 2: com.david.training.model.Pedido@7e985ce9[idPedido=2,fechaPedido=2011-01-01,precioTotal=0.99,email=AA@A.COM,lineas=[]]
2019-03-15 23:52:12.803 DEBUG PedidoDAOImpl.findByUsuario:102 - Email = AA@A.COM, StartIndex = 3, Count = 2
2019-03-15 23:52:12.806 INFO  ContenidoServiceTest.testHistorial:33 - Found 3 results.
2019-03-15 23:52:12.806 INFO  ContenidoServiceTest.testHistorial:35 - Page [3 - 3] : 
2019-03-15 23:52:12.806 INFO  ContenidoServiceTest.testHistorial:37 - Result 3: com.david.training.model.Pedido@319988b0[idPedido=3,fechaPedido=2012-01-01,precioTotal=12.98,email=AA@A.COM,lineas=[]]
2019-03-15 23:52:12.806 INFO  ContenidoServiceTest.testHistorial:46 - Test testFindAll finished.

2019-03-15 23:53:11.445 INFO  ContenidoServiceTest.testHistorial:24 - Testing findAll ...
2019-03-15 23:53:12.112 DEBUG PedidoDAOImpl.findByUsuario:102 - Email = AA@A.COM, StartIndex = 1, Count = 2
2019-03-15 23:53:12.146 WARN  PedidoDAOImpl.findByUsuario:138 - You have an error in your SQL syntax; check the manual that corresponds to your MySQL server version for the right syntax to use near 'DES' at line 1
java.sql.SQLSyntaxErrorException: You have an error in your SQL syntax; check the manual that corresponds to your MySQL server version for the right syntax to use near 'DES' at line 1
	at com.mysql.cj.jdbc.exceptions.SQLError.createSQLException(SQLError.java:120) ~[mysql-connector-java-8.0.13.jar:8.0.13]
	at com.mysql.cj.jdbc.exceptions.SQLError.createSQLException(SQLError.java:97) ~[mysql-connector-java-8.0.13.jar:8.0.13]
	at com.mysql.cj.jdbc.exceptions.SQLExceptionsMapping.translateException(SQLExceptionsMapping.java:122) ~[mysql-connector-java-8.0.13.jar:8.0.13]
	at com.mysql.cj.jdbc.ClientPreparedStatement.executeInternal(ClientPreparedStatement.java:974) ~[mysql-connector-java-8.0.13.jar:8.0.13]
	at com.mysql.cj.jdbc.ClientPreparedStatement.executeQuery(ClientPreparedStatement.java:1024) ~[mysql-connector-java-8.0.13.jar:8.0.13]
	at com.david.training.dao.impl.PedidoDAOImpl.findByUsuario(PedidoDAOImpl.java:118) [bin/:?]
	at com.david.training.service.impl.PedidoServiceImpl.historial(PedidoServiceImpl.java:47) [bin/:?]
	at com.david.training.service.PedidoServiceTest.testHistorial(PedidoServiceTest.java:32) [bin/:?]
	at com.david.training.service.PedidoServiceTest.main(PedidoServiceTest.java:67) [bin/:?]
2019-03-15 23:53:12.162 ERROR ContenidoServiceTest.testHistorial:44 - null
com.david.training.exceptions.DataException: null
	at com.david.training.dao.impl.PedidoDAOImpl.findByUsuario(PedidoDAOImpl.java:139) ~[bin/:?]
	at com.david.training.service.impl.PedidoServiceImpl.historial(PedidoServiceImpl.java:47) ~[bin/:?]
	at com.david.training.service.PedidoServiceTest.testHistorial(PedidoServiceTest.java:32) [bin/:?]
	at com.david.training.service.PedidoServiceTest.main(PedidoServiceTest.java:67) [bin/:?]
Caused by: java.sql.SQLSyntaxErrorException: You have an error in your SQL syntax; check the manual that corresponds to your MySQL server version for the right syntax to use near 'DES' at line 1
	at com.mysql.cj.jdbc.exceptions.SQLError.createSQLException(SQLError.java:120) ~[mysql-connector-java-8.0.13.jar:8.0.13]
	at com.mysql.cj.jdbc.exceptions.SQLError.createSQLException(SQLError.java:97) ~[mysql-connector-java-8.0.13.jar:8.0.13]
	at com.mysql.cj.jdbc.exceptions.SQLExceptionsMapping.translateException(SQLExceptionsMapping.java:122) ~[mysql-connector-java-8.0.13.jar:8.0.13]
	at com.mysql.cj.jdbc.ClientPreparedStatement.executeInternal(ClientPreparedStatement.java:974) ~[mysql-connector-java-8.0.13.jar:8.0.13]
	at com.mysql.cj.jdbc.ClientPreparedStatement.executeQuery(ClientPreparedStatement.java:1024) ~[mysql-connector-java-8.0.13.jar:8.0.13]
	at com.david.training.dao.impl.PedidoDAOImpl.findByUsuario(PedidoDAOImpl.java:118) ~[bin/:?]
	... 3 more
2019-03-15 23:53:12.163 INFO  ContenidoServiceTest.testHistorial:46 - Test testFindAll finished.

2019-03-15 23:53:33.545 INFO  ContenidoServiceTest.testHistorial:24 - Testing findAll ...
2019-03-15 23:53:34.181 DEBUG PedidoDAOImpl.findByUsuario:102 - Email = AA@A.COM, StartIndex = 1, Count = 2
2019-03-15 23:53:34.213 INFO  ContenidoServiceTest.testHistorial:33 - Found 3 results.
2019-03-15 23:53:34.216 INFO  ContenidoServiceTest.testHistorial:35 - Page [1 - 2] : 
2019-03-15 23:53:34.224 INFO  ContenidoServiceTest.testHistorial:37 - Result 1: com.david.training.model.Pedido@274872f8[idPedido=3,fechaPedido=2012-01-01,precioTotal=12.98,email=AA@A.COM,lineas=[]]
2019-03-15 23:53:34.224 INFO  ContenidoServiceTest.testHistorial:37 - Result 2: com.david.training.model.Pedido@42b64ab8[idPedido=2,fechaPedido=2011-01-01,precioTotal=0.99,email=AA@A.COM,lineas=[]]
2019-03-15 23:53:34.235 DEBUG PedidoDAOImpl.findByUsuario:102 - Email = AA@A.COM, StartIndex = 3, Count = 2
2019-03-15 23:53:34.239 INFO  ContenidoServiceTest.testHistorial:33 - Found 3 results.
2019-03-15 23:53:34.239 INFO  ContenidoServiceTest.testHistorial:35 - Page [3 - 3] : 
2019-03-15 23:53:34.239 INFO  ContenidoServiceTest.testHistorial:37 - Result 3: com.david.training.model.Pedido@410ae9a3[idPedido=1,fechaPedido=2010-01-01,precioTotal=10.47,email=AA@A.COM,lineas=[]]
2019-03-15 23:53:34.240 INFO  ContenidoServiceTest.testHistorial:46 - Test testFindAll finished.

2019-03-15 23:54:56.885 INFO  ContenidoServiceTest.testFindAll:20 - Testing findAll ...
2019-03-15 23:54:57.542 INFO  ContenidoServiceTest.testFindAll:29 - Found 13 results.
2019-03-15 23:54:57.542 INFO  ContenidoServiceTest.testFindAll:31 - Page [1 - 2] : 
2019-03-15 23:54:57.550 INFO  ContenidoServiceTest.testFindAll:33 - Result 1: com.david.training.model.Categoria@7813cb11[idCategoria=7,nombreCategoria=ACCION]
2019-03-15 23:54:57.550 INFO  ContenidoServiceTest.testFindAll:33 - Result 2: com.david.training.model.Categoria@29ef6856[idCategoria=12,nombreCategoria=ANIMACION]
2019-03-15 23:54:57.561 INFO  ContenidoServiceTest.testFindAll:29 - Found 13 results.
2019-03-15 23:54:57.561 INFO  ContenidoServiceTest.testFindAll:31 - Page [3 - 4] : 
2019-03-15 23:54:57.561 INFO  ContenidoServiceTest.testFindAll:33 - Result 3: com.david.training.model.Categoria@4648ce9[idCategoria=8,nombreCategoria=BELICO]
2019-03-15 23:54:57.562 INFO  ContenidoServiceTest.testFindAll:33 - Result 4: com.david.training.model.Categoria@569bf9eb[idCategoria=11,nombreCategoria=CIENCIA FICCION]
2019-03-15 23:54:57.573 INFO  ContenidoServiceTest.testFindAll:29 - Found 13 results.
2019-03-15 23:54:57.573 INFO  ContenidoServiceTest.testFindAll:31 - Page [5 - 6] : 
2019-03-15 23:54:57.573 INFO  ContenidoServiceTest.testFindAll:33 - Result 5: com.david.training.model.Categoria@76ba13c[idCategoria=3,nombreCategoria=COMEDIA]
2019-03-15 23:54:57.573 INFO  ContenidoServiceTest.testFindAll:33 - Result 6: com.david.training.model.Categoria@eb6449b[idCategoria=2,nombreCategoria=CRIMEN]
2019-03-15 23:54:57.583 INFO  ContenidoServiceTest.testFindAll:29 - Found 13 results.
2019-03-15 23:54:57.583 INFO  ContenidoServiceTest.testFindAll:31 - Page [7 - 8] : 
2019-03-15 23:54:57.583 INFO  ContenidoServiceTest.testFindAll:33 - Result 7: com.david.training.model.Categoria@42b64ab8[idCategoria=6,nombreCategoria=DRAMA]
2019-03-15 23:54:57.583 INFO  ContenidoServiceTest.testFindAll:33 - Result 8: com.david.training.model.Categoria@7e985ce9[idCategoria=5,nombreCategoria=GANSTERS]
2019-03-15 23:54:57.594 INFO  ContenidoServiceTest.testFindAll:29 - Found 13 results.
2019-03-15 23:54:57.594 INFO  ContenidoServiceTest.testFindAll:31 - Page [9 - 10] : 
2019-03-15 23:54:57.594 INFO  ContenidoServiceTest.testFindAll:33 - Result 9: com.david.training.model.Categoria@319988b0[idCategoria=10,nombreCategoria=MISTERIO]
2019-03-15 23:54:57.594 INFO  ContenidoServiceTest.testFindAll:33 - Result 10: com.david.training.model.Categoria@d5ae57e[idCategoria=13,nombreCategoria=POLITICA]
2019-03-15 23:54:57.604 INFO  ContenidoServiceTest.testFindAll:29 - Found 13 results.
2019-03-15 23:54:57.604 INFO  ContenidoServiceTest.testFindAll:31 - Page [11 - 12] : 
2019-03-15 23:54:57.604 INFO  ContenidoServiceTest.testFindAll:33 - Result 11: com.david.training.model.Categoria@305f031[idCategoria=1,nombreCategoria=SUSPENSE]
2019-03-15 23:54:57.604 INFO  ContenidoServiceTest.testFindAll:33 - Result 12: com.david.training.model.Categoria@592e843a[idCategoria=4,nombreCategoria=THRILLER]
2019-03-15 23:54:57.614 INFO  ContenidoServiceTest.testFindAll:29 - Found 13 results.
2019-03-15 23:54:57.614 INFO  ContenidoServiceTest.testFindAll:31 - Page [13 - 13] : 
2019-03-15 23:54:57.614 INFO  ContenidoServiceTest.testFindAll:33 - Result 13: com.david.training.model.Categoria@6e16b8b5[idCategoria=9,nombreCategoria=WESTERN]
2019-03-15 23:54:57.614 INFO  ContenidoServiceTest.testFindAll:44 - Test testFindAll finished.

2019-03-15 23:55:59.180 INFO  ContenidoServiceTest.testFavoritos:56 - Testing favoritos ...
2019-03-15 23:55:59.806 DEBUG ContenidoDAOImpl.findFavoritos:482 - Email = EE@E.com Idioma = en
2019-03-15 23:55:59.841 INFO  ContenidoServiceTest.testFavoritos:67 - Found 1 results.
2019-03-15 23:55:59.842 INFO  ContenidoServiceTest.testFavoritos:69 - Page [1 - 1] : 
2019-03-15 23:55:59.850 INFO  ContenidoServiceTest.testFavoritos:71 - Result 1: com.david.training.model.Contenido@3faf2e7d[idContenido=102,titulo=DRAGON BALL,restriccionEdad=TP,portada=URL,fechaLanzamiento=2018-12-10,descripcionBreve=,precio=5.0,precioDescontado=0.75,duracion=90,idDescuento=1,tipoContenido=SER,porcentaje=15]
2019-03-15 23:56:19.113 INFO  ContenidoServiceTest.testMiLista:29 - Testing miLista ...
2019-03-15 23:56:19.752 DEBUG ContenidoDAOImpl.findLista:431 - Email = aa@a.com Idioma = en
2019-03-15 23:56:19.786 INFO  ContenidoServiceTest.testMiLista:39 - Found 6 results.
2019-03-15 23:56:19.786 INFO  ContenidoServiceTest.testMiLista:41 - Page [1 - 5] : 
2019-03-15 23:56:19.793 INFO  ContenidoServiceTest.testMiLista:43 - Result 1: com.david.training.model.Contenido@3faf2e7d[idContenido=8,titulo=DJANGO UNCHAINED,restriccionEdad=TP,portada=URL,fechaLanzamiento=2018-12-10,descripcionBreve=,precio=3.0,precioDescontado=0.75,duracion=90,idDescuento=8,tipoContenido=PEL,porcentaje=5]
2019-03-15 23:56:19.794 INFO  ContenidoServiceTest.testMiLista:43 - Result 2: com.david.training.model.Contenido@76ba13c[idContenido=101,titulo=STRANGER THINGS,restriccionEdad=12+,portada=URL,fechaLanzamiento=2018-12-10,descripcionBreve=,precio=5.0,precioDescontado=0.0,duracion=90,idDescuento=4,tipoContenido=SER,porcentaje=25]
2019-03-15 23:56:19.794 INFO  ContenidoServiceTest.testMiLista:43 - Result 3: com.david.training.model.Contenido@eb6449b[idContenido=201,titulo=VOX: FREEFALLING,restriccionEdad=18+,portada=URL,fechaLanzamiento=2018-12-10,descripcionBreve=,precio=1.0,precioDescontado=0.0,duracion=90,idDescuento=5,tipoContenido=DOC,porcentaje=30]
2019-03-15 23:56:19.794 INFO  ContenidoServiceTest.testMiLista:43 - Result 4: com.david.training.model.Contenido@7c351808[idContenido=1,titulo=RESERVOIR DOGS,restriccionEdad=16+,portada=URL,fechaLanzamiento=2018-12-10,descripcionBreve=,precio=3.0,precioDescontado=0.0,duracion=90,idDescuento=1,tipoContenido=PEL,porcentaje=15]
2019-03-15 23:56:19.795 INFO  ContenidoServiceTest.testMiLista:43 - Result 5: com.david.training.model.Contenido@180e6ac4[idContenido=2,titulo=PULP FICTION,restriccionEdad=16+,portada=URL,fechaLanzamiento=2018-12-10,descripcionBreve=,precio=3.0,precioDescontado=1.5,duracion=90,idDescuento=2,tipoContenido=PEL,porcentaje=50]
2019-03-15 23:56:19.805 DEBUG ContenidoDAOImpl.findLista:431 - Email = aa@a.com Idioma = en
2019-03-15 23:56:19.808 INFO  ContenidoServiceTest.testMiLista:39 - Found 6 results.
2019-03-15 23:56:19.808 INFO  ContenidoServiceTest.testMiLista:41 - Page [6 - 6] : 
2019-03-15 23:56:19.808 INFO  ContenidoServiceTest.testMiLista:43 - Result 6: com.david.training.model.Contenido@2a39fe6a[idContenido=3,titulo=JACKIE BROWN,restriccionEdad=16+,portada=URL,fechaLanzamiento=2018-12-10,descripcionBreve=,precio=3.0,precioDescontado=0.3,duracion=90,idDescuento=3,tipoContenido=PEL,porcentaje=10]
2019-03-15 23:56:19.808 INFO  ContenidoServiceTest.testMiLista:52 - Test testMiLista finished.

2019-03-15 23:58:25.554 INFO  ContenidoServiceTest.testMiLista:29 - Testing miLista ...
2019-03-15 23:58:26.178 DEBUG ContenidoDAOImpl.findLista:431 - Email = aa@a.com Idioma = en
2019-03-15 23:58:26.214 INFO  ContenidoServiceTest.testMiLista:39 - Found 6 results.
2019-03-15 23:58:26.215 INFO  ContenidoServiceTest.testMiLista:41 - Page [1 - 5] : 
2019-03-15 23:58:26.223 INFO  ContenidoServiceTest.testMiLista:43 - Result 1: com.david.training.model.Contenido@3faf2e7d[idContenido=8,titulo=DJANGO UNCHAINED,restriccionEdad=TP,portada=URL,fechaLanzamiento=2018-12-10,descripcionBreve=,precio=3.0,precioDescontado=0.75,duracion=90,idDescuento=8,tipoContenido=PEL,porcentaje=5]
2019-03-15 23:58:26.223 INFO  ContenidoServiceTest.testMiLista:43 - Result 2: com.david.training.model.Contenido@76ba13c[idContenido=101,titulo=STRANGER THINGS,restriccionEdad=12+,portada=URL,fechaLanzamiento=2018-12-10,descripcionBreve=,precio=5.0,precioDescontado=0.0,duracion=90,idDescuento=4,tipoContenido=SER,porcentaje=25]
2019-03-15 23:58:26.223 INFO  ContenidoServiceTest.testMiLista:43 - Result 3: com.david.training.model.Contenido@eb6449b[idContenido=201,titulo=VOX: FREEFALLING,restriccionEdad=18+,portada=URL,fechaLanzamiento=2018-12-10,descripcionBreve=,precio=1.0,precioDescontado=0.0,duracion=90,idDescuento=5,tipoContenido=DOC,porcentaje=30]
2019-03-15 23:58:26.224 INFO  ContenidoServiceTest.testMiLista:43 - Result 4: com.david.training.model.Contenido@7c351808[idContenido=1,titulo=RESERVOIR DOGS,restriccionEdad=16+,portada=URL,fechaLanzamiento=2018-12-10,descripcionBreve=,precio=3.0,precioDescontado=0.0,duracion=90,idDescuento=1,tipoContenido=PEL,porcentaje=15]
2019-03-15 23:58:26.224 INFO  ContenidoServiceTest.testMiLista:43 - Result 5: com.david.training.model.Contenido@180e6ac4[idContenido=2,titulo=PULP FICTION,restriccionEdad=16+,portada=URL,fechaLanzamiento=2018-12-10,descripcionBreve=,precio=3.0,precioDescontado=1.5,duracion=90,idDescuento=2,tipoContenido=PEL,porcentaje=50]
2019-03-15 23:58:26.237 DEBUG ContenidoDAOImpl.findLista:431 - Email = aa@a.com Idioma = en
2019-03-15 23:58:26.242 INFO  ContenidoServiceTest.testMiLista:39 - Found 6 results.
2019-03-15 23:58:26.243 INFO  ContenidoServiceTest.testMiLista:41 - Page [6 - 6] : 
2019-03-15 23:58:26.243 INFO  ContenidoServiceTest.testMiLista:43 - Result 6: com.david.training.model.Contenido@2a39fe6a[idContenido=3,titulo=JACKIE BROWN,restriccionEdad=16+,portada=URL,fechaLanzamiento=2018-12-10,descripcionBreve=,precio=3.0,precioDescontado=0.3,duracion=90,idDescuento=3,tipoContenido=PEL,porcentaje=10]
2019-03-15 23:58:26.243 INFO  ContenidoServiceTest.testMiLista:52 - Test testMiLista finished.

