2019-11-11 23:21:00.390 INFO  ContenidoServiceTest.testFindAllByRebajas:179 - Testing findAllByRebajas ...
2019-11-11 23:21:00.390 INFO  ContenidoServiceTest.testFindAllByRebajas:179 - Testing findAllByRebajas ...
2019-11-11 23:36:58.009 INFO  ContenidoServiceTest.testFindAllByRebajas:179 - Testing findAllByRebajas ...
2019-11-11 23:36:58.009 INFO  ContenidoServiceTest.testFindAllByRebajas:179 - Testing findAllByRebajas ...
2019-11-11 23:36:58.975 DEBUG ContenidoDAOImpl.findAllByRebajas:591 - Idioma = en
2019-11-11 23:36:58.975 DEBUG ContenidoDAOImpl.findAllByRebajas:591 - Idioma = en
2019-11-11 23:36:59.018 INFO  ContenidoServiceTest.testFindAllByRebajas:189 - Found  results.
2019-11-11 23:36:59.018 INFO  ContenidoServiceTest.testFindAllByRebajas:189 - Found  results.
2019-11-11 23:36:59.035 INFO  ContenidoServiceTest.testFindAllByRebajas:192 - Result 1: com.david.training.model.Contenido@47542153[idContenido=2,titulo=PULP FICTION,restriccionEdad=16+,portada=https://images-na.ssl-images-amazon.com/images/I/81UTs3sC5hL._SL1500_.jpg,fechaLanzamiento=2018-12-10,descripcionBreve=,precio=3.0,precioDescontado=1.5,duracion=90,idDescuento=2,tipoContenido=PEL,porcentaje=50,fechaPedido=<null>,artistasRoles=[]]
2019-11-11 23:36:59.035 INFO  ContenidoServiceTest.testFindAllByRebajas:192 - Result 1: com.david.training.model.Contenido@47542153[idContenido=2,titulo=PULP FICTION,restriccionEdad=16+,portada=https://images-na.ssl-images-amazon.com/images/I/81UTs3sC5hL._SL1500_.jpg,fechaLanzamiento=2018-12-10,descripcionBreve=,precio=3.0,precioDescontado=1.5,duracion=90,idDescuento=2,tipoContenido=PEL,porcentaje=50,fechaPedido=<null>,artistasRoles=[]]
2019-11-11 23:36:59.035 INFO  ContenidoServiceTest.testFindAllByRebajas:192 - Result 2: com.david.training.model.Contenido@45b9a632[idContenido=9,titulo=THE HATEFUL EIGHT,restriccionEdad=16+,portada=https://i.pinimg.com/originals/e4/63/75/e46375f0b278b2626c89e3d0b018bdd9.jpg,fechaLanzamiento=2018-12-10,descripcionBreve=,precio=3.0,precioDescontado=1.5,duracion=90,idDescuento=2,tipoContenido=PEL,porcentaje=50,fechaPedido=<null>,artistasRoles=[]]
2019-11-11 23:36:59.035 INFO  ContenidoServiceTest.testFindAllByRebajas:192 - Result 2: com.david.training.model.Contenido@45b9a632[idContenido=9,titulo=THE HATEFUL EIGHT,restriccionEdad=16+,portada=https://i.pinimg.com/originals/e4/63/75/e46375f0b278b2626c89e3d0b018bdd9.jpg,fechaLanzamiento=2018-12-10,descripcionBreve=,precio=3.0,precioDescontado=1.5,duracion=90,idDescuento=2,tipoContenido=PEL,porcentaje=50,fechaPedido=<null>,artistasRoles=[]]
2019-11-11 23:36:59.036 INFO  ContenidoServiceTest.testFindAllByRebajas:192 - Result 3: com.david.training.model.Contenido@25d250c6[idContenido=101,titulo=STRANGER THINGS,restriccionEdad=12+,portada=https://image.tmdb.org/t/p/original/w11o86GIqTSV9LTIuFu9AQMcSvd.jpg,fechaLanzamiento=2018-12-10,descripcionBreve=,precio=5.0,precioDescontado=1.25,duracion=90,idDescuento=4,tipoContenido=SER,porcentaje=25,fechaPedido=<null>,artistasRoles=[]]
2019-11-11 23:36:59.036 INFO  ContenidoServiceTest.testFindAllByRebajas:192 - Result 3: com.david.training.model.Contenido@25d250c6[idContenido=101,titulo=STRANGER THINGS,restriccionEdad=12+,portada=https://image.tmdb.org/t/p/original/w11o86GIqTSV9LTIuFu9AQMcSvd.jpg,fechaLanzamiento=2018-12-10,descripcionBreve=,precio=5.0,precioDescontado=1.25,duracion=90,idDescuento=4,tipoContenido=SER,porcentaje=25,fechaPedido=<null>,artistasRoles=[]]
2019-11-11 23:36:59.036 INFO  ContenidoServiceTest.testFindAllByRebajas:192 - Result 4: com.david.training.model.Contenido@4df50bcc[idContenido=5,titulo=KILL BILL VOL 2,restriccionEdad=18+,portada=https://images-na.ssl-images-amazon.com/images/I/51woD9CESJL._SY445_.jpg,fechaLanzamiento=2018-12-11,descripcionBreve=Bill, the Brides former lover, the father of her child, and the leader of the Deadly Viper Assassination Squad, arrives unexpectedly and orders the Deadly Vipers to kill everyone at the wedding. ,precio=3.0,precioDescontado=0.9,duracion=90,idDescuento=5,tipoContenido=PEL,porcentaje=30,fechaPedido=<null>,artistasRoles=[]]
2019-11-11 23:36:59.036 INFO  ContenidoServiceTest.testFindAllByRebajas:192 - Result 4: com.david.training.model.Contenido@4df50bcc[idContenido=5,titulo=KILL BILL VOL 2,restriccionEdad=18+,portada=https://images-na.ssl-images-amazon.com/images/I/51woD9CESJL._SY445_.jpg,fechaLanzamiento=2018-12-11,descripcionBreve=Bill, the Brides former lover, the father of her child, and the leader of the Deadly Viper Assassination Squad, arrives unexpectedly and orders the Deadly Vipers to kill everyone at the wedding. ,precio=3.0,precioDescontado=0.9,duracion=90,idDescuento=5,tipoContenido=PEL,porcentaje=30,fechaPedido=<null>,artistasRoles=[]]
2019-11-11 23:39:59.577 INFO  ContenidoServiceTest.testFindAllByRebajas:179 - Testing findAllByRebajas ...
2019-11-11 23:39:59.577 INFO  ContenidoServiceTest.testFindAllByRebajas:179 - Testing findAllByRebajas ...
2019-11-11 23:40:00.581 DEBUG ContenidoDAOImpl.findAllByRebajas:591 - Idioma = en
2019-11-11 23:40:00.581 DEBUG ContenidoDAOImpl.findAllByRebajas:591 - Idioma = en
2019-11-11 23:40:00.628 INFO  ContenidoServiceTest.testFindAllByRebajas:189 - Found 16 results.
2019-11-11 23:40:00.628 INFO  ContenidoServiceTest.testFindAllByRebajas:189 - Found 16 results.
2019-11-11 23:40:00.628 INFO  ContenidoServiceTest.testFindAllByRebajas:191 - Page [1 - 4] : 
2019-11-11 23:40:00.628 INFO  ContenidoServiceTest.testFindAllByRebajas:191 - Page [1 - 4] : 
2019-11-11 23:40:00.637 INFO  ContenidoServiceTest.testFindAllByRebajas:193 - Result 1: com.david.training.model.Contenido@47542153[idContenido=2,titulo=PULP FICTION,restriccionEdad=16+,portada=https://images-na.ssl-images-amazon.com/images/I/81UTs3sC5hL._SL1500_.jpg,fechaLanzamiento=2018-12-10,descripcionBreve=,precio=3.0,precioDescontado=1.5,duracion=90,idDescuento=2,tipoContenido=PEL,porcentaje=50,fechaPedido=<null>,artistasRoles=[]]
2019-11-11 23:40:00.637 INFO  ContenidoServiceTest.testFindAllByRebajas:193 - Result 1: com.david.training.model.Contenido@47542153[idContenido=2,titulo=PULP FICTION,restriccionEdad=16+,portada=https://images-na.ssl-images-amazon.com/images/I/81UTs3sC5hL._SL1500_.jpg,fechaLanzamiento=2018-12-10,descripcionBreve=,precio=3.0,precioDescontado=1.5,duracion=90,idDescuento=2,tipoContenido=PEL,porcentaje=50,fechaPedido=<null>,artistasRoles=[]]
2019-11-11 23:40:00.638 INFO  ContenidoServiceTest.testFindAllByRebajas:193 - Result 2: com.david.training.model.Contenido@45b9a632[idContenido=9,titulo=THE HATEFUL EIGHT,restriccionEdad=16+,portada=https://i.pinimg.com/originals/e4/63/75/e46375f0b278b2626c89e3d0b018bdd9.jpg,fechaLanzamiento=2018-12-10,descripcionBreve=,precio=3.0,precioDescontado=1.5,duracion=90,idDescuento=2,tipoContenido=PEL,porcentaje=50,fechaPedido=<null>,artistasRoles=[]]
2019-11-11 23:40:00.638 INFO  ContenidoServiceTest.testFindAllByRebajas:193 - Result 2: com.david.training.model.Contenido@45b9a632[idContenido=9,titulo=THE HATEFUL EIGHT,restriccionEdad=16+,portada=https://i.pinimg.com/originals/e4/63/75/e46375f0b278b2626c89e3d0b018bdd9.jpg,fechaLanzamiento=2018-12-10,descripcionBreve=,precio=3.0,precioDescontado=1.5,duracion=90,idDescuento=2,tipoContenido=PEL,porcentaje=50,fechaPedido=<null>,artistasRoles=[]]
2019-11-11 23:40:00.639 INFO  ContenidoServiceTest.testFindAllByRebajas:193 - Result 3: com.david.training.model.Contenido@25d250c6[idContenido=101,titulo=STRANGER THINGS,restriccionEdad=12+,portada=https://image.tmdb.org/t/p/original/w11o86GIqTSV9LTIuFu9AQMcSvd.jpg,fechaLanzamiento=2018-12-10,descripcionBreve=,precio=5.0,precioDescontado=1.25,duracion=90,idDescuento=4,tipoContenido=SER,porcentaje=25,fechaPedido=<null>,artistasRoles=[]]
2019-11-11 23:40:00.639 INFO  ContenidoServiceTest.testFindAllByRebajas:193 - Result 3: com.david.training.model.Contenido@25d250c6[idContenido=101,titulo=STRANGER THINGS,restriccionEdad=12+,portada=https://image.tmdb.org/t/p/original/w11o86GIqTSV9LTIuFu9AQMcSvd.jpg,fechaLanzamiento=2018-12-10,descripcionBreve=,precio=5.0,precioDescontado=1.25,duracion=90,idDescuento=4,tipoContenido=SER,porcentaje=25,fechaPedido=<null>,artistasRoles=[]]
2019-11-11 23:40:00.640 INFO  ContenidoServiceTest.testFindAllByRebajas:193 - Result 4: com.david.training.model.Contenido@4df50bcc[idContenido=5,titulo=KILL BILL VOL 2,restriccionEdad=18+,portada=https://images-na.ssl-images-amazon.com/images/I/51woD9CESJL._SY445_.jpg,fechaLanzamiento=2018-12-11,descripcionBreve=Bill, the Brides former lover, the father of her child, and the leader of the Deadly Viper Assassination Squad, arrives unexpectedly and orders the Deadly Vipers to kill everyone at the wedding. ,precio=3.0,precioDescontado=0.9,duracion=90,idDescuento=5,tipoContenido=PEL,porcentaje=30,fechaPedido=<null>,artistasRoles=[]]
2019-11-11 23:40:00.640 INFO  ContenidoServiceTest.testFindAllByRebajas:193 - Result 4: com.david.training.model.Contenido@4df50bcc[idContenido=5,titulo=KILL BILL VOL 2,restriccionEdad=18+,portada=https://images-na.ssl-images-amazon.com/images/I/51woD9CESJL._SY445_.jpg,fechaLanzamiento=2018-12-11,descripcionBreve=Bill, the Brides former lover, the father of her child, and the leader of the Deadly Viper Assassination Squad, arrives unexpectedly and orders the Deadly Vipers to kill everyone at the wedding. ,precio=3.0,precioDescontado=0.9,duracion=90,idDescuento=5,tipoContenido=PEL,porcentaje=30,fechaPedido=<null>,artistasRoles=[]]
2019-11-11 23:40:00.641 DEBUG ContenidoDAOImpl.findAllByRebajas:591 - Idioma = en
2019-11-11 23:40:00.641 DEBUG ContenidoDAOImpl.findAllByRebajas:591 - Idioma = en
2019-11-11 23:40:00.645 INFO  ContenidoServiceTest.testFindAllByRebajas:189 - Found 16 results.
2019-11-11 23:40:00.645 INFO  ContenidoServiceTest.testFindAllByRebajas:189 - Found 16 results.
2019-11-11 23:40:00.646 INFO  ContenidoServiceTest.testFindAllByRebajas:191 - Page [5 - 8] : 
2019-11-11 23:40:00.646 INFO  ContenidoServiceTest.testFindAllByRebajas:191 - Page [5 - 8] : 
2019-11-11 23:40:00.646 INFO  ContenidoServiceTest.testFindAllByRebajas:193 - Result 5: com.david.training.model.Contenido@43301423[idContenido=4,titulo=KILL BILL VOL 1,restriccionEdad=16+,portada=https://i.pinimg.com/originals/ec/03/6f/ec036fda777280d0e1ea1067391157f7.jpg,fechaLanzamiento=2018-12-10,descripcionBreve=,precio=3.0,precioDescontado=0.75,duracion=90,idDescuento=4,tipoContenido=PEL,porcentaje=25,fechaPedido=<null>,artistasRoles=[]]
2019-11-11 23:40:00.646 INFO  ContenidoServiceTest.testFindAllByRebajas:193 - Result 5: com.david.training.model.Contenido@43301423[idContenido=4,titulo=KILL BILL VOL 1,restriccionEdad=16+,portada=https://i.pinimg.com/originals/ec/03/6f/ec036fda777280d0e1ea1067391157f7.jpg,fechaLanzamiento=2018-12-10,descripcionBreve=,precio=3.0,precioDescontado=0.75,duracion=90,idDescuento=4,tipoContenido=PEL,porcentaje=25,fechaPedido=<null>,artistasRoles=[]]
2019-11-11 23:40:00.647 INFO  ContenidoServiceTest.testFindAllByRebajas:193 - Result 6: com.david.training.model.Contenido@2f112965[idContenido=102,titulo=DRAGON BALL,restriccionEdad=TP,portada=https://images-na.ssl-images-amazon.com/images/I/71nPEiT0NHL.jpg,fechaLanzamiento=2018-12-10,descripcionBreve=,precio=5.0,precioDescontado=0.75,duracion=90,idDescuento=1,tipoContenido=SER,porcentaje=15,fechaPedido=<null>,artistasRoles=[]]
2019-11-11 23:40:00.647 INFO  ContenidoServiceTest.testFindAllByRebajas:193 - Result 6: com.david.training.model.Contenido@2f112965[idContenido=102,titulo=DRAGON BALL,restriccionEdad=TP,portada=https://images-na.ssl-images-amazon.com/images/I/71nPEiT0NHL.jpg,fechaLanzamiento=2018-12-10,descripcionBreve=,precio=5.0,precioDescontado=0.75,duracion=90,idDescuento=1,tipoContenido=SER,porcentaje=15,fechaPedido=<null>,artistasRoles=[]]
2019-11-11 23:40:00.647 INFO  ContenidoServiceTest.testFindAllByRebajas:193 - Result 7: com.david.training.model.Contenido@1a04f701[idContenido=103,titulo=RICK&MORTY,restriccionEdad=18+,portada=https://imagessl6.casadellibro.com/a/l/t0/96/9788467933796.jpg,fechaLanzamiento=2018-12-10,descripcionBreve=,precio=5.0,precioDescontado=0.75,duracion=90,idDescuento=1,tipoContenido=SER,porcentaje=15,fechaPedido=<null>,artistasRoles=[]]
2019-11-11 23:40:00.647 INFO  ContenidoServiceTest.testFindAllByRebajas:193 - Result 7: com.david.training.model.Contenido@1a04f701[idContenido=103,titulo=RICK&MORTY,restriccionEdad=18+,portada=https://imagessl6.casadellibro.com/a/l/t0/96/9788467933796.jpg,fechaLanzamiento=2018-12-10,descripcionBreve=,precio=5.0,precioDescontado=0.75,duracion=90,idDescuento=1,tipoContenido=SER,porcentaje=15,fechaPedido=<null>,artistasRoles=[]]
2019-11-11 23:40:00.648 INFO  ContenidoServiceTest.testFindAllByRebajas:193 - Result 8: com.david.training.model.Contenido@4e91d63f[idContenido=1,titulo=RESERVOIR DOGS,restriccionEdad=16+,portada=https://prod3.agileticketing.net/images/user/hwt_2204/Reservoir%20Dogs.jpg,fechaLanzamiento=2018-12-10,descripcionBreve=,precio=3.0,precioDescontado=0.45,duracion=90,idDescuento=1,tipoContenido=PEL,porcentaje=15,fechaPedido=<null>,artistasRoles=[]]
2019-11-11 23:40:00.648 INFO  ContenidoServiceTest.testFindAllByRebajas:193 - Result 8: com.david.training.model.Contenido@4e91d63f[idContenido=1,titulo=RESERVOIR DOGS,restriccionEdad=16+,portada=https://prod3.agileticketing.net/images/user/hwt_2204/Reservoir%20Dogs.jpg,fechaLanzamiento=2018-12-10,descripcionBreve=,precio=3.0,precioDescontado=0.45,duracion=90,idDescuento=1,tipoContenido=PEL,porcentaje=15,fechaPedido=<null>,artistasRoles=[]]
2019-11-11 23:40:00.648 DEBUG ContenidoDAOImpl.findAllByRebajas:591 - Idioma = en
2019-11-11 23:40:00.648 DEBUG ContenidoDAOImpl.findAllByRebajas:591 - Idioma = en
2019-11-11 23:40:00.651 INFO  ContenidoServiceTest.testFindAllByRebajas:189 - Found 16 results.
2019-11-11 23:40:00.651 INFO  ContenidoServiceTest.testFindAllByRebajas:189 - Found 16 results.
2019-11-11 23:40:00.652 INFO  ContenidoServiceTest.testFindAllByRebajas:191 - Page [9 - 12] : 
2019-11-11 23:40:00.652 INFO  ContenidoServiceTest.testFindAllByRebajas:191 - Page [9 - 12] : 
2019-11-11 23:40:00.652 INFO  ContenidoServiceTest.testFindAllByRebajas:193 - Result 9: com.david.training.model.Contenido@769e7ee8[idContenido=3,titulo=JACKIE BROWN,restriccionEdad=16+,portada=https://images-na.ssl-images-amazon.com/images/I/71RBSEo5iQL._RI_.jpg,fechaLanzamiento=2018-12-10,descripcionBreve=,precio=3.0,precioDescontado=0.3,duracion=90,idDescuento=3,tipoContenido=PEL,porcentaje=10,fechaPedido=<null>,artistasRoles=[]]
2019-11-11 23:40:00.652 INFO  ContenidoServiceTest.testFindAllByRebajas:193 - Result 9: com.david.training.model.Contenido@769e7ee8[idContenido=3,titulo=JACKIE BROWN,restriccionEdad=16+,portada=https://images-na.ssl-images-amazon.com/images/I/71RBSEo5iQL._RI_.jpg,fechaLanzamiento=2018-12-10,descripcionBreve=,precio=3.0,precioDescontado=0.3,duracion=90,idDescuento=3,tipoContenido=PEL,porcentaje=10,fechaPedido=<null>,artistasRoles=[]]
2019-11-11 23:40:00.653 INFO  ContenidoServiceTest.testFindAllByRebajas:193 - Result 10: com.david.training.model.Contenido@5276e6b0[idContenido=201,titulo=VOX: FREEFALLING,restriccionEdad=18+,portada=http://static-1.ivoox.com/audios/6/7/5/2/4371544992576_XXL.jpg,fechaLanzamiento=2018-12-10,descripcionBreve=,precio=1.0,precioDescontado=0.3,duracion=90,idDescuento=5,tipoContenido=DOC,porcentaje=30,fechaPedido=<null>,artistasRoles=[]]
2019-11-11 23:40:00.653 INFO  ContenidoServiceTest.testFindAllByRebajas:193 - Result 10: com.david.training.model.Contenido@5276e6b0[idContenido=201,titulo=VOX: FREEFALLING,restriccionEdad=18+,portada=http://static-1.ivoox.com/audios/6/7/5/2/4371544992576_XXL.jpg,fechaLanzamiento=2018-12-10,descripcionBreve=,precio=1.0,precioDescontado=0.3,duracion=90,idDescuento=5,tipoContenido=DOC,porcentaje=30,fechaPedido=<null>,artistasRoles=[]]
2019-11-11 23:40:00.654 INFO  ContenidoServiceTest.testFindAllByRebajas:193 - Result 11: com.david.training.model.Contenido@71b1176b[idContenido=6,titulo=DEATH PROOF,restriccionEdad=12+,portada=https://consequenceofsound.net/wp-content/uploads/2015/12/img1aw.jpg,fechaLanzamiento=2018-12-10,descripcionBreve=,precio=3.0,precioDescontado=0.15,duracion=90,idDescuento=6,tipoContenido=PEL,porcentaje=5,fechaPedido=<null>,artistasRoles=[]]
2019-11-11 23:40:00.654 INFO  ContenidoServiceTest.testFindAllByRebajas:193 - Result 11: com.david.training.model.Contenido@71b1176b[idContenido=6,titulo=DEATH PROOF,restriccionEdad=12+,portada=https://consequenceofsound.net/wp-content/uploads/2015/12/img1aw.jpg,fechaLanzamiento=2018-12-10,descripcionBreve=,precio=3.0,precioDescontado=0.15,duracion=90,idDescuento=6,tipoContenido=PEL,porcentaje=5,fechaPedido=<null>,artistasRoles=[]]
2019-11-11 23:40:00.654 INFO  ContenidoServiceTest.testFindAllByRebajas:193 - Result 12: com.david.training.model.Contenido@6193932a[idContenido=7,titulo=INGLOURIOUS BASTERDS,restriccionEdad=7+,portada=https://i.pinimg.com/originals/2d/9b/04/2d9b04a757b65060fb0fb81e3960d6d8.jpg,fechaLanzamiento=2018-12-10,descripcionBreve= Is a 2009 war film written and directed by Quentin Tarantino and starring Brad Pitt, Christoph Waltz, Michael Fassbender, Eli Roth, Diane Kruger, Til Schweiger, and Mélanie Laurent.,precio=3.0,precioDescontado=0.15,duracion=90,idDescuento=7,tipoContenido=PEL,porcentaje=5,fechaPedido=<null>,artistasRoles=[]]
2019-11-11 23:40:00.654 INFO  ContenidoServiceTest.testFindAllByRebajas:193 - Result 12: com.david.training.model.Contenido@6193932a[idContenido=7,titulo=INGLOURIOUS BASTERDS,restriccionEdad=7+,portada=https://i.pinimg.com/originals/2d/9b/04/2d9b04a757b65060fb0fb81e3960d6d8.jpg,fechaLanzamiento=2018-12-10,descripcionBreve= Is a 2009 war film written and directed by Quentin Tarantino and starring Brad Pitt, Christoph Waltz, Michael Fassbender, Eli Roth, Diane Kruger, Til Schweiger, and Mélanie Laurent.,precio=3.0,precioDescontado=0.15,duracion=90,idDescuento=7,tipoContenido=PEL,porcentaje=5,fechaPedido=<null>,artistasRoles=[]]
2019-11-11 23:40:00.656 DEBUG ContenidoDAOImpl.findAllByRebajas:591 - Idioma = en
2019-11-11 23:40:00.656 DEBUG ContenidoDAOImpl.findAllByRebajas:591 - Idioma = en
2019-11-11 23:40:00.659 INFO  ContenidoServiceTest.testFindAllByRebajas:189 - Found 16 results.
2019-11-11 23:40:00.659 INFO  ContenidoServiceTest.testFindAllByRebajas:189 - Found 16 results.
2019-11-11 23:40:00.660 INFO  ContenidoServiceTest.testFindAllByRebajas:191 - Page [13 - 16] : 
2019-11-11 23:40:00.660 INFO  ContenidoServiceTest.testFindAllByRebajas:191 - Page [13 - 16] : 
2019-11-11 23:40:00.660 INFO  ContenidoServiceTest.testFindAllByRebajas:193 - Result 13: com.david.training.model.Contenido@7c469c48[idContenido=8,titulo=DJANGO UNCHAINED,restriccionEdad=TP,portada=https://i.pinimg.com/originals/51/63/d3/5163d374585fe320784ee202e826e3b9.jpg,fechaLanzamiento=2018-12-10,descripcionBreve=,precio=3.0,precioDescontado=0.15,duracion=90,idDescuento=8,tipoContenido=PEL,porcentaje=5,fechaPedido=<null>,artistasRoles=[]]
2019-11-11 23:40:00.660 INFO  ContenidoServiceTest.testFindAllByRebajas:193 - Result 13: com.david.training.model.Contenido@7c469c48[idContenido=8,titulo=DJANGO UNCHAINED,restriccionEdad=TP,portada=https://i.pinimg.com/originals/51/63/d3/5163d374585fe320784ee202e826e3b9.jpg,fechaLanzamiento=2018-12-10,descripcionBreve=,precio=3.0,precioDescontado=0.15,duracion=90,idDescuento=8,tipoContenido=PEL,porcentaje=5,fechaPedido=<null>,artistasRoles=[]]
2019-11-11 23:40:00.661 INFO  ContenidoServiceTest.testFindAllByRebajas:193 - Result 14: com.david.training.model.Contenido@12e61fe6[idContenido=10,titulo=THE DEATH WISH,restriccionEdad=16+,portada=https://www.dvdsreleasedates.com/posters/800/D/Death-Wish-2017-movie-poster.jpg,fechaLanzamiento=2019-04-21,descripcionBreve=Death Wish is a 2018 American vigilante action thriller film. It is the sixth installment of the Death Wish series and a remake of the 1974 film of the same name starring Charles Bronson, based on Brian Garfields 1972 novel.,precio=1.99,precioDescontado=0.1,duracion=104,idDescuento=7,tipoContenido=PEL,porcentaje=5,fechaPedido=<null>,artistasRoles=[]]
2019-11-11 23:40:00.661 INFO  ContenidoServiceTest.testFindAllByRebajas:193 - Result 14: com.david.training.model.Contenido@12e61fe6[idContenido=10,titulo=THE DEATH WISH,restriccionEdad=16+,portada=https://www.dvdsreleasedates.com/posters/800/D/Death-Wish-2017-movie-poster.jpg,fechaLanzamiento=2019-04-21,descripcionBreve=Death Wish is a 2018 American vigilante action thriller film. It is the sixth installment of the Death Wish series and a remake of the 1974 film of the same name starring Charles Bronson, based on Brian Garfields 1972 novel.,precio=1.99,precioDescontado=0.1,duracion=104,idDescuento=7,tipoContenido=PEL,porcentaje=5,fechaPedido=<null>,artistasRoles=[]]
2019-11-11 23:40:00.666 INFO  ContenidoServiceTest.testFindAllByRebajas:193 - Result 15: com.david.training.model.Contenido@7ee955a8[idContenido=104,titulo=Money Heist,restriccionEdad=16+,portada=http://kayoustore.com/wp-content/uploads/2018/06/WEB-6.jpg,fechaLanzamiento=2019-05-14,descripcionBreve=,precio=4.99,precioDescontado=0.0,duracion=2,idDescuento=11,tipoContenido=SER,porcentaje=0,fechaPedido=<null>,artistasRoles=[]]
2019-11-11 23:40:00.666 INFO  ContenidoServiceTest.testFindAllByRebajas:193 - Result 15: com.david.training.model.Contenido@7ee955a8[idContenido=104,titulo=Money Heist,restriccionEdad=16+,portada=http://kayoustore.com/wp-content/uploads/2018/06/WEB-6.jpg,fechaLanzamiento=2019-05-14,descripcionBreve=,precio=4.99,precioDescontado=0.0,duracion=2,idDescuento=11,tipoContenido=SER,porcentaje=0,fechaPedido=<null>,artistasRoles=[]]
2019-11-11 23:40:00.666 INFO  ContenidoServiceTest.testFindAllByRebajas:193 - Result 16: com.david.training.model.Contenido@1677d1[idContenido=105,titulo=Elite,restriccionEdad=12+,portada=http://es.web.img2.acsta.net/pictures/18/09/11/09/24/3649571.jpg,fechaLanzamiento=2019-05-15,descripcionBreve=When three working-class teens enroll in an exclusive private school in Spain, the clash between them and the wealthy students leads to murder.,precio=1.99,precioDescontado=0.0,duracion=1,idDescuento=11,tipoContenido=SER,porcentaje=0,fechaPedido=<null>,artistasRoles=[]]
2019-11-11 23:40:00.666 INFO  ContenidoServiceTest.testFindAllByRebajas:193 - Result 16: com.david.training.model.Contenido@1677d1[idContenido=105,titulo=Elite,restriccionEdad=12+,portada=http://es.web.img2.acsta.net/pictures/18/09/11/09/24/3649571.jpg,fechaLanzamiento=2019-05-15,descripcionBreve=When three working-class teens enroll in an exclusive private school in Spain, the clash between them and the wealthy students leads to murder.,precio=1.99,precioDescontado=0.0,duracion=1,idDescuento=11,tipoContenido=SER,porcentaje=0,fechaPedido=<null>,artistasRoles=[]]
2019-11-11 23:40:00.667 DEBUG ContenidoDAOImpl.findAllByRebajas:591 - Idioma = en
2019-11-11 23:40:00.667 DEBUG ContenidoDAOImpl.findAllByRebajas:591 - Idioma = en
2019-11-11 23:40:00.670 INFO  ContenidoServiceTest.testFindAllByRebajas:189 - Found 16 results.
2019-11-11 23:40:00.670 INFO  ContenidoServiceTest.testFindAllByRebajas:189 - Found 16 results.
