2019-04-03 11:04:54.019 INFO  ContenidoServiceTest.testBusquedaEstructurada:102 - Testing Busqueda Estructurada ...
2019-04-03 11:04:56.441 DEBUG ContenidoDAOImpl.findByCriteria:190 - Producto = com.david.training.model.ProductoCriteria@63611043[categoria=[],pais=[],a=<null>,idContenido=<null>,titulo=,restriccionEdad=<null>,portada=<null>,fechaLanzamiento=<null>,descripcionBreve=<null>,precio=<null>,precioDescontado=<null>,duracion=<null>,idDescuento=<null>,tipoContenido=<null>,porcentaje=<null>,fechaPedido=<null>] Idioma = es
2019-04-03 11:04:56.616 INFO  ContenidoServiceTest.testBusquedaEstructurada:132 - Found 13 results.
2019-04-03 11:04:56.617 INFO  ContenidoServiceTest.testBusquedaEstructurada:134 - Page [1 - 3] : 
2019-04-03 11:04:56.619 INFO  ContenidoServiceTest.testBusquedaEstructurada:136 - Result 1: com.david.training.model.Contenido@21337f7b[idContenido=5,titulo=KILL BILL VOL 2,restriccionEdad=18+,portada=URL,fechaLanzamiento=2018-12-11,descripcionBreve=,precio=3.0,precioDescontado=0.0,duracion=90,idDescuento=5,tipoContenido=PEL,porcentaje=30,fechaPedido=<null>]
2019-04-03 11:04:56.620 INFO  ContenidoServiceTest.testBusquedaEstructurada:136 - Result 2: com.david.training.model.Contenido@2bb3058[idContenido=1,titulo=RESERVOIR DOGS,restriccionEdad=16+,portada=URL,fechaLanzamiento=2018-12-10,descripcionBreve=,precio=3.0,precioDescontado=0.0,duracion=90,idDescuento=1,tipoContenido=PEL,porcentaje=15,fechaPedido=<null>]
2019-04-03 11:04:56.621 INFO  ContenidoServiceTest.testBusquedaEstructurada:136 - Result 3: com.david.training.model.Contenido@7a362b6b[idContenido=2,titulo=PULP FICTION,restriccionEdad=16+,portada=URL,fechaLanzamiento=2018-12-10,descripcionBreve=,precio=3.0,precioDescontado=1.5,duracion=90,idDescuento=2,tipoContenido=PEL,porcentaje=50,fechaPedido=<null>]
2019-04-03 11:04:56.623 DEBUG ContenidoDAOImpl.findByCriteria:190 - Producto = com.david.training.model.ProductoCriteria@63611043[categoria=[],pais=[],a=<null>,idContenido=<null>,titulo=,restriccionEdad=<null>,portada=<null>,fechaLanzamiento=<null>,descripcionBreve=<null>,precio=<null>,precioDescontado=<null>,duracion=<null>,idDescuento=<null>,tipoContenido=<null>,porcentaje=<null>,fechaPedido=<null>] Idioma = es
2019-04-03 11:04:56.630 INFO  ContenidoServiceTest.testBusquedaEstructurada:132 - Found 13 results.
2019-04-03 11:04:56.630 INFO  ContenidoServiceTest.testBusquedaEstructurada:134 - Page [4 - 6] : 
2019-04-03 11:04:56.631 INFO  ContenidoServiceTest.testBusquedaEstructurada:136 - Result 4: com.david.training.model.Contenido@1c93f6e1[idContenido=3,titulo=JACKIE BROWN,restriccionEdad=16+,portada=URL,fechaLanzamiento=2018-12-10,descripcionBreve=,precio=3.0,precioDescontado=0.3,duracion=90,idDescuento=3,tipoContenido=PEL,porcentaje=10,fechaPedido=<null>]
2019-04-03 11:04:56.631 INFO  ContenidoServiceTest.testBusquedaEstructurada:136 - Result 5: com.david.training.model.Contenido@1800a575[idContenido=4,titulo=KILL BILL VOL 1,restriccionEdad=16+,portada=URL,fechaLanzamiento=2018-12-10,descripcionBreve=,precio=3.0,precioDescontado=0.0,duracion=90,idDescuento=4,tipoContenido=PEL,porcentaje=25,fechaPedido=<null>]
2019-04-03 11:04:56.632 INFO  ContenidoServiceTest.testBusquedaEstructurada:136 - Result 6: com.david.training.model.Contenido@1458ed9c[idContenido=6,titulo=DEATH PROOF,restriccionEdad=12+,portada=URL,fechaLanzamiento=2018-12-10,descripcionBreve=,precio=3.0,precioDescontado=0.0,duracion=90,idDescuento=6,tipoContenido=PEL,porcentaje=5,fechaPedido=<null>]
2019-04-03 11:04:56.634 DEBUG ContenidoDAOImpl.findByCriteria:190 - Producto = com.david.training.model.ProductoCriteria@63611043[categoria=[],pais=[],a=<null>,idContenido=<null>,titulo=,restriccionEdad=<null>,portada=<null>,fechaLanzamiento=<null>,descripcionBreve=<null>,precio=<null>,precioDescontado=<null>,duracion=<null>,idDescuento=<null>,tipoContenido=<null>,porcentaje=<null>,fechaPedido=<null>] Idioma = es
2019-04-03 11:04:56.641 INFO  ContenidoServiceTest.testBusquedaEstructurada:132 - Found 13 results.
2019-04-03 11:04:56.642 INFO  ContenidoServiceTest.testBusquedaEstructurada:134 - Page [7 - 9] : 
2019-04-03 11:04:56.643 INFO  ContenidoServiceTest.testBusquedaEstructurada:136 - Result 7: com.david.training.model.Contenido@2fd953a6[idContenido=7,titulo=MALDITOS BASTARDOS,restriccionEdad=7+,portada=URL,fechaLanzamiento=2018-12-10,descripcionBreve= Película del año 2009 escrita y dirigida por Quentin Tarantino y protagonizada por Brad Pitt, Christoph Waltz y Mélanie Laurent.,precio=3.0,precioDescontado=0.0,duracion=90,idDescuento=7,tipoContenido=PEL,porcentaje=5,fechaPedido=<null>]
2019-04-03 11:04:56.644 INFO  ContenidoServiceTest.testBusquedaEstructurada:136 - Result 8: com.david.training.model.Contenido@a4add54[idContenido=8,titulo=DJANGO DESENCADENADO,restriccionEdad=TP,portada=URL,fechaLanzamiento=2018-12-10,descripcionBreve=,precio=3.0,precioDescontado=0.75,duracion=90,idDescuento=8,tipoContenido=PEL,porcentaje=5,fechaPedido=<null>]
2019-04-03 11:04:56.645 INFO  ContenidoServiceTest.testBusquedaEstructurada:136 - Result 9: com.david.training.model.Contenido@141e5bef[idContenido=9,titulo=LOS ODIOSOS OCHO,restriccionEdad=16+,portada=URL,fechaLanzamiento=2018-12-10,descripcionBreve=,precio=3.0,precioDescontado=0.0,duracion=90,idDescuento=2,tipoContenido=PEL,porcentaje=50,fechaPedido=<null>]
2019-04-03 11:04:56.646 DEBUG ContenidoDAOImpl.findByCriteria:190 - Producto = com.david.training.model.ProductoCriteria@63611043[categoria=[],pais=[],a=<null>,idContenido=<null>,titulo=,restriccionEdad=<null>,portada=<null>,fechaLanzamiento=<null>,descripcionBreve=<null>,precio=<null>,precioDescontado=<null>,duracion=<null>,idDescuento=<null>,tipoContenido=<null>,porcentaje=<null>,fechaPedido=<null>] Idioma = es
2019-04-03 11:04:56.653 INFO  ContenidoServiceTest.testBusquedaEstructurada:132 - Found 13 results.
2019-04-03 11:04:56.653 INFO  ContenidoServiceTest.testBusquedaEstructurada:134 - Page [10 - 12] : 
2019-04-03 11:04:56.654 INFO  ContenidoServiceTest.testBusquedaEstructurada:136 - Result 10: com.david.training.model.Contenido@3adcc812[idContenido=101,titulo=STRANGER THINGS,restriccionEdad=12+,portada=URL,fechaLanzamiento=2018-12-10,descripcionBreve=,precio=5.0,precioDescontado=0.0,duracion=90,idDescuento=4,tipoContenido=SER,porcentaje=25,fechaPedido=<null>]
2019-04-03 11:04:56.654 INFO  ContenidoServiceTest.testBusquedaEstructurada:136 - Result 11: com.david.training.model.Contenido@35432107[idContenido=102,titulo=DRAGON BALL,restriccionEdad=TP,portada=URL,fechaLanzamiento=2018-12-10,descripcionBreve=,precio=5.0,precioDescontado=0.75,duracion=90,idDescuento=1,tipoContenido=SER,porcentaje=15,fechaPedido=<null>]
2019-04-03 11:04:56.655 INFO  ContenidoServiceTest.testBusquedaEstructurada:136 - Result 12: com.david.training.model.Contenido@7b420819[idContenido=103,titulo=RICK&MORTY,restriccionEdad=18+,portada=URL,fechaLanzamiento=2018-12-10,descripcionBreve=,precio=5.0,precioDescontado=0.0,duracion=90,idDescuento=1,tipoContenido=SER,porcentaje=15,fechaPedido=<null>]
2019-04-03 11:04:56.656 DEBUG ContenidoDAOImpl.findByCriteria:190 - Producto = com.david.training.model.ProductoCriteria@63611043[categoria=[],pais=[],a=<null>,idContenido=<null>,titulo=,restriccionEdad=<null>,portada=<null>,fechaLanzamiento=<null>,descripcionBreve=<null>,precio=<null>,precioDescontado=<null>,duracion=<null>,idDescuento=<null>,tipoContenido=<null>,porcentaje=<null>,fechaPedido=<null>] Idioma = es
2019-04-03 11:04:56.662 INFO  ContenidoServiceTest.testBusquedaEstructurada:132 - Found 13 results.
2019-04-03 11:04:56.663 INFO  ContenidoServiceTest.testBusquedaEstructurada:134 - Page [13 - 13] : 
2019-04-03 11:04:56.663 INFO  ContenidoServiceTest.testBusquedaEstructurada:136 - Result 13: com.david.training.model.Contenido@5d066c7d[idContenido=201,titulo=VOX: LA DECADENCIA,restriccionEdad=18+,portada=URL,fechaLanzamiento=2018-12-10,descripcionBreve=,precio=1.0,precioDescontado=0.0,duracion=90,idDescuento=5,tipoContenido=DOC,porcentaje=30,fechaPedido=<null>]
2019-04-03 11:04:56.664 INFO  ContenidoServiceTest.testBusquedaEstructurada:145 - Test testBusquedaEstructurada finished.

