2019-04-24 10:49:55.119 DEBUG ContenidoDAOImpl.findPorId:37 - Id = 10 
2019-04-24 10:49:55.181 DEBUG ContenidoDAOImpl.update:393 - Contenido = com.david.training.model.Contenido@45b9a632[idContenido=102,titulo=<null>,restriccionEdad=<null>,portada=<null>,fechaLanzamiento=<null>,descripcionBreve=<null>,precio=<null>,precioDescontado=0.09949999999999999,duracion=<null>,idDescuento=<null>,tipoContenido=<null>,porcentaje=<null>,fechaPedido=<null>]
2019-04-24 11:09:21.431 DEBUG ContenidoDAOImpl.findPorId:37 - Id = 10 
2019-04-24 11:09:21.507 DEBUG ContenidoDAOImpl.findPorId:37 - Id = 10 
2019-04-24 11:09:21.523 DEBUG ContenidoDAOImpl.update:393 - Contenido = com.david.training.model.Contenido@56a6d5a6[idContenido=10,titulo=THE DEATH WISH,restriccionEdad=16+,portada=URL,fechaLanzamiento=2019-04-21,descripcionBreve=,precio=1.99,precioDescontado=0.09949999999999999,duracion=104,idDescuento=7,tipoContenido=PEL,porcentaje=5,fechaPedido=<null>]
2019-04-24 11:12:08.634 DEBUG ContenidoDAOImpl.findPorId:37 - Id = 5 
2019-04-24 11:12:08.713 DEBUG ContenidoDAOImpl.update:393 - Contenido = com.david.training.model.Contenido@7a67e3c6[idContenido=5,titulo=KILL BILL VOL 2,restriccionEdad=18+,portada=URL,fechaLanzamiento=2018-12-11,descripcionBreve=,precio=3.0,precioDescontado=0.9,duracion=90,idDescuento=5,tipoContenido=PEL,porcentaje=30,fechaPedido=<null>]
2019-04-24 11:14:13.033 DEBUG ContenidoDAOImpl.findPorId:37 - Id = 5 
2019-04-24 11:14:13.094 DEBUG ContenidoDAOImpl.update:393 - Contenido = com.david.training.model.Contenido@5c2375a9[idContenido=5,titulo=<null>,restriccionEdad=<null>,portada=<null>,fechaLanzamiento=<null>,descripcionBreve=<null>,precio=<null>,precioDescontado=0.9,duracion=<null>,idDescuento=<null>,tipoContenido=<null>,porcentaje=<null>,fechaPedido=<null>]
2019-04-24 11:18:06.415 DEBUG ContenidoDAOImpl.findPorId:37 - Id = 5 
2019-04-24 11:18:06.471 DEBUG ContenidoDAOImpl.update:393 - Contenido = com.david.training.model.Contenido@5c2375a9[idContenido=5,titulo=<null>,restriccionEdad=<null>,portada=<null>,fechaLanzamiento=<null>,descripcionBreve=<null>,precio=<null>,precioDescontado=0.9,duracion=<null>,idDescuento=<null>,tipoContenido=<null>,porcentaje=<null>,fechaPedido=<null>]
2019-04-24 11:18:06.482 DEBUG ContenidoDAOImpl.findPorId:37 - Id = 5 
2019-04-24 11:18:06.486 DEBUG ContenidoDAOImpl.update:393 - Contenido = com.david.training.model.Contenido@74589991[idContenido=5,titulo=<null>,restriccionEdad=<null>,portada=<null>,fechaLanzamiento=<null>,descripcionBreve=<null>,precio=<null>,precioDescontado=0.9,duracion=<null>,idDescuento=<null>,tipoContenido=<null>,porcentaje=<null>,fechaPedido=<null>]
2019-04-24 11:18:06.488 DEBUG ContenidoDAOImpl.findPorId:37 - Id = 5 
2019-04-24 11:18:06.491 DEBUG ContenidoDAOImpl.update:393 - Contenido = com.david.training.model.Contenido@1046d517[idContenido=5,titulo=<null>,restriccionEdad=<null>,portada=<null>,fechaLanzamiento=<null>,descripcionBreve=<null>,precio=<null>,precioDescontado=0.9,duracion=<null>,idDescuento=<null>,tipoContenido=<null>,porcentaje=<null>,fechaPedido=<null>]
2019-04-24 11:18:06.493 DEBUG ContenidoDAOImpl.findPorId:37 - Id = 5 
2019-04-24 11:18:06.499 DEBUG ContenidoDAOImpl.update:393 - Contenido = com.david.training.model.Contenido@4ae9cfc1[idContenido=5,titulo=<null>,restriccionEdad=<null>,portada=<null>,fechaLanzamiento=<null>,descripcionBreve=<null>,precio=<null>,precioDescontado=0.9,duracion=<null>,idDescuento=<null>,tipoContenido=<null>,porcentaje=<null>,fechaPedido=<null>]
2019-04-24 11:18:06.502 DEBUG ContenidoDAOImpl.findPorId:37 - Id = 5 
2019-04-24 11:18:06.505 DEBUG ContenidoDAOImpl.update:393 - Contenido = com.david.training.model.Contenido@60856961[idContenido=5,titulo=<null>,restriccionEdad=<null>,portada=<null>,fechaLanzamiento=<null>,descripcionBreve=<null>,precio=<null>,precioDescontado=0.9,duracion=<null>,idDescuento=<null>,tipoContenido=<null>,porcentaje=<null>,fechaPedido=<null>]
2019-04-24 11:18:06.507 DEBUG ContenidoDAOImpl.findPorId:37 - Id = 5 
2019-04-24 11:18:06.510 DEBUG ContenidoDAOImpl.update:393 - Contenido = com.david.training.model.Contenido@35432107[idContenido=5,titulo=<null>,restriccionEdad=<null>,portada=<null>,fechaLanzamiento=<null>,descripcionBreve=<null>,precio=<null>,precioDescontado=0.9,duracion=<null>,idDescuento=<null>,tipoContenido=<null>,porcentaje=<null>,fechaPedido=<null>]
2019-04-24 11:18:06.513 DEBUG ContenidoDAOImpl.findPorId:37 - Id = 5 
2019-04-24 11:18:06.517 DEBUG ContenidoDAOImpl.update:393 - Contenido = com.david.training.model.Contenido@56928307[idContenido=5,titulo=<null>,restriccionEdad=<null>,portada=<null>,fechaLanzamiento=<null>,descripcionBreve=<null>,precio=<null>,precioDescontado=0.9,duracion=<null>,idDescuento=<null>,tipoContenido=<null>,porcentaje=<null>,fechaPedido=<null>]
2019-04-24 11:18:06.520 DEBUG ContenidoDAOImpl.findPorId:37 - Id = 5 
2019-04-24 11:18:06.524 DEBUG ContenidoDAOImpl.update:393 - Contenido = com.david.training.model.Contenido@13ad5cd3[idContenido=5,titulo=<null>,restriccionEdad=<null>,portada=<null>,fechaLanzamiento=<null>,descripcionBreve=<null>,precio=<null>,precioDescontado=0.9,duracion=<null>,idDescuento=<null>,tipoContenido=<null>,porcentaje=<null>,fechaPedido=<null>]
2019-04-24 11:18:06.527 DEBUG ContenidoDAOImpl.findPorId:37 - Id = 5 
2019-04-24 11:18:06.531 DEBUG ContenidoDAOImpl.update:393 - Contenido = com.david.training.model.Contenido@58326051[idContenido=5,titulo=<null>,restriccionEdad=<null>,portada=<null>,fechaLanzamiento=<null>,descripcionBreve=<null>,precio=<null>,precioDescontado=0.9,duracion=<null>,idDescuento=<null>,tipoContenido=<null>,porcentaje=<null>,fechaPedido=<null>]
2019-04-24 11:18:06.534 DEBUG ContenidoDAOImpl.findPorId:37 - Id = 5 
2019-04-24 11:18:06.537 DEBUG ContenidoDAOImpl.update:393 - Contenido = com.david.training.model.Contenido@63fbfaeb[idContenido=5,titulo=<null>,restriccionEdad=<null>,portada=<null>,fechaLanzamiento=<null>,descripcionBreve=<null>,precio=<null>,precioDescontado=0.9,duracion=<null>,idDescuento=<null>,tipoContenido=<null>,porcentaje=<null>,fechaPedido=<null>]
2019-04-24 11:18:06.540 DEBUG ContenidoDAOImpl.findPorId:37 - Id = 5 
2019-04-24 11:18:06.544 DEBUG ContenidoDAOImpl.update:393 - Contenido = com.david.training.model.Contenido@7f0d96f2[idContenido=5,titulo=<null>,restriccionEdad=<null>,portada=<null>,fechaLanzamiento=<null>,descripcionBreve=<null>,precio=<null>,precioDescontado=0.9,duracion=<null>,idDescuento=<null>,tipoContenido=<null>,porcentaje=<null>,fechaPedido=<null>]
2019-04-24 11:18:06.546 DEBUG ContenidoDAOImpl.findPorId:37 - Id = 5 
2019-04-24 11:18:06.549 DEBUG ContenidoDAOImpl.update:393 - Contenido = com.david.training.model.Contenido@58be6e8[idContenido=5,titulo=<null>,restriccionEdad=<null>,portada=<null>,fechaLanzamiento=<null>,descripcionBreve=<null>,precio=<null>,precioDescontado=0.9,duracion=<null>,idDescuento=<null>,tipoContenido=<null>,porcentaje=<null>,fechaPedido=<null>]
2019-04-24 11:18:06.551 DEBUG ContenidoDAOImpl.findPorId:37 - Id = 5 
2019-04-24 11:18:06.554 DEBUG ContenidoDAOImpl.update:393 - Contenido = com.david.training.model.Contenido@d62fe5b[idContenido=5,titulo=<null>,restriccionEdad=<null>,portada=<null>,fechaLanzamiento=<null>,descripcionBreve=<null>,precio=<null>,precioDescontado=0.9,duracion=<null>,idDescuento=<null>,tipoContenido=<null>,porcentaje=<null>,fechaPedido=<null>]
2019-04-24 11:18:06.557 DEBUG ContenidoDAOImpl.findPorId:37 - Id = 5 
2019-04-24 11:18:06.561 DEBUG ContenidoDAOImpl.update:393 - Contenido = com.david.training.model.Contenido@24ba9639[idContenido=5,titulo=<null>,restriccionEdad=<null>,portada=<null>,fechaLanzamiento=<null>,descripcionBreve=<null>,precio=<null>,precioDescontado=0.9,duracion=<null>,idDescuento=<null>,tipoContenido=<null>,porcentaje=<null>,fechaPedido=<null>]
2019-04-24 11:18:06.563 DEBUG ContenidoDAOImpl.findPorId:37 - Id = 5 
2019-04-24 11:18:06.565 DEBUG ContenidoDAOImpl.update:393 - Contenido = com.david.training.model.Contenido@4331d187[idContenido=5,titulo=<null>,restriccionEdad=<null>,portada=<null>,fechaLanzamiento=<null>,descripcionBreve=<null>,precio=<null>,precioDescontado=0.9,duracion=<null>,idDescuento=<null>,tipoContenido=<null>,porcentaje=<null>,fechaPedido=<null>]
2019-04-24 11:18:06.568 DEBUG ContenidoDAOImpl.findPorId:37 - Id = 5 
2019-04-24 11:18:06.571 DEBUG ContenidoDAOImpl.update:393 - Contenido = com.david.training.model.Contenido@1a20270e[idContenido=5,titulo=<null>,restriccionEdad=<null>,portada=<null>,fechaLanzamiento=<null>,descripcionBreve=<null>,precio=<null>,precioDescontado=0.9,duracion=<null>,idDescuento=<null>,tipoContenido=<null>,porcentaje=<null>,fechaPedido=<null>]
2019-04-24 11:18:06.574 DEBUG ContenidoDAOImpl.findPorId:37 - Id = 5 
2019-04-24 11:18:06.577 DEBUG ContenidoDAOImpl.update:393 - Contenido = com.david.training.model.Contenido@2766ca9d[idContenido=5,titulo=<null>,restriccionEdad=<null>,portada=<null>,fechaLanzamiento=<null>,descripcionBreve=<null>,precio=<null>,precioDescontado=0.9,duracion=<null>,idDescuento=<null>,tipoContenido=<null>,porcentaje=<null>,fechaPedido=<null>]
2019-04-24 11:18:06.579 DEBUG ContenidoDAOImpl.findPorId:37 - Id = 5 
2019-04-24 11:18:06.582 DEBUG ContenidoDAOImpl.update:393 - Contenido = com.david.training.model.Contenido@72437d8d[idContenido=5,titulo=<null>,restriccionEdad=<null>,portada=<null>,fechaLanzamiento=<null>,descripcionBreve=<null>,precio=<null>,precioDescontado=0.9,duracion=<null>,idDescuento=<null>,tipoContenido=<null>,porcentaje=<null>,fechaPedido=<null>]
2019-04-24 11:18:06.584 DEBUG ContenidoDAOImpl.findPorId:37 - Id = 5 
2019-04-24 11:18:06.588 DEBUG ContenidoDAOImpl.update:393 - Contenido = com.david.training.model.Contenido@31dadd46[idContenido=5,titulo=<null>,restriccionEdad=<null>,portada=<null>,fechaLanzamiento=<null>,descripcionBreve=<null>,precio=<null>,precioDescontado=0.9,duracion=<null>,idDescuento=<null>,tipoContenido=<null>,porcentaje=<null>,fechaPedido=<null>]
2019-04-24 11:18:06.590 DEBUG ContenidoDAOImpl.findPorId:37 - Id = 5 
2019-04-24 11:18:06.593 DEBUG ContenidoDAOImpl.update:393 - Contenido = com.david.training.model.Contenido@7f132176[idContenido=5,titulo=<null>,restriccionEdad=<null>,portada=<null>,fechaLanzamiento=<null>,descripcionBreve=<null>,precio=<null>,precioDescontado=0.9,duracion=<null>,idDescuento=<null>,tipoContenido=<null>,porcentaje=<null>,fechaPedido=<null>]
2019-04-24 11:18:06.595 DEBUG ContenidoDAOImpl.findPorId:37 - Id = 5 
2019-04-24 11:18:06.599 DEBUG ContenidoDAOImpl.update:393 - Contenido = com.david.training.model.Contenido@33308786[idContenido=5,titulo=<null>,restriccionEdad=<null>,portada=<null>,fechaLanzamiento=<null>,descripcionBreve=<null>,precio=<null>,precioDescontado=0.9,duracion=<null>,idDescuento=<null>,tipoContenido=<null>,porcentaje=<null>,fechaPedido=<null>]
2019-04-24 11:18:06.602 DEBUG ContenidoDAOImpl.findPorId:37 - Id = 5 
2019-04-24 11:18:06.605 DEBUG ContenidoDAOImpl.update:393 - Contenido = com.david.training.model.Contenido@34f22f9d[idContenido=5,titulo=<null>,restriccionEdad=<null>,portada=<null>,fechaLanzamiento=<null>,descripcionBreve=<null>,precio=<null>,precioDescontado=0.9,duracion=<null>,idDescuento=<null>,tipoContenido=<null>,porcentaje=<null>,fechaPedido=<null>]
2019-04-24 11:18:06.607 DEBUG ContenidoDAOImpl.findPorId:37 - Id = 5 
2019-04-24 11:18:06.611 DEBUG ContenidoDAOImpl.update:393 - Contenido = com.david.training.model.Contenido@535779e4[idContenido=5,titulo=<null>,restriccionEdad=<null>,portada=<null>,fechaLanzamiento=<null>,descripcionBreve=<null>,precio=<null>,precioDescontado=0.9,duracion=<null>,idDescuento=<null>,tipoContenido=<null>,porcentaje=<null>,fechaPedido=<null>]
2019-04-24 11:18:06.613 DEBUG ContenidoDAOImpl.findPorId:37 - Id = 5 
2019-04-24 11:18:06.620 DEBUG ContenidoDAOImpl.update:393 - Contenido = com.david.training.model.Contenido@7ca20101[idContenido=5,titulo=<null>,restriccionEdad=<null>,portada=<null>,fechaLanzamiento=<null>,descripcionBreve=<null>,precio=<null>,precioDescontado=0.9,duracion=<null>,idDescuento=<null>,tipoContenido=<null>,porcentaje=<null>,fechaPedido=<null>]
2019-04-24 11:18:06.623 DEBUG ContenidoDAOImpl.findPorId:37 - Id = 5 
2019-04-24 11:18:06.625 DEBUG ContenidoDAOImpl.update:393 - Contenido = com.david.training.model.Contenido@42bc14c1[idContenido=5,titulo=<null>,restriccionEdad=<null>,portada=<null>,fechaLanzamiento=<null>,descripcionBreve=<null>,precio=<null>,precioDescontado=0.9,duracion=<null>,idDescuento=<null>,tipoContenido=<null>,porcentaje=<null>,fechaPedido=<null>]
2019-04-24 11:18:06.628 DEBUG ContenidoDAOImpl.findPorId:37 - Id = 5 
2019-04-24 11:18:06.631 DEBUG ContenidoDAOImpl.update:393 - Contenido = com.david.training.model.Contenido@7776ab[idContenido=5,titulo=<null>,restriccionEdad=<null>,portada=<null>,fechaLanzamiento=<null>,descripcionBreve=<null>,precio=<null>,precioDescontado=0.9,duracion=<null>,idDescuento=<null>,tipoContenido=<null>,porcentaje=<null>,fechaPedido=<null>]
2019-04-24 11:18:06.634 DEBUG ContenidoDAOImpl.findPorId:37 - Id = 5 
2019-04-24 11:18:06.637 DEBUG ContenidoDAOImpl.update:393 - Contenido = com.david.training.model.Contenido@5a18cd76[idContenido=5,titulo=<null>,restriccionEdad=<null>,portada=<null>,fechaLanzamiento=<null>,descripcionBreve=<null>,precio=<null>,precioDescontado=0.9,duracion=<null>,idDescuento=<null>,tipoContenido=<null>,porcentaje=<null>,fechaPedido=<null>]
2019-04-24 11:18:06.640 DEBUG ContenidoDAOImpl.findPorId:37 - Id = 5 
2019-04-24 11:18:06.643 DEBUG ContenidoDAOImpl.update:393 - Contenido = com.david.training.model.Contenido@5b1ebf56[idContenido=5,titulo=<null>,restriccionEdad=<null>,portada=<null>,fechaLanzamiento=<null>,descripcionBreve=<null>,precio=<null>,precioDescontado=0.9,duracion=<null>,idDescuento=<null>,tipoContenido=<null>,porcentaje=<null>,fechaPedido=<null>]
2019-04-24 11:18:06.646 DEBUG ContenidoDAOImpl.findPorId:37 - Id = 5 
2019-04-24 11:18:06.649 DEBUG ContenidoDAOImpl.update:393 - Contenido = com.david.training.model.Contenido@46dffdc3[idContenido=5,titulo=<null>,restriccionEdad=<null>,portada=<null>,fechaLanzamiento=<null>,descripcionBreve=<null>,precio=<null>,precioDescontado=0.9,duracion=<null>,idDescuento=<null>,tipoContenido=<null>,porcentaje=<null>,fechaPedido=<null>]
2019-04-24 11:18:06.651 DEBUG ContenidoDAOImpl.findPorId:37 - Id = 5 
2019-04-24 11:18:06.655 DEBUG ContenidoDAOImpl.update:393 - Contenido = com.david.training.model.Contenido@18a136ac[idContenido=5,titulo=<null>,restriccionEdad=<null>,portada=<null>,fechaLanzamiento=<null>,descripcionBreve=<null>,precio=<null>,precioDescontado=0.9,duracion=<null>,idDescuento=<null>,tipoContenido=<null>,porcentaje=<null>,fechaPedido=<null>]
2019-04-24 11:18:06.658 DEBUG ContenidoDAOImpl.findPorId:37 - Id = 5 
2019-04-24 11:18:06.661 DEBUG ContenidoDAOImpl.update:393 - Contenido = com.david.training.model.Contenido@4b3ed2f0[idContenido=5,titulo=<null>,restriccionEdad=<null>,portada=<null>,fechaLanzamiento=<null>,descripcionBreve=<null>,precio=<null>,precioDescontado=0.9,duracion=<null>,idDescuento=<null>,tipoContenido=<null>,porcentaje=<null>,fechaPedido=<null>]
2019-04-24 11:18:06.664 DEBUG ContenidoDAOImpl.findPorId:37 - Id = 5 
2019-04-24 11:18:06.667 DEBUG ContenidoDAOImpl.update:393 - Contenido = com.david.training.model.Contenido@4982cc36[idContenido=5,titulo=<null>,restriccionEdad=<null>,portada=<null>,fechaLanzamiento=<null>,descripcionBreve=<null>,precio=<null>,precioDescontado=0.9,duracion=<null>,idDescuento=<null>,tipoContenido=<null>,porcentaje=<null>,fechaPedido=<null>]
2019-04-24 11:18:06.670 DEBUG ContenidoDAOImpl.findPorId:37 - Id = 5 
2019-04-24 11:18:06.673 DEBUG ContenidoDAOImpl.update:393 - Contenido = com.david.training.model.Contenido@7241a47d[idContenido=5,titulo=<null>,restriccionEdad=<null>,portada=<null>,fechaLanzamiento=<null>,descripcionBreve=<null>,precio=<null>,precioDescontado=0.9,duracion=<null>,idDescuento=<null>,tipoContenido=<null>,porcentaje=<null>,fechaPedido=<null>]
2019-04-24 11:18:06.675 DEBUG ContenidoDAOImpl.findPorId:37 - Id = 5 
2019-04-24 11:18:06.678 DEBUG ContenidoDAOImpl.update:393 - Contenido = com.david.training.model.Contenido@f316aeb[idContenido=5,titulo=<null>,restriccionEdad=<null>,portada=<null>,fechaLanzamiento=<null>,descripcionBreve=<null>,precio=<null>,precioDescontado=0.9,duracion=<null>,idDescuento=<null>,tipoContenido=<null>,porcentaje=<null>,fechaPedido=<null>]
2019-04-24 11:18:06.681 DEBUG ContenidoDAOImpl.findPorId:37 - Id = 5 
2019-04-24 11:18:06.684 DEBUG ContenidoDAOImpl.update:393 - Contenido = com.david.training.model.Contenido@487db668[idContenido=5,titulo=<null>,restriccionEdad=<null>,portada=<null>,fechaLanzamiento=<null>,descripcionBreve=<null>,precio=<null>,precioDescontado=0.9,duracion=<null>,idDescuento=<null>,tipoContenido=<null>,porcentaje=<null>,fechaPedido=<null>]
2019-04-24 11:18:06.687 DEBUG ContenidoDAOImpl.findPorId:37 - Id = 5 
2019-04-24 11:18:06.690 DEBUG ContenidoDAOImpl.update:393 - Contenido = com.david.training.model.Contenido@e54303[idContenido=5,titulo=<null>,restriccionEdad=<null>,portada=<null>,fechaLanzamiento=<null>,descripcionBreve=<null>,precio=<null>,precioDescontado=0.9,duracion=<null>,idDescuento=<null>,tipoContenido=<null>,porcentaje=<null>,fechaPedido=<null>]
2019-04-24 11:18:06.692 DEBUG ContenidoDAOImpl.findPorId:37 - Id = 5 
2019-04-24 11:18:06.695 DEBUG ContenidoDAOImpl.update:393 - Contenido = com.david.training.model.Contenido@55322aab[idContenido=5,titulo=<null>,restriccionEdad=<null>,portada=<null>,fechaLanzamiento=<null>,descripcionBreve=<null>,precio=<null>,precioDescontado=0.9,duracion=<null>,idDescuento=<null>,tipoContenido=<null>,porcentaje=<null>,fechaPedido=<null>]
2019-04-24 11:18:06.698 DEBUG ContenidoDAOImpl.findPorId:37 - Id = 5 
2019-04-24 11:18:06.701 DEBUG ContenidoDAOImpl.update:393 - Contenido = com.david.training.model.Contenido@6d3c5255[idContenido=5,titulo=<null>,restriccionEdad=<null>,portada=<null>,fechaLanzamiento=<null>,descripcionBreve=<null>,precio=<null>,precioDescontado=0.9,duracion=<null>,idDescuento=<null>,tipoContenido=<null>,porcentaje=<null>,fechaPedido=<null>]
2019-04-24 11:18:06.704 DEBUG ContenidoDAOImpl.findPorId:37 - Id = 5 
2019-04-24 11:18:06.707 DEBUG ContenidoDAOImpl.update:393 - Contenido = com.david.training.model.Contenido@12c7a01b[idContenido=5,titulo=<null>,restriccionEdad=<null>,portada=<null>,fechaLanzamiento=<null>,descripcionBreve=<null>,precio=<null>,precioDescontado=0.9,duracion=<null>,idDescuento=<null>,tipoContenido=<null>,porcentaje=<null>,fechaPedido=<null>]
2019-04-24 11:18:06.710 DEBUG ContenidoDAOImpl.findPorId:37 - Id = 5 
2019-04-24 11:18:06.713 DEBUG ContenidoDAOImpl.update:393 - Contenido = com.david.training.model.Contenido@1e636ea3[idContenido=5,titulo=<null>,restriccionEdad=<null>,portada=<null>,fechaLanzamiento=<null>,descripcionBreve=<null>,precio=<null>,precioDescontado=0.9,duracion=<null>,idDescuento=<null>,tipoContenido=<null>,porcentaje=<null>,fechaPedido=<null>]
2019-04-24 11:18:06.716 DEBUG ContenidoDAOImpl.findPorId:37 - Id = 5 
2019-04-24 11:18:06.719 DEBUG ContenidoDAOImpl.update:393 - Contenido = com.david.training.model.Contenido@635572a7[idContenido=5,titulo=<null>,restriccionEdad=<null>,portada=<null>,fechaLanzamiento=<null>,descripcionBreve=<null>,precio=<null>,precioDescontado=0.9,duracion=<null>,idDescuento=<null>,tipoContenido=<null>,porcentaje=<null>,fechaPedido=<null>]
2019-04-24 11:18:06.722 DEBUG ContenidoDAOImpl.findPorId:37 - Id = 5 
2019-04-24 11:18:06.724 DEBUG ContenidoDAOImpl.update:393 - Contenido = com.david.training.model.Contenido@25bfcafd[idContenido=5,titulo=<null>,restriccionEdad=<null>,portada=<null>,fechaLanzamiento=<null>,descripcionBreve=<null>,precio=<null>,precioDescontado=0.9,duracion=<null>,idDescuento=<null>,tipoContenido=<null>,porcentaje=<null>,fechaPedido=<null>]
2019-04-24 11:18:06.727 DEBUG ContenidoDAOImpl.findPorId:37 - Id = 5 
2019-04-24 11:18:06.729 DEBUG ContenidoDAOImpl.update:393 - Contenido = com.david.training.model.Contenido@3d2ee678[idContenido=5,titulo=<null>,restriccionEdad=<null>,portada=<null>,fechaLanzamiento=<null>,descripcionBreve=<null>,precio=<null>,precioDescontado=0.9,duracion=<null>,idDescuento=<null>,tipoContenido=<null>,porcentaje=<null>,fechaPedido=<null>]
2019-04-24 11:18:06.733 DEBUG ContenidoDAOImpl.findPorId:37 - Id = 5 
2019-04-24 11:18:06.736 DEBUG ContenidoDAOImpl.update:393 - Contenido = com.david.training.model.Contenido@5023bb8b[idContenido=5,titulo=<null>,restriccionEdad=<null>,portada=<null>,fechaLanzamiento=<null>,descripcionBreve=<null>,precio=<null>,precioDescontado=0.9,duracion=<null>,idDescuento=<null>,tipoContenido=<null>,porcentaje=<null>,fechaPedido=<null>]
2019-04-24 11:18:06.738 DEBUG ContenidoDAOImpl.findPorId:37 - Id = 5 
2019-04-24 11:18:06.741 DEBUG ContenidoDAOImpl.update:393 - Contenido = com.david.training.model.Contenido@1199fe66[idContenido=5,titulo=<null>,restriccionEdad=<null>,portada=<null>,fechaLanzamiento=<null>,descripcionBreve=<null>,precio=<null>,precioDescontado=0.9,duracion=<null>,idDescuento=<null>,tipoContenido=<null>,porcentaje=<null>,fechaPedido=<null>]
2019-04-24 11:18:06.743 DEBUG ContenidoDAOImpl.findPorId:37 - Id = 5 
2019-04-24 11:18:06.746 DEBUG ContenidoDAOImpl.update:393 - Contenido = com.david.training.model.Contenido@69653e16[idContenido=5,titulo=<null>,restriccionEdad=<null>,portada=<null>,fechaLanzamiento=<null>,descripcionBreve=<null>,precio=<null>,precioDescontado=0.9,duracion=<null>,idDescuento=<null>,tipoContenido=<null>,porcentaje=<null>,fechaPedido=<null>]
2019-04-24 11:18:06.748 DEBUG ContenidoDAOImpl.findPorId:37 - Id = 5 
2019-04-24 11:18:06.751 DEBUG ContenidoDAOImpl.update:393 - Contenido = com.david.training.model.Contenido@550a1967[idContenido=5,titulo=<null>,restriccionEdad=<null>,portada=<null>,fechaLanzamiento=<null>,descripcionBreve=<null>,precio=<null>,precioDescontado=0.9,duracion=<null>,idDescuento=<null>,tipoContenido=<null>,porcentaje=<null>,fechaPedido=<null>]
2019-04-24 11:18:06.753 DEBUG ContenidoDAOImpl.findPorId:37 - Id = 5 
2019-04-24 11:18:06.756 DEBUG ContenidoDAOImpl.update:393 - Contenido = com.david.training.model.Contenido@55dfebeb[idContenido=5,titulo=<null>,restriccionEdad=<null>,portada=<null>,fechaLanzamiento=<null>,descripcionBreve=<null>,precio=<null>,precioDescontado=0.9,duracion=<null>,idDescuento=<null>,tipoContenido=<null>,porcentaje=<null>,fechaPedido=<null>]
2019-04-24 11:18:06.758 DEBUG ContenidoDAOImpl.findPorId:37 - Id = 5 
2019-04-24 11:18:06.761 DEBUG ContenidoDAOImpl.update:393 - Contenido = com.david.training.model.Contenido@30b19518[idContenido=5,titulo=<null>,restriccionEdad=<null>,portada=<null>,fechaLanzamiento=<null>,descripcionBreve=<null>,precio=<null>,precioDescontado=0.9,duracion=<null>,idDescuento=<null>,tipoContenido=<null>,porcentaje=<null>,fechaPedido=<null>]
2019-04-24 11:18:06.763 DEBUG ContenidoDAOImpl.findPorId:37 - Id = 5 
2019-04-24 11:18:06.766 DEBUG ContenidoDAOImpl.update:393 - Contenido = com.david.training.model.Contenido@59d2400d[idContenido=5,titulo=<null>,restriccionEdad=<null>,portada=<null>,fechaLanzamiento=<null>,descripcionBreve=<null>,precio=<null>,precioDescontado=0.9,duracion=<null>,idDescuento=<null>,tipoContenido=<null>,porcentaje=<null>,fechaPedido=<null>]
2019-04-24 11:18:06.768 DEBUG ContenidoDAOImpl.findPorId:37 - Id = 5 
2019-04-24 11:18:06.815 DEBUG ContenidoDAOImpl.update:393 - Contenido = com.david.training.model.Contenido@4372b9b6[idContenido=5,titulo=<null>,restriccionEdad=<null>,portada=<null>,fechaLanzamiento=<null>,descripcionBreve=<null>,precio=<null>,precioDescontado=0.9,duracion=<null>,idDescuento=<null>,tipoContenido=<null>,porcentaje=<null>,fechaPedido=<null>]
2019-04-24 11:18:06.817 DEBUG ContenidoDAOImpl.findPorId:37 - Id = 5 
2019-04-24 11:18:06.820 DEBUG ContenidoDAOImpl.update:393 - Contenido = com.david.training.model.Contenido@7f36662c[idContenido=5,titulo=<null>,restriccionEdad=<null>,portada=<null>,fechaLanzamiento=<null>,descripcionBreve=<null>,precio=<null>,precioDescontado=0.9,duracion=<null>,idDescuento=<null>,tipoContenido=<null>,porcentaje=<null>,fechaPedido=<null>]
2019-04-24 11:18:06.822 DEBUG ContenidoDAOImpl.findPorId:37 - Id = 5 
2019-04-24 11:18:06.825 DEBUG ContenidoDAOImpl.update:393 - Contenido = com.david.training.model.Contenido@4a194c39[idContenido=5,titulo=<null>,restriccionEdad=<null>,portada=<null>,fechaLanzamiento=<null>,descripcionBreve=<null>,precio=<null>,precioDescontado=0.9,duracion=<null>,idDescuento=<null>,tipoContenido=<null>,porcentaje=<null>,fechaPedido=<null>]
2019-04-24 11:18:06.827 DEBUG ContenidoDAOImpl.findPorId:37 - Id = 5 
2019-04-24 11:18:06.830 DEBUG ContenidoDAOImpl.update:393 - Contenido = com.david.training.model.Contenido@112f364d[idContenido=5,titulo=<null>,restriccionEdad=<null>,portada=<null>,fechaLanzamiento=<null>,descripcionBreve=<null>,precio=<null>,precioDescontado=0.9,duracion=<null>,idDescuento=<null>,tipoContenido=<null>,porcentaje=<null>,fechaPedido=<null>]
2019-04-24 11:18:06.832 DEBUG ContenidoDAOImpl.findPorId:37 - Id = 5 
2019-04-24 11:18:06.835 DEBUG ContenidoDAOImpl.update:393 - Contenido = com.david.training.model.Contenido@3bcbb589[idContenido=5,titulo=<null>,restriccionEdad=<null>,portada=<null>,fechaLanzamiento=<null>,descripcionBreve=<null>,precio=<null>,precioDescontado=0.9,duracion=<null>,idDescuento=<null>,tipoContenido=<null>,porcentaje=<null>,fechaPedido=<null>]
2019-04-24 11:18:06.837 DEBUG ContenidoDAOImpl.findPorId:37 - Id = 5 
2019-04-24 11:18:06.839 DEBUG ContenidoDAOImpl.update:393 - Contenido = com.david.training.model.Contenido@61f05988[idContenido=5,titulo=<null>,restriccionEdad=<null>,portada=<null>,fechaLanzamiento=<null>,descripcionBreve=<null>,precio=<null>,precioDescontado=0.9,duracion=<null>,idDescuento=<null>,tipoContenido=<null>,porcentaje=<null>,fechaPedido=<null>]
2019-04-24 11:18:06.841 DEBUG ContenidoDAOImpl.findPorId:37 - Id = 5 
2019-04-24 11:18:06.844 DEBUG ContenidoDAOImpl.update:393 - Contenido = com.david.training.model.Contenido@18920cc[idContenido=5,titulo=<null>,restriccionEdad=<null>,portada=<null>,fechaLanzamiento=<null>,descripcionBreve=<null>,precio=<null>,precioDescontado=0.9,duracion=<null>,idDescuento=<null>,tipoContenido=<null>,porcentaje=<null>,fechaPedido=<null>]
2019-04-24 11:18:06.846 DEBUG ContenidoDAOImpl.findPorId:37 - Id = 5 
2019-04-24 11:18:06.849 DEBUG ContenidoDAOImpl.update:393 - Contenido = com.david.training.model.Contenido@2002348[idContenido=5,titulo=<null>,restriccionEdad=<null>,portada=<null>,fechaLanzamiento=<null>,descripcionBreve=<null>,precio=<null>,precioDescontado=0.9,duracion=<null>,idDescuento=<null>,tipoContenido=<null>,porcentaje=<null>,fechaPedido=<null>]
2019-04-24 11:18:06.851 DEBUG ContenidoDAOImpl.findPorId:37 - Id = 5 
2019-04-24 11:18:06.854 DEBUG ContenidoDAOImpl.update:393 - Contenido = com.david.training.model.Contenido@6ff65192[idContenido=5,titulo=<null>,restriccionEdad=<null>,portada=<null>,fechaLanzamiento=<null>,descripcionBreve=<null>,precio=<null>,precioDescontado=0.9,duracion=<null>,idDescuento=<null>,tipoContenido=<null>,porcentaje=<null>,fechaPedido=<null>]
2019-04-24 11:18:06.855 DEBUG ContenidoDAOImpl.findPorId:37 - Id = 5 
2019-04-24 11:18:06.858 DEBUG ContenidoDAOImpl.update:393 - Contenido = com.david.training.model.Contenido@50ecde95[idContenido=5,titulo=<null>,restriccionEdad=<null>,portada=<null>,fechaLanzamiento=<null>,descripcionBreve=<null>,precio=<null>,precioDescontado=0.9,duracion=<null>,idDescuento=<null>,tipoContenido=<null>,porcentaje=<null>,fechaPedido=<null>]
2019-04-24 11:18:06.860 DEBUG ContenidoDAOImpl.findPorId:37 - Id = 5 
2019-04-24 11:18:06.863 DEBUG ContenidoDAOImpl.update:393 - Contenido = com.david.training.model.Contenido@25a6944c[idContenido=5,titulo=<null>,restriccionEdad=<null>,portada=<null>,fechaLanzamiento=<null>,descripcionBreve=<null>,precio=<null>,precioDescontado=0.9,duracion=<null>,idDescuento=<null>,tipoContenido=<null>,porcentaje=<null>,fechaPedido=<null>]
2019-04-24 11:18:06.864 DEBUG ContenidoDAOImpl.findPorId:37 - Id = 5 
2019-04-24 11:18:06.867 DEBUG ContenidoDAOImpl.update:393 - Contenido = com.david.training.model.Contenido@260e86a1[idContenido=5,titulo=<null>,restriccionEdad=<null>,portada=<null>,fechaLanzamiento=<null>,descripcionBreve=<null>,precio=<null>,precioDescontado=0.9,duracion=<null>,idDescuento=<null>,tipoContenido=<null>,porcentaje=<null>,fechaPedido=<null>]
2019-04-24 11:18:06.869 DEBUG ContenidoDAOImpl.findPorId:37 - Id = 5 
2019-04-24 11:18:06.872 DEBUG ContenidoDAOImpl.update:393 - Contenido = com.david.training.model.Contenido@7cbc3762[idContenido=5,titulo=<null>,restriccionEdad=<null>,portada=<null>,fechaLanzamiento=<null>,descripcionBreve=<null>,precio=<null>,precioDescontado=0.9,duracion=<null>,idDescuento=<null>,tipoContenido=<null>,porcentaje=<null>,fechaPedido=<null>]
2019-04-24 11:18:06.874 DEBUG ContenidoDAOImpl.findPorId:37 - Id = 5 
2019-04-24 11:18:06.876 DEBUG ContenidoDAOImpl.update:393 - Contenido = com.david.training.model.Contenido@4983159f[idContenido=5,titulo=<null>,restriccionEdad=<null>,portada=<null>,fechaLanzamiento=<null>,descripcionBreve=<null>,precio=<null>,precioDescontado=0.9,duracion=<null>,idDescuento=<null>,tipoContenido=<null>,porcentaje=<null>,fechaPedido=<null>]
2019-04-24 11:18:06.879 DEBUG ContenidoDAOImpl.findPorId:37 - Id = 5 
2019-04-24 11:18:06.881 DEBUG ContenidoDAOImpl.update:393 - Contenido = com.david.training.model.Contenido@68ead359[idContenido=5,titulo=<null>,restriccionEdad=<null>,portada=<null>,fechaLanzamiento=<null>,descripcionBreve=<null>,precio=<null>,precioDescontado=0.9,duracion=<null>,idDescuento=<null>,tipoContenido=<null>,porcentaje=<null>,fechaPedido=<null>]
2019-04-24 11:18:06.883 DEBUG ContenidoDAOImpl.findPorId:37 - Id = 5 
2019-04-24 11:18:06.886 DEBUG ContenidoDAOImpl.update:393 - Contenido = com.david.training.model.Contenido@77a7cf58[idContenido=5,titulo=<null>,restriccionEdad=<null>,portada=<null>,fechaLanzamiento=<null>,descripcionBreve=<null>,precio=<null>,precioDescontado=0.9,duracion=<null>,idDescuento=<null>,tipoContenido=<null>,porcentaje=<null>,fechaPedido=<null>]
2019-04-24 11:18:06.888 DEBUG ContenidoDAOImpl.findPorId:37 - Id = 5 
2019-04-24 11:18:06.890 DEBUG ContenidoDAOImpl.update:393 - Contenido = com.david.training.model.Contenido@2dd29a59[idContenido=5,titulo=<null>,restriccionEdad=<null>,portada=<null>,fechaLanzamiento=<null>,descripcionBreve=<null>,precio=<null>,precioDescontado=0.9,duracion=<null>,idDescuento=<null>,tipoContenido=<null>,porcentaje=<null>,fechaPedido=<null>]
2019-04-24 11:18:06.892 DEBUG ContenidoDAOImpl.findPorId:37 - Id = 5 
2019-04-24 11:18:06.895 DEBUG ContenidoDAOImpl.update:393 - Contenido = com.david.training.model.Contenido@2c7b5824[idContenido=5,titulo=<null>,restriccionEdad=<null>,portada=<null>,fechaLanzamiento=<null>,descripcionBreve=<null>,precio=<null>,precioDescontado=0.9,duracion=<null>,idDescuento=<null>,tipoContenido=<null>,porcentaje=<null>,fechaPedido=<null>]
2019-04-24 11:18:06.897 DEBUG ContenidoDAOImpl.findPorId:37 - Id = 5 
2019-04-24 11:18:06.900 DEBUG ContenidoDAOImpl.update:393 - Contenido = com.david.training.model.Contenido@4218500f[idContenido=5,titulo=<null>,restriccionEdad=<null>,portada=<null>,fechaLanzamiento=<null>,descripcionBreve=<null>,precio=<null>,precioDescontado=0.9,duracion=<null>,idDescuento=<null>,tipoContenido=<null>,porcentaje=<null>,fechaPedido=<null>]
2019-04-24 11:18:06.902 DEBUG ContenidoDAOImpl.findPorId:37 - Id = 5 
2019-04-24 11:18:06.905 DEBUG ContenidoDAOImpl.update:393 - Contenido = com.david.training.model.Contenido@7f6f61c8[idContenido=5,titulo=<null>,restriccionEdad=<null>,portada=<null>,fechaLanzamiento=<null>,descripcionBreve=<null>,precio=<null>,precioDescontado=0.9,duracion=<null>,idDescuento=<null>,tipoContenido=<null>,porcentaje=<null>,fechaPedido=<null>]
2019-04-24 11:18:06.907 DEBUG ContenidoDAOImpl.findPorId:37 - Id = 5 
2019-04-24 11:18:06.909 DEBUG ContenidoDAOImpl.update:393 - Contenido = com.david.training.model.Contenido@710b18a6[idContenido=5,titulo=<null>,restriccionEdad=<null>,portada=<null>,fechaLanzamiento=<null>,descripcionBreve=<null>,precio=<null>,precioDescontado=0.9,duracion=<null>,idDescuento=<null>,tipoContenido=<null>,porcentaje=<null>,fechaPedido=<null>]
2019-04-24 11:18:06.911 DEBUG ContenidoDAOImpl.findPorId:37 - Id = 5 
2019-04-24 11:18:06.914 DEBUG ContenidoDAOImpl.update:393 - Contenido = com.david.training.model.Contenido@5066d65f[idContenido=5,titulo=<null>,restriccionEdad=<null>,portada=<null>,fechaLanzamiento=<null>,descripcionBreve=<null>,precio=<null>,precioDescontado=0.9,duracion=<null>,idDescuento=<null>,tipoContenido=<null>,porcentaje=<null>,fechaPedido=<null>]
2019-04-24 11:18:06.916 DEBUG ContenidoDAOImpl.findPorId:37 - Id = 5 
2019-04-24 11:18:06.918 DEBUG ContenidoDAOImpl.update:393 - Contenido = com.david.training.model.Contenido@2f4205be[idContenido=5,titulo=<null>,restriccionEdad=<null>,portada=<null>,fechaLanzamiento=<null>,descripcionBreve=<null>,precio=<null>,precioDescontado=0.9,duracion=<null>,idDescuento=<null>,tipoContenido=<null>,porcentaje=<null>,fechaPedido=<null>]
2019-04-24 11:18:06.921 DEBUG ContenidoDAOImpl.findPorId:37 - Id = 5 
2019-04-24 11:18:06.923 DEBUG ContenidoDAOImpl.update:393 - Contenido = com.david.training.model.Contenido@7d42c224[idContenido=5,titulo=<null>,restriccionEdad=<null>,portada=<null>,fechaLanzamiento=<null>,descripcionBreve=<null>,precio=<null>,precioDescontado=0.9,duracion=<null>,idDescuento=<null>,tipoContenido=<null>,porcentaje=<null>,fechaPedido=<null>]
2019-04-24 11:18:06.925 DEBUG ContenidoDAOImpl.findPorId:37 - Id = 5 
2019-04-24 11:18:06.928 DEBUG ContenidoDAOImpl.update:393 - Contenido = com.david.training.model.Contenido@3fb6cf60[idContenido=5,titulo=<null>,restriccionEdad=<null>,portada=<null>,fechaLanzamiento=<null>,descripcionBreve=<null>,precio=<null>,precioDescontado=0.9,duracion=<null>,idDescuento=<null>,tipoContenido=<null>,porcentaje=<null>,fechaPedido=<null>]
2019-04-24 11:18:06.929 DEBUG ContenidoDAOImpl.findPorId:37 - Id = 5 
2019-04-24 11:18:06.932 DEBUG ContenidoDAOImpl.update:393 - Contenido = com.david.training.model.Contenido@18b0930f[idContenido=5,titulo=<null>,restriccionEdad=<null>,portada=<null>,fechaLanzamiento=<null>,descripcionBreve=<null>,precio=<null>,precioDescontado=0.9,duracion=<null>,idDescuento=<null>,tipoContenido=<null>,porcentaje=<null>,fechaPedido=<null>]
2019-04-24 11:18:06.934 DEBUG ContenidoDAOImpl.findPorId:37 - Id = 5 
2019-04-24 11:18:06.936 DEBUG ContenidoDAOImpl.update:393 - Contenido = com.david.training.model.Contenido@640f11a1[idContenido=5,titulo=<null>,restriccionEdad=<null>,portada=<null>,fechaLanzamiento=<null>,descripcionBreve=<null>,precio=<null>,precioDescontado=0.9,duracion=<null>,idDescuento=<null>,tipoContenido=<null>,porcentaje=<null>,fechaPedido=<null>]
2019-04-24 11:18:06.938 DEBUG ContenidoDAOImpl.findPorId:37 - Id = 5 
2019-04-24 11:18:06.940 DEBUG ContenidoDAOImpl.update:393 - Contenido = com.david.training.model.Contenido@781f10f2[idContenido=5,titulo=<null>,restriccionEdad=<null>,portada=<null>,fechaLanzamiento=<null>,descripcionBreve=<null>,precio=<null>,precioDescontado=0.9,duracion=<null>,idDescuento=<null>,tipoContenido=<null>,porcentaje=<null>,fechaPedido=<null>]
2019-04-24 11:18:06.942 DEBUG ContenidoDAOImpl.findPorId:37 - Id = 5 
2019-04-24 11:18:06.943 DEBUG ContenidoDAOImpl.update:393 - Contenido = com.david.training.model.Contenido@1af687fe[idContenido=5,titulo=<null>,restriccionEdad=<null>,portada=<null>,fechaLanzamiento=<null>,descripcionBreve=<null>,precio=<null>,precioDescontado=0.9,duracion=<null>,idDescuento=<null>,tipoContenido=<null>,porcentaje=<null>,fechaPedido=<null>]
2019-04-24 11:18:06.947 DEBUG ContenidoDAOImpl.findPorId:37 - Id = 5 
2019-04-24 11:18:06.948 DEBUG ContenidoDAOImpl.update:393 - Contenido = com.david.training.model.Contenido@38f116f6[idContenido=5,titulo=<null>,restriccionEdad=<null>,portada=<null>,fechaLanzamiento=<null>,descripcionBreve=<null>,precio=<null>,precioDescontado=0.9,duracion=<null>,idDescuento=<null>,tipoContenido=<null>,porcentaje=<null>,fechaPedido=<null>]
2019-04-24 11:18:06.951 DEBUG ContenidoDAOImpl.findPorId:37 - Id = 5 
2019-04-24 11:18:06.953 DEBUG ContenidoDAOImpl.update:393 - Contenido = com.david.training.model.Contenido@4a11eb84[idContenido=5,titulo=<null>,restriccionEdad=<null>,portada=<null>,fechaLanzamiento=<null>,descripcionBreve=<null>,precio=<null>,precioDescontado=0.9,duracion=<null>,idDescuento=<null>,tipoContenido=<null>,porcentaje=<null>,fechaPedido=<null>]
2019-04-24 11:18:06.955 DEBUG ContenidoDAOImpl.findPorId:37 - Id = 5 
2019-04-24 11:18:06.958 DEBUG ContenidoDAOImpl.update:393 - Contenido = com.david.training.model.Contenido@19553973[idContenido=5,titulo=<null>,restriccionEdad=<null>,portada=<null>,fechaLanzamiento=<null>,descripcionBreve=<null>,precio=<null>,precioDescontado=0.9,duracion=<null>,idDescuento=<null>,tipoContenido=<null>,porcentaje=<null>,fechaPedido=<null>]
2019-04-24 11:18:06.960 DEBUG ContenidoDAOImpl.findPorId:37 - Id = 5 
2019-04-24 11:18:06.962 DEBUG ContenidoDAOImpl.update:393 - Contenido = com.david.training.model.Contenido@14d14731[idContenido=5,titulo=<null>,restriccionEdad=<null>,portada=<null>,fechaLanzamiento=<null>,descripcionBreve=<null>,precio=<null>,precioDescontado=0.9,duracion=<null>,idDescuento=<null>,tipoContenido=<null>,porcentaje=<null>,fechaPedido=<null>]
2019-04-24 11:18:06.964 DEBUG ContenidoDAOImpl.findPorId:37 - Id = 5 
2019-04-24 11:18:06.967 DEBUG ContenidoDAOImpl.update:393 - Contenido = com.david.training.model.Contenido@3c989952[idContenido=5,titulo=<null>,restriccionEdad=<null>,portada=<null>,fechaLanzamiento=<null>,descripcionBreve=<null>,precio=<null>,precioDescontado=0.9,duracion=<null>,idDescuento=<null>,tipoContenido=<null>,porcentaje=<null>,fechaPedido=<null>]
2019-04-24 11:18:06.969 DEBUG ContenidoDAOImpl.findPorId:37 - Id = 5 
2019-04-24 11:18:06.971 DEBUG ContenidoDAOImpl.update:393 - Contenido = com.david.training.model.Contenido@4ba302e0[idContenido=5,titulo=<null>,restriccionEdad=<null>,portada=<null>,fechaLanzamiento=<null>,descripcionBreve=<null>,precio=<null>,precioDescontado=0.9,duracion=<null>,idDescuento=<null>,tipoContenido=<null>,porcentaje=<null>,fechaPedido=<null>]
2019-04-24 11:18:06.973 DEBUG ContenidoDAOImpl.findPorId:37 - Id = 5 
2019-04-24 11:18:06.976 DEBUG ContenidoDAOImpl.update:393 - Contenido = com.david.training.model.Contenido@13f17eb4[idContenido=5,titulo=<null>,restriccionEdad=<null>,portada=<null>,fechaLanzamiento=<null>,descripcionBreve=<null>,precio=<null>,precioDescontado=0.9,duracion=<null>,idDescuento=<null>,tipoContenido=<null>,porcentaje=<null>,fechaPedido=<null>]
2019-04-24 11:18:06.978 DEBUG ContenidoDAOImpl.findPorId:37 - Id = 5 
2019-04-24 11:18:06.980 DEBUG ContenidoDAOImpl.update:393 - Contenido = com.david.training.model.Contenido@5644dc81[idContenido=5,titulo=<null>,restriccionEdad=<null>,portada=<null>,fechaLanzamiento=<null>,descripcionBreve=<null>,precio=<null>,precioDescontado=0.9,duracion=<null>,idDescuento=<null>,tipoContenido=<null>,porcentaje=<null>,fechaPedido=<null>]
2019-04-24 11:18:06.982 DEBUG ContenidoDAOImpl.findPorId:37 - Id = 5 
2019-04-24 11:18:06.984 DEBUG ContenidoDAOImpl.update:393 - Contenido = com.david.training.model.Contenido@40f70521[idContenido=5,titulo=<null>,restriccionEdad=<null>,portada=<null>,fechaLanzamiento=<null>,descripcionBreve=<null>,precio=<null>,precioDescontado=0.9,duracion=<null>,idDescuento=<null>,tipoContenido=<null>,porcentaje=<null>,fechaPedido=<null>]
2019-04-24 11:18:06.986 DEBUG ContenidoDAOImpl.findPorId:37 - Id = 5 
2019-04-24 11:18:06.989 DEBUG ContenidoDAOImpl.update:393 - Contenido = com.david.training.model.Contenido@66b7550d[idContenido=5,titulo=<null>,restriccionEdad=<null>,portada=<null>,fechaLanzamiento=<null>,descripcionBreve=<null>,precio=<null>,precioDescontado=0.9,duracion=<null>,idDescuento=<null>,tipoContenido=<null>,porcentaje=<null>,fechaPedido=<null>]
2019-04-24 11:18:06.991 DEBUG ContenidoDAOImpl.findPorId:37 - Id = 5 
2019-04-24 11:18:06.993 DEBUG ContenidoDAOImpl.update:393 - Contenido = com.david.training.model.Contenido@1c6804cd[idContenido=5,titulo=<null>,restriccionEdad=<null>,portada=<null>,fechaLanzamiento=<null>,descripcionBreve=<null>,precio=<null>,precioDescontado=0.9,duracion=<null>,idDescuento=<null>,tipoContenido=<null>,porcentaje=<null>,fechaPedido=<null>]
2019-04-24 11:18:06.995 DEBUG ContenidoDAOImpl.findPorId:37 - Id = 5 
2019-04-24 11:18:06.997 DEBUG ContenidoDAOImpl.update:393 - Contenido = com.david.training.model.Contenido@75b25825[idContenido=5,titulo=<null>,restriccionEdad=<null>,portada=<null>,fechaLanzamiento=<null>,descripcionBreve=<null>,precio=<null>,precioDescontado=0.9,duracion=<null>,idDescuento=<null>,tipoContenido=<null>,porcentaje=<null>,fechaPedido=<null>]
2019-04-24 11:18:06.999 DEBUG ContenidoDAOImpl.findPorId:37 - Id = 5 
2019-04-24 11:18:07.002 DEBUG ContenidoDAOImpl.update:393 - Contenido = com.david.training.model.Contenido@45e37a7e[idContenido=5,titulo=<null>,restriccionEdad=<null>,portada=<null>,fechaLanzamiento=<null>,descripcionBreve=<null>,precio=<null>,precioDescontado=0.9,duracion=<null>,idDescuento=<null>,tipoContenido=<null>,porcentaje=<null>,fechaPedido=<null>]
2019-04-24 11:18:07.005 DEBUG ContenidoDAOImpl.findPorId:37 - Id = 5 
2019-04-24 11:18:07.008 DEBUG ContenidoDAOImpl.update:393 - Contenido = com.david.training.model.Contenido@3e7634b9[idContenido=5,titulo=<null>,restriccionEdad=<null>,portada=<null>,fechaLanzamiento=<null>,descripcionBreve=<null>,precio=<null>,precioDescontado=0.9,duracion=<null>,idDescuento=<null>,tipoContenido=<null>,porcentaje=<null>,fechaPedido=<null>]
2019-04-24 11:18:07.010 DEBUG ContenidoDAOImpl.findPorId:37 - Id = 5 
2019-04-24 11:18:07.012 DEBUG ContenidoDAOImpl.update:393 - Contenido = com.david.training.model.Contenido@665df3c6[idContenido=5,titulo=<null>,restriccionEdad=<null>,portada=<null>,fechaLanzamiento=<null>,descripcionBreve=<null>,precio=<null>,precioDescontado=0.9,duracion=<null>,idDescuento=<null>,tipoContenido=<null>,porcentaje=<null>,fechaPedido=<null>]
2019-04-24 11:18:07.013 DEBUG ContenidoDAOImpl.findPorId:37 - Id = 5 
2019-04-24 11:18:07.016 DEBUG ContenidoDAOImpl.update:393 - Contenido = com.david.training.model.Contenido@4b20ca2b[idContenido=5,titulo=<null>,restriccionEdad=<null>,portada=<null>,fechaLanzamiento=<null>,descripcionBreve=<null>,precio=<null>,precioDescontado=0.9,duracion=<null>,idDescuento=<null>,tipoContenido=<null>,porcentaje=<null>,fechaPedido=<null>]
2019-04-24 11:18:07.018 DEBUG ContenidoDAOImpl.findPorId:37 - Id = 5 
2019-04-24 11:18:07.021 DEBUG ContenidoDAOImpl.update:393 - Contenido = com.david.training.model.Contenido@21baa903[idContenido=5,titulo=<null>,restriccionEdad=<null>,portada=<null>,fechaLanzamiento=<null>,descripcionBreve=<null>,precio=<null>,precioDescontado=0.9,duracion=<null>,idDescuento=<null>,tipoContenido=<null>,porcentaje=<null>,fechaPedido=<null>]
2019-04-24 11:18:07.023 DEBUG ContenidoDAOImpl.findPorId:37 - Id = 5 
2019-04-24 11:18:07.025 DEBUG ContenidoDAOImpl.update:393 - Contenido = com.david.training.model.Contenido@a5bd950[idContenido=5,titulo=<null>,restriccionEdad=<null>,portada=<null>,fechaLanzamiento=<null>,descripcionBreve=<null>,precio=<null>,precioDescontado=0.9,duracion=<null>,idDescuento=<null>,tipoContenido=<null>,porcentaje=<null>,fechaPedido=<null>]
2019-04-24 11:18:07.026 DEBUG ContenidoDAOImpl.findPorId:37 - Id = 5 
2019-04-24 11:18:07.028 DEBUG ContenidoDAOImpl.update:393 - Contenido = com.david.training.model.Contenido@5c8eee0f[idContenido=5,titulo=<null>,restriccionEdad=<null>,portada=<null>,fechaLanzamiento=<null>,descripcionBreve=<null>,precio=<null>,precioDescontado=0.9,duracion=<null>,idDescuento=<null>,tipoContenido=<null>,porcentaje=<null>,fechaPedido=<null>]
2019-04-24 11:18:07.030 DEBUG ContenidoDAOImpl.findPorId:37 - Id = 5 
2019-04-24 11:18:07.032 DEBUG ContenidoDAOImpl.update:393 - Contenido = com.david.training.model.Contenido@207b8649[idContenido=5,titulo=<null>,restriccionEdad=<null>,portada=<null>,fechaLanzamiento=<null>,descripcionBreve=<null>,precio=<null>,precioDescontado=0.9,duracion=<null>,idDescuento=<null>,tipoContenido=<null>,porcentaje=<null>,fechaPedido=<null>]
2019-04-24 11:18:07.034 DEBUG ContenidoDAOImpl.findPorId:37 - Id = 5 
2019-04-24 11:18:07.036 DEBUG ContenidoDAOImpl.update:393 - Contenido = com.david.training.model.Contenido@f667fe[idContenido=5,titulo=<null>,restriccionEdad=<null>,portada=<null>,fechaLanzamiento=<null>,descripcionBreve=<null>,precio=<null>,precioDescontado=0.9,duracion=<null>,idDescuento=<null>,tipoContenido=<null>,porcentaje=<null>,fechaPedido=<null>]
2019-04-24 11:18:07.037 DEBUG ContenidoDAOImpl.findPorId:37 - Id = 5 
2019-04-24 11:18:07.040 DEBUG ContenidoDAOImpl.update:393 - Contenido = com.david.training.model.Contenido@75459c75[idContenido=5,titulo=<null>,restriccionEdad=<null>,portada=<null>,fechaLanzamiento=<null>,descripcionBreve=<null>,precio=<null>,precioDescontado=0.9,duracion=<null>,idDescuento=<null>,tipoContenido=<null>,porcentaje=<null>,fechaPedido=<null>]
2019-04-24 11:18:07.041 DEBUG ContenidoDAOImpl.findPorId:37 - Id = 5 
2019-04-24 11:18:07.044 DEBUG ContenidoDAOImpl.update:393 - Contenido = com.david.training.model.Contenido@42f48531[idContenido=5,titulo=<null>,restriccionEdad=<null>,portada=<null>,fechaLanzamiento=<null>,descripcionBreve=<null>,precio=<null>,precioDescontado=0.9,duracion=<null>,idDescuento=<null>,tipoContenido=<null>,porcentaje=<null>,fechaPedido=<null>]
2019-04-24 11:18:07.046 DEBUG ContenidoDAOImpl.findPorId:37 - Id = 5 
2019-04-24 11:18:07.048 DEBUG ContenidoDAOImpl.update:393 - Contenido = com.david.training.model.Contenido@5af3a0f[idContenido=5,titulo=<null>,restriccionEdad=<null>,portada=<null>,fechaLanzamiento=<null>,descripcionBreve=<null>,precio=<null>,precioDescontado=0.9,duracion=<null>,idDescuento=<null>,tipoContenido=<null>,porcentaje=<null>,fechaPedido=<null>]
2019-04-24 11:18:07.050 DEBUG ContenidoDAOImpl.findPorId:37 - Id = 5 
2019-04-24 11:18:07.052 DEBUG ContenidoDAOImpl.update:393 - Contenido = com.david.training.model.Contenido@14b030a0[idContenido=5,titulo=<null>,restriccionEdad=<null>,portada=<null>,fechaLanzamiento=<null>,descripcionBreve=<null>,precio=<null>,precioDescontado=0.9,duracion=<null>,idDescuento=<null>,tipoContenido=<null>,porcentaje=<null>,fechaPedido=<null>]
2019-04-24 11:18:07.054 DEBUG ContenidoDAOImpl.findPorId:37 - Id = 5 
2019-04-24 11:18:07.056 DEBUG ContenidoDAOImpl.update:393 - Contenido = com.david.training.model.Contenido@1fcb4808[idContenido=5,titulo=<null>,restriccionEdad=<null>,portada=<null>,fechaLanzamiento=<null>,descripcionBreve=<null>,precio=<null>,precioDescontado=0.9,duracion=<null>,idDescuento=<null>,tipoContenido=<null>,porcentaje=<null>,fechaPedido=<null>]
2019-04-24 11:18:07.058 DEBUG ContenidoDAOImpl.findPorId:37 - Id = 5 
2019-04-24 11:18:07.060 DEBUG ContenidoDAOImpl.update:393 - Contenido = com.david.training.model.Contenido@3b77a04f[idContenido=5,titulo=<null>,restriccionEdad=<null>,portada=<null>,fechaLanzamiento=<null>,descripcionBreve=<null>,precio=<null>,precioDescontado=0.9,duracion=<null>,idDescuento=<null>,tipoContenido=<null>,porcentaje=<null>,fechaPedido=<null>]
2019-04-24 11:18:07.061 DEBUG ContenidoDAOImpl.findPorId:37 - Id = 5 
2019-04-24 11:18:07.064 DEBUG ContenidoDAOImpl.update:393 - Contenido = com.david.training.model.Contenido@75c9e76b[idContenido=5,titulo=<null>,restriccionEdad=<null>,portada=<null>,fechaLanzamiento=<null>,descripcionBreve=<null>,precio=<null>,precioDescontado=0.9,duracion=<null>,idDescuento=<null>,tipoContenido=<null>,porcentaje=<null>,fechaPedido=<null>]
2019-04-24 11:18:07.065 DEBUG ContenidoDAOImpl.findPorId:37 - Id = 5 
2019-04-24 11:18:07.067 DEBUG ContenidoDAOImpl.update:393 - Contenido = com.david.training.model.Contenido@41813449[idContenido=5,titulo=<null>,restriccionEdad=<null>,portada=<null>,fechaLanzamiento=<null>,descripcionBreve=<null>,precio=<null>,precioDescontado=0.9,duracion=<null>,idDescuento=<null>,tipoContenido=<null>,porcentaje=<null>,fechaPedido=<null>]
2019-04-24 11:18:07.069 DEBUG ContenidoDAOImpl.findPorId:37 - Id = 5 
2019-04-24 11:18:07.071 DEBUG ContenidoDAOImpl.update:393 - Contenido = com.david.training.model.Contenido@5c87bfe2[idContenido=5,titulo=<null>,restriccionEdad=<null>,portada=<null>,fechaLanzamiento=<null>,descripcionBreve=<null>,precio=<null>,precioDescontado=0.9,duracion=<null>,idDescuento=<null>,tipoContenido=<null>,porcentaje=<null>,fechaPedido=<null>]
2019-04-24 11:18:07.073 DEBUG ContenidoDAOImpl.findPorId:37 - Id = 5 
2019-04-24 11:18:07.075 DEBUG ContenidoDAOImpl.update:393 - Contenido = com.david.training.model.Contenido@6b9ce1bf[idContenido=5,titulo=<null>,restriccionEdad=<null>,portada=<null>,fechaLanzamiento=<null>,descripcionBreve=<null>,precio=<null>,precioDescontado=0.9,duracion=<null>,idDescuento=<null>,tipoContenido=<null>,porcentaje=<null>,fechaPedido=<null>]
2019-04-24 11:18:07.077 DEBUG ContenidoDAOImpl.findPorId:37 - Id = 5 
2019-04-24 11:18:07.079 DEBUG ContenidoDAOImpl.update:393 - Contenido = com.david.training.model.Contenido@27953a83[idContenido=5,titulo=<null>,restriccionEdad=<null>,portada=<null>,fechaLanzamiento=<null>,descripcionBreve=<null>,precio=<null>,precioDescontado=0.9,duracion=<null>,idDescuento=<null>,tipoContenido=<null>,porcentaje=<null>,fechaPedido=<null>]
2019-04-24 11:18:07.080 DEBUG ContenidoDAOImpl.findPorId:37 - Id = 5 
2019-04-24 11:18:07.082 DEBUG ContenidoDAOImpl.update:393 - Contenido = com.david.training.model.Contenido@4a3329b9[idContenido=5,titulo=<null>,restriccionEdad=<null>,portada=<null>,fechaLanzamiento=<null>,descripcionBreve=<null>,precio=<null>,precioDescontado=0.9,duracion=<null>,idDescuento=<null>,tipoContenido=<null>,porcentaje=<null>,fechaPedido=<null>]
2019-04-24 11:18:07.084 DEBUG ContenidoDAOImpl.findPorId:37 - Id = 5 
2019-04-24 11:18:07.086 DEBUG ContenidoDAOImpl.update:393 - Contenido = com.david.training.model.Contenido@13c3c1e1[idContenido=5,titulo=<null>,restriccionEdad=<null>,portada=<null>,fechaLanzamiento=<null>,descripcionBreve=<null>,precio=<null>,precioDescontado=0.9,duracion=<null>,idDescuento=<null>,tipoContenido=<null>,porcentaje=<null>,fechaPedido=<null>]
2019-04-24 11:18:07.088 DEBUG ContenidoDAOImpl.findPorId:37 - Id = 5 
2019-04-24 11:18:07.090 DEBUG ContenidoDAOImpl.update:393 - Contenido = com.david.training.model.Contenido@47605f2f[idContenido=5,titulo=<null>,restriccionEdad=<null>,portada=<null>,fechaLanzamiento=<null>,descripcionBreve=<null>,precio=<null>,precioDescontado=0.9,duracion=<null>,idDescuento=<null>,tipoContenido=<null>,porcentaje=<null>,fechaPedido=<null>]
2019-04-24 11:18:07.092 DEBUG ContenidoDAOImpl.findPorId:37 - Id = 5 
2019-04-24 11:18:07.094 DEBUG ContenidoDAOImpl.update:393 - Contenido = com.david.training.model.Contenido@11eadcba[idContenido=5,titulo=<null>,restriccionEdad=<null>,portada=<null>,fechaLanzamiento=<null>,descripcionBreve=<null>,precio=<null>,precioDescontado=0.9,duracion=<null>,idDescuento=<null>,tipoContenido=<null>,porcentaje=<null>,fechaPedido=<null>]
2019-04-24 11:18:07.096 DEBUG ContenidoDAOImpl.findPorId:37 - Id = 5 
2019-04-24 11:18:07.098 DEBUG ContenidoDAOImpl.update:393 - Contenido = com.david.training.model.Contenido@636e8cc[idContenido=5,titulo=<null>,restriccionEdad=<null>,portada=<null>,fechaLanzamiento=<null>,descripcionBreve=<null>,precio=<null>,precioDescontado=0.9,duracion=<null>,idDescuento=<null>,tipoContenido=<null>,porcentaje=<null>,fechaPedido=<null>]
2019-04-24 11:18:07.100 DEBUG ContenidoDAOImpl.findPorId:37 - Id = 5 
2019-04-24 11:18:07.103 DEBUG ContenidoDAOImpl.update:393 - Contenido = com.david.training.model.Contenido@650eab8[idContenido=5,titulo=<null>,restriccionEdad=<null>,portada=<null>,fechaLanzamiento=<null>,descripcionBreve=<null>,precio=<null>,precioDescontado=0.9,duracion=<null>,idDescuento=<null>,tipoContenido=<null>,porcentaje=<null>,fechaPedido=<null>]
2019-04-24 11:18:07.105 DEBUG ContenidoDAOImpl.findPorId:37 - Id = 5 
2019-04-24 11:18:07.107 DEBUG ContenidoDAOImpl.update:393 - Contenido = com.david.training.model.Contenido@a8c1f44[idContenido=5,titulo=<null>,restriccionEdad=<null>,portada=<null>,fechaLanzamiento=<null>,descripcionBreve=<null>,precio=<null>,precioDescontado=0.9,duracion=<null>,idDescuento=<null>,tipoContenido=<null>,porcentaje=<null>,fechaPedido=<null>]
2019-04-24 11:18:07.109 DEBUG ContenidoDAOImpl.findPorId:37 - Id = 5 
2019-04-24 11:18:07.111 DEBUG ContenidoDAOImpl.update:393 - Contenido = com.david.training.model.Contenido@7a527389[idContenido=5,titulo=<null>,restriccionEdad=<null>,portada=<null>,fechaLanzamiento=<null>,descripcionBreve=<null>,precio=<null>,precioDescontado=0.9,duracion=<null>,idDescuento=<null>,tipoContenido=<null>,porcentaje=<null>,fechaPedido=<null>]
2019-04-24 11:18:07.113 DEBUG ContenidoDAOImpl.findPorId:37 - Id = 5 
2019-04-24 11:18:07.115 DEBUG ContenidoDAOImpl.update:393 - Contenido = com.david.training.model.Contenido@76f7d241[idContenido=5,titulo=<null>,restriccionEdad=<null>,portada=<null>,fechaLanzamiento=<null>,descripcionBreve=<null>,precio=<null>,precioDescontado=0.9,duracion=<null>,idDescuento=<null>,tipoContenido=<null>,porcentaje=<null>,fechaPedido=<null>]
2019-04-24 11:18:07.117 DEBUG ContenidoDAOImpl.findPorId:37 - Id = 5 
2019-04-24 11:18:07.119 DEBUG ContenidoDAOImpl.update:393 - Contenido = com.david.training.model.Contenido@2dbe250d[idContenido=5,titulo=<null>,restriccionEdad=<null>,portada=<null>,fechaLanzamiento=<null>,descripcionBreve=<null>,precio=<null>,precioDescontado=0.9,duracion=<null>,idDescuento=<null>,tipoContenido=<null>,porcentaje=<null>,fechaPedido=<null>]
2019-04-24 11:18:07.121 DEBUG ContenidoDAOImpl.findPorId:37 - Id = 5 
2019-04-24 11:18:07.123 DEBUG ContenidoDAOImpl.update:393 - Contenido = com.david.training.model.Contenido@6cbcf243[idContenido=5,titulo=<null>,restriccionEdad=<null>,portada=<null>,fechaLanzamiento=<null>,descripcionBreve=<null>,precio=<null>,precioDescontado=0.9,duracion=<null>,idDescuento=<null>,tipoContenido=<null>,porcentaje=<null>,fechaPedido=<null>]
2019-04-24 11:18:07.125 DEBUG ContenidoDAOImpl.findPorId:37 - Id = 5 
2019-04-24 11:18:07.126 DEBUG ContenidoDAOImpl.update:393 - Contenido = com.david.training.model.Contenido@557a1e2d[idContenido=5,titulo=<null>,restriccionEdad=<null>,portada=<null>,fechaLanzamiento=<null>,descripcionBreve=<null>,precio=<null>,precioDescontado=0.9,duracion=<null>,idDescuento=<null>,tipoContenido=<null>,porcentaje=<null>,fechaPedido=<null>]
2019-04-24 11:18:07.128 DEBUG ContenidoDAOImpl.findPorId:37 - Id = 5 
2019-04-24 11:18:07.130 DEBUG ContenidoDAOImpl.update:393 - Contenido = com.david.training.model.Contenido@b968a76[idContenido=5,titulo=<null>,restriccionEdad=<null>,portada=<null>,fechaLanzamiento=<null>,descripcionBreve=<null>,precio=<null>,precioDescontado=0.9,duracion=<null>,idDescuento=<null>,tipoContenido=<null>,porcentaje=<null>,fechaPedido=<null>]
2019-04-24 11:18:07.132 DEBUG ContenidoDAOImpl.findPorId:37 - Id = 5 
2019-04-24 11:18:07.135 DEBUG ContenidoDAOImpl.update:393 - Contenido = com.david.training.model.Contenido@72445aba[idContenido=5,titulo=<null>,restriccionEdad=<null>,portada=<null>,fechaLanzamiento=<null>,descripcionBreve=<null>,precio=<null>,precioDescontado=0.9,duracion=<null>,idDescuento=<null>,tipoContenido=<null>,porcentaje=<null>,fechaPedido=<null>]
2019-04-24 11:18:07.136 DEBUG ContenidoDAOImpl.findPorId:37 - Id = 5 
2019-04-24 11:18:07.138 DEBUG ContenidoDAOImpl.update:393 - Contenido = com.david.training.model.Contenido@5b408dc3[idContenido=5,titulo=<null>,restriccionEdad=<null>,portada=<null>,fechaLanzamiento=<null>,descripcionBreve=<null>,precio=<null>,precioDescontado=0.9,duracion=<null>,idDescuento=<null>,tipoContenido=<null>,porcentaje=<null>,fechaPedido=<null>]
2019-04-24 11:18:07.139 DEBUG ContenidoDAOImpl.findPorId:37 - Id = 5 
2019-04-24 11:18:07.142 DEBUG ContenidoDAOImpl.update:393 - Contenido = com.david.training.model.Contenido@74cadd41[idContenido=5,titulo=<null>,restriccionEdad=<null>,portada=<null>,fechaLanzamiento=<null>,descripcionBreve=<null>,precio=<null>,precioDescontado=0.9,duracion=<null>,idDescuento=<null>,tipoContenido=<null>,porcentaje=<null>,fechaPedido=<null>]
2019-04-24 11:18:07.144 DEBUG ContenidoDAOImpl.findPorId:37 - Id = 5 
2019-04-24 11:18:07.147 DEBUG ContenidoDAOImpl.update:393 - Contenido = com.david.training.model.Contenido@42a9e5d1[idContenido=5,titulo=<null>,restriccionEdad=<null>,portada=<null>,fechaLanzamiento=<null>,descripcionBreve=<null>,precio=<null>,precioDescontado=0.9,duracion=<null>,idDescuento=<null>,tipoContenido=<null>,porcentaje=<null>,fechaPedido=<null>]
2019-04-24 11:18:07.149 DEBUG ContenidoDAOImpl.findPorId:37 - Id = 5 
2019-04-24 11:18:07.151 DEBUG ContenidoDAOImpl.update:393 - Contenido = com.david.training.model.Contenido@165b2f7f[idContenido=5,titulo=<null>,restriccionEdad=<null>,portada=<null>,fechaLanzamiento=<null>,descripcionBreve=<null>,precio=<null>,precioDescontado=0.9,duracion=<null>,idDescuento=<null>,tipoContenido=<null>,porcentaje=<null>,fechaPedido=<null>]
2019-04-24 11:18:07.153 DEBUG ContenidoDAOImpl.findPorId:37 - Id = 5 
2019-04-24 11:18:07.155 DEBUG ContenidoDAOImpl.update:393 - Contenido = com.david.training.model.Contenido@5ddabb18[idContenido=5,titulo=<null>,restriccionEdad=<null>,portada=<null>,fechaLanzamiento=<null>,descripcionBreve=<null>,precio=<null>,precioDescontado=0.9,duracion=<null>,idDescuento=<null>,tipoContenido=<null>,porcentaje=<null>,fechaPedido=<null>]
2019-04-24 11:18:07.156 DEBUG ContenidoDAOImpl.findPorId:37 - Id = 5 
2019-04-24 11:18:07.157 DEBUG ContenidoDAOImpl.update:393 - Contenido = com.david.training.model.Contenido@51850751[idContenido=5,titulo=<null>,restriccionEdad=<null>,portada=<null>,fechaLanzamiento=<null>,descripcionBreve=<null>,precio=<null>,precioDescontado=0.9,duracion=<null>,idDescuento=<null>,tipoContenido=<null>,porcentaje=<null>,fechaPedido=<null>]
2019-04-24 11:18:07.159 DEBUG ContenidoDAOImpl.findPorId:37 - Id = 5 
2019-04-24 11:18:07.161 DEBUG ContenidoDAOImpl.update:393 - Contenido = com.david.training.model.Contenido@2cac4385[idContenido=5,titulo=<null>,restriccionEdad=<null>,portada=<null>,fechaLanzamiento=<null>,descripcionBreve=<null>,precio=<null>,precioDescontado=0.9,duracion=<null>,idDescuento=<null>,tipoContenido=<null>,porcentaje=<null>,fechaPedido=<null>]
2019-04-24 11:18:07.163 DEBUG ContenidoDAOImpl.findPorId:37 - Id = 5 
2019-04-24 11:18:07.165 DEBUG ContenidoDAOImpl.update:393 - Contenido = com.david.training.model.Contenido@2cb3d0f7[idContenido=5,titulo=<null>,restriccionEdad=<null>,portada=<null>,fechaLanzamiento=<null>,descripcionBreve=<null>,precio=<null>,precioDescontado=0.9,duracion=<null>,idDescuento=<null>,tipoContenido=<null>,porcentaje=<null>,fechaPedido=<null>]
2019-04-24 11:18:07.166 DEBUG ContenidoDAOImpl.findPorId:37 - Id = 5 
2019-04-24 11:18:07.168 DEBUG ContenidoDAOImpl.update:393 - Contenido = com.david.training.model.Contenido@34625ccd[idContenido=5,titulo=<null>,restriccionEdad=<null>,portada=<null>,fechaLanzamiento=<null>,descripcionBreve=<null>,precio=<null>,precioDescontado=0.9,duracion=<null>,idDescuento=<null>,tipoContenido=<null>,porcentaje=<null>,fechaPedido=<null>]
2019-04-24 11:18:07.170 DEBUG ContenidoDAOImpl.findPorId:37 - Id = 5 
2019-04-24 11:18:07.172 DEBUG ContenidoDAOImpl.update:393 - Contenido = com.david.training.model.Contenido@4bf3798b[idContenido=5,titulo=<null>,restriccionEdad=<null>,portada=<null>,fechaLanzamiento=<null>,descripcionBreve=<null>,precio=<null>,precioDescontado=0.9,duracion=<null>,idDescuento=<null>,tipoContenido=<null>,porcentaje=<null>,fechaPedido=<null>]
2019-04-24 11:18:07.173 DEBUG ContenidoDAOImpl.findPorId:37 - Id = 5 
2019-04-24 11:18:07.176 DEBUG ContenidoDAOImpl.update:393 - Contenido = com.david.training.model.Contenido@768ccdc5[idContenido=5,titulo=<null>,restriccionEdad=<null>,portada=<null>,fechaLanzamiento=<null>,descripcionBreve=<null>,precio=<null>,precioDescontado=0.9,duracion=<null>,idDescuento=<null>,tipoContenido=<null>,porcentaje=<null>,fechaPedido=<null>]
2019-04-24 11:18:07.177 DEBUG ContenidoDAOImpl.findPorId:37 - Id = 5 
2019-04-24 11:18:07.179 DEBUG ContenidoDAOImpl.update:393 - Contenido = com.david.training.model.Contenido@f74e835[idContenido=5,titulo=<null>,restriccionEdad=<null>,portada=<null>,fechaLanzamiento=<null>,descripcionBreve=<null>,precio=<null>,precioDescontado=0.9,duracion=<null>,idDescuento=<null>,tipoContenido=<null>,porcentaje=<null>,fechaPedido=<null>]
2019-04-24 11:18:07.182 DEBUG ContenidoDAOImpl.findPorId:37 - Id = 5 
2019-04-24 11:18:07.182 DEBUG ContenidoDAOImpl.update:393 - Contenido = com.david.training.model.Contenido@48c35007[idContenido=5,titulo=<null>,restriccionEdad=<null>,portada=<null>,fechaLanzamiento=<null>,descripcionBreve=<null>,precio=<null>,precioDescontado=0.9,duracion=<null>,idDescuento=<null>,tipoContenido=<null>,porcentaje=<null>,fechaPedido=<null>]
2019-04-24 11:18:07.184 DEBUG ContenidoDAOImpl.findPorId:37 - Id = 5 
2019-04-24 11:18:07.186 DEBUG ContenidoDAOImpl.update:393 - Contenido = com.david.training.model.Contenido@2a3591c5[idContenido=5,titulo=<null>,restriccionEdad=<null>,portada=<null>,fechaLanzamiento=<null>,descripcionBreve=<null>,precio=<null>,precioDescontado=0.9,duracion=<null>,idDescuento=<null>,tipoContenido=<null>,porcentaje=<null>,fechaPedido=<null>]
2019-04-24 11:18:07.187 DEBUG ContenidoDAOImpl.findPorId:37 - Id = 5 
2019-04-24 11:18:07.189 DEBUG ContenidoDAOImpl.update:393 - Contenido = com.david.training.model.Contenido@acb0951[idContenido=5,titulo=<null>,restriccionEdad=<null>,portada=<null>,fechaLanzamiento=<null>,descripcionBreve=<null>,precio=<null>,precioDescontado=0.9,duracion=<null>,idDescuento=<null>,tipoContenido=<null>,porcentaje=<null>,fechaPedido=<null>]
2019-04-24 11:18:07.191 DEBUG ContenidoDAOImpl.findPorId:37 - Id = 5 
2019-04-24 11:18:07.193 DEBUG ContenidoDAOImpl.update:393 - Contenido = com.david.training.model.Contenido@68d6972f[idContenido=5,titulo=<null>,restriccionEdad=<null>,portada=<null>,fechaLanzamiento=<null>,descripcionBreve=<null>,precio=<null>,precioDescontado=0.9,duracion=<null>,idDescuento=<null>,tipoContenido=<null>,porcentaje=<null>,fechaPedido=<null>]
2019-04-24 11:18:07.194 DEBUG ContenidoDAOImpl.findPorId:37 - Id = 5 
2019-04-24 11:18:07.196 DEBUG ContenidoDAOImpl.update:393 - Contenido = com.david.training.model.Contenido@21005f6c[idContenido=5,titulo=<null>,restriccionEdad=<null>,portada=<null>,fechaLanzamiento=<null>,descripcionBreve=<null>,precio=<null>,precioDescontado=0.9,duracion=<null>,idDescuento=<null>,tipoContenido=<null>,porcentaje=<null>,fechaPedido=<null>]
2019-04-24 11:18:07.197 DEBUG ContenidoDAOImpl.findPorId:37 - Id = 5 
2019-04-24 11:18:07.199 DEBUG ContenidoDAOImpl.update:393 - Contenido = com.david.training.model.Contenido@eb6449b[idContenido=5,titulo=<null>,restriccionEdad=<null>,portada=<null>,fechaLanzamiento=<null>,descripcionBreve=<null>,precio=<null>,precioDescontado=0.9,duracion=<null>,idDescuento=<null>,tipoContenido=<null>,porcentaje=<null>,fechaPedido=<null>]
2019-04-24 11:18:07.201 DEBUG ContenidoDAOImpl.findPorId:37 - Id = 5 
2019-04-24 11:18:07.203 DEBUG ContenidoDAOImpl.update:393 - Contenido = com.david.training.model.Contenido@305f031[idContenido=5,titulo=<null>,restriccionEdad=<null>,portada=<null>,fechaLanzamiento=<null>,descripcionBreve=<null>,precio=<null>,precioDescontado=0.9,duracion=<null>,idDescuento=<null>,tipoContenido=<null>,porcentaje=<null>,fechaPedido=<null>]
2019-04-24 11:18:07.205 DEBUG ContenidoDAOImpl.findPorId:37 - Id = 5 
2019-04-24 11:18:07.206 DEBUG ContenidoDAOImpl.update:393 - Contenido = com.david.training.model.Contenido@44c79f32[idContenido=5,titulo=<null>,restriccionEdad=<null>,portada=<null>,fechaLanzamiento=<null>,descripcionBreve=<null>,precio=<null>,precioDescontado=0.9,duracion=<null>,idDescuento=<null>,tipoContenido=<null>,porcentaje=<null>,fechaPedido=<null>]
2019-04-24 11:18:07.208 DEBUG ContenidoDAOImpl.findPorId:37 - Id = 5 
2019-04-24 11:18:07.210 DEBUG ContenidoDAOImpl.update:393 - Contenido = com.david.training.model.Contenido@fd0e5b6[idContenido=5,titulo=<null>,restriccionEdad=<null>,portada=<null>,fechaLanzamiento=<null>,descripcionBreve=<null>,precio=<null>,precioDescontado=0.9,duracion=<null>,idDescuento=<null>,tipoContenido=<null>,porcentaje=<null>,fechaPedido=<null>]
2019-04-24 11:18:07.212 DEBUG ContenidoDAOImpl.findPorId:37 - Id = 5 
2019-04-24 11:18:07.214 DEBUG ContenidoDAOImpl.update:393 - Contenido = com.david.training.model.Contenido@5cc126dc[idContenido=5,titulo=<null>,restriccionEdad=<null>,portada=<null>,fechaLanzamiento=<null>,descripcionBreve=<null>,precio=<null>,precioDescontado=0.9,duracion=<null>,idDescuento=<null>,tipoContenido=<null>,porcentaje=<null>,fechaPedido=<null>]
2019-04-24 11:18:07.215 DEBUG ContenidoDAOImpl.findPorId:37 - Id = 5 
2019-04-24 11:18:07.218 DEBUG ContenidoDAOImpl.update:393 - Contenido = com.david.training.model.Contenido@7fd4acee[idContenido=5,titulo=<null>,restriccionEdad=<null>,portada=<null>,fechaLanzamiento=<null>,descripcionBreve=<null>,precio=<null>,precioDescontado=0.9,duracion=<null>,idDescuento=<null>,tipoContenido=<null>,porcentaje=<null>,fechaPedido=<null>]
2019-04-24 11:18:07.219 DEBUG ContenidoDAOImpl.findPorId:37 - Id = 5 
2019-04-24 11:18:07.221 DEBUG ContenidoDAOImpl.update:393 - Contenido = com.david.training.model.Contenido@7b139eab[idContenido=5,titulo=<null>,restriccionEdad=<null>,portada=<null>,fechaLanzamiento=<null>,descripcionBreve=<null>,precio=<null>,precioDescontado=0.9,duracion=<null>,idDescuento=<null>,tipoContenido=<null>,porcentaje=<null>,fechaPedido=<null>]
2019-04-24 11:18:07.223 DEBUG ContenidoDAOImpl.findPorId:37 - Id = 5 
2019-04-24 11:18:07.225 DEBUG ContenidoDAOImpl.update:393 - Contenido = com.david.training.model.Contenido@18a3962d[idContenido=5,titulo=<null>,restriccionEdad=<null>,portada=<null>,fechaLanzamiento=<null>,descripcionBreve=<null>,precio=<null>,precioDescontado=0.9,duracion=<null>,idDescuento=<null>,tipoContenido=<null>,porcentaje=<null>,fechaPedido=<null>]
2019-04-24 11:18:07.227 DEBUG ContenidoDAOImpl.findPorId:37 - Id = 5 
2019-04-24 11:18:07.229 DEBUG ContenidoDAOImpl.update:393 - Contenido = com.david.training.model.Contenido@6ffab045[idContenido=5,titulo=<null>,restriccionEdad=<null>,portada=<null>,fechaLanzamiento=<null>,descripcionBreve=<null>,precio=<null>,precioDescontado=0.9,duracion=<null>,idDescuento=<null>,tipoContenido=<null>,porcentaje=<null>,fechaPedido=<null>]
2019-04-24 11:18:07.231 DEBUG ContenidoDAOImpl.findPorId:37 - Id = 5 
2019-04-24 11:18:07.233 DEBUG ContenidoDAOImpl.update:393 - Contenido = com.david.training.model.Contenido@9635fa[idContenido=5,titulo=<null>,restriccionEdad=<null>,portada=<null>,fechaLanzamiento=<null>,descripcionBreve=<null>,precio=<null>,precioDescontado=0.9,duracion=<null>,idDescuento=<null>,tipoContenido=<null>,porcentaje=<null>,fechaPedido=<null>]
2019-04-24 11:18:07.234 DEBUG ContenidoDAOImpl.findPorId:37 - Id = 5 
2019-04-24 11:18:07.236 DEBUG ContenidoDAOImpl.update:393 - Contenido = com.david.training.model.Contenido@fd46303[idContenido=5,titulo=<null>,restriccionEdad=<null>,portada=<null>,fechaLanzamiento=<null>,descripcionBreve=<null>,precio=<null>,precioDescontado=0.9,duracion=<null>,idDescuento=<null>,tipoContenido=<null>,porcentaje=<null>,fechaPedido=<null>]
2019-04-24 11:18:07.238 DEBUG ContenidoDAOImpl.findPorId:37 - Id = 5 
2019-04-24 11:18:07.240 DEBUG ContenidoDAOImpl.update:393 - Contenido = com.david.training.model.Contenido@1ca25c47[idContenido=5,titulo=<null>,restriccionEdad=<null>,portada=<null>,fechaLanzamiento=<null>,descripcionBreve=<null>,precio=<null>,precioDescontado=0.9,duracion=<null>,idDescuento=<null>,tipoContenido=<null>,porcentaje=<null>,fechaPedido=<null>]
2019-04-24 11:18:07.242 DEBUG ContenidoDAOImpl.findPorId:37 - Id = 5 
2019-04-24 11:18:07.245 DEBUG ContenidoDAOImpl.update:393 - Contenido = com.david.training.model.Contenido@2b58f754[idContenido=5,titulo=<null>,restriccionEdad=<null>,portada=<null>,fechaLanzamiento=<null>,descripcionBreve=<null>,precio=<null>,precioDescontado=0.9,duracion=<null>,idDescuento=<null>,tipoContenido=<null>,porcentaje=<null>,fechaPedido=<null>]
2019-04-24 11:18:07.247 DEBUG ContenidoDAOImpl.findPorId:37 - Id = 5 
2019-04-24 11:18:07.249 DEBUG ContenidoDAOImpl.update:393 - Contenido = com.david.training.model.Contenido@2484f433[idContenido=5,titulo=<null>,restriccionEdad=<null>,portada=<null>,fechaLanzamiento=<null>,descripcionBreve=<null>,precio=<null>,precioDescontado=0.9,duracion=<null>,idDescuento=<null>,tipoContenido=<null>,porcentaje=<null>,fechaPedido=<null>]
2019-04-24 11:18:07.251 DEBUG ContenidoDAOImpl.findPorId:37 - Id = 5 
2019-04-24 11:18:07.253 DEBUG ContenidoDAOImpl.update:393 - Contenido = com.david.training.model.Contenido@5fd62371[idContenido=5,titulo=<null>,restriccionEdad=<null>,portada=<null>,fechaLanzamiento=<null>,descripcionBreve=<null>,precio=<null>,precioDescontado=0.9,duracion=<null>,idDescuento=<null>,tipoContenido=<null>,porcentaje=<null>,fechaPedido=<null>]
2019-04-24 11:18:07.255 DEBUG ContenidoDAOImpl.findPorId:37 - Id = 5 
2019-04-24 11:18:07.257 DEBUG ContenidoDAOImpl.update:393 - Contenido = com.david.training.model.Contenido@4fcee388[idContenido=5,titulo=<null>,restriccionEdad=<null>,portada=<null>,fechaLanzamiento=<null>,descripcionBreve=<null>,precio=<null>,precioDescontado=0.9,duracion=<null>,idDescuento=<null>,tipoContenido=<null>,porcentaje=<null>,fechaPedido=<null>]
2019-04-24 11:18:07.259 DEBUG ContenidoDAOImpl.findPorId:37 - Id = 5 
2019-04-24 11:18:07.261 DEBUG ContenidoDAOImpl.update:393 - Contenido = com.david.training.model.Contenido@362a019c[idContenido=5,titulo=<null>,restriccionEdad=<null>,portada=<null>,fechaLanzamiento=<null>,descripcionBreve=<null>,precio=<null>,precioDescontado=0.9,duracion=<null>,idDescuento=<null>,tipoContenido=<null>,porcentaje=<null>,fechaPedido=<null>]
2019-04-24 11:18:07.262 DEBUG ContenidoDAOImpl.findPorId:37 - Id = 5 
2019-04-24 11:18:07.265 DEBUG ContenidoDAOImpl.update:393 - Contenido = com.david.training.model.Contenido@31024624[idContenido=5,titulo=<null>,restriccionEdad=<null>,portada=<null>,fechaLanzamiento=<null>,descripcionBreve=<null>,precio=<null>,precioDescontado=0.9,duracion=<null>,idDescuento=<null>,tipoContenido=<null>,porcentaje=<null>,fechaPedido=<null>]
2019-04-24 11:18:07.267 DEBUG ContenidoDAOImpl.findPorId:37 - Id = 5 
2019-04-24 11:18:07.269 DEBUG ContenidoDAOImpl.update:393 - Contenido = com.david.training.model.Contenido@591e58fa[idContenido=5,titulo=<null>,restriccionEdad=<null>,portada=<null>,fechaLanzamiento=<null>,descripcionBreve=<null>,precio=<null>,precioDescontado=0.9,duracion=<null>,idDescuento=<null>,tipoContenido=<null>,porcentaje=<null>,fechaPedido=<null>]
2019-04-24 11:18:07.271 DEBUG ContenidoDAOImpl.findPorId:37 - Id = 5 
2019-04-24 11:18:07.274 DEBUG ContenidoDAOImpl.update:393 - Contenido = com.david.training.model.Contenido@2f162cc0[idContenido=5,titulo=<null>,restriccionEdad=<null>,portada=<null>,fechaLanzamiento=<null>,descripcionBreve=<null>,precio=<null>,precioDescontado=0.9,duracion=<null>,idDescuento=<null>,tipoContenido=<null>,porcentaje=<null>,fechaPedido=<null>]
2019-04-24 11:18:07.275 DEBUG ContenidoDAOImpl.findPorId:37 - Id = 5 
2019-04-24 11:18:07.277 DEBUG ContenidoDAOImpl.update:393 - Contenido = com.david.training.model.Contenido@3a1d593e[idContenido=5,titulo=<null>,restriccionEdad=<null>,portada=<null>,fechaLanzamiento=<null>,descripcionBreve=<null>,precio=<null>,precioDescontado=0.9,duracion=<null>,idDescuento=<null>,tipoContenido=<null>,porcentaje=<null>,fechaPedido=<null>]
2019-04-24 11:18:07.278 DEBUG ContenidoDAOImpl.findPorId:37 - Id = 5 
2019-04-24 11:18:07.280 DEBUG ContenidoDAOImpl.update:393 - Contenido = com.david.training.model.Contenido@5af28b27[idContenido=5,titulo=<null>,restriccionEdad=<null>,portada=<null>,fechaLanzamiento=<null>,descripcionBreve=<null>,precio=<null>,precioDescontado=0.9,duracion=<null>,idDescuento=<null>,tipoContenido=<null>,porcentaje=<null>,fechaPedido=<null>]
2019-04-24 11:18:07.282 DEBUG ContenidoDAOImpl.findPorId:37 - Id = 5 
2019-04-24 11:18:07.284 DEBUG ContenidoDAOImpl.update:393 - Contenido = com.david.training.model.Contenido@293bb8a5[idContenido=5,titulo=<null>,restriccionEdad=<null>,portada=<null>,fechaLanzamiento=<null>,descripcionBreve=<null>,precio=<null>,precioDescontado=0.9,duracion=<null>,idDescuento=<null>,tipoContenido=<null>,porcentaje=<null>,fechaPedido=<null>]
2019-04-24 11:18:07.286 DEBUG ContenidoDAOImpl.findPorId:37 - Id = 5 
2019-04-24 11:18:07.288 DEBUG ContenidoDAOImpl.update:393 - Contenido = com.david.training.model.Contenido@33617539[idContenido=5,titulo=<null>,restriccionEdad=<null>,portada=<null>,fechaLanzamiento=<null>,descripcionBreve=<null>,precio=<null>,precioDescontado=0.9,duracion=<null>,idDescuento=<null>,tipoContenido=<null>,porcentaje=<null>,fechaPedido=<null>]
2019-04-24 11:18:07.290 DEBUG ContenidoDAOImpl.findPorId:37 - Id = 5 
2019-04-24 11:18:07.293 DEBUG ContenidoDAOImpl.update:393 - Contenido = com.david.training.model.Contenido@8a589a2[idContenido=5,titulo=<null>,restriccionEdad=<null>,portada=<null>,fechaLanzamiento=<null>,descripcionBreve=<null>,precio=<null>,precioDescontado=0.9,duracion=<null>,idDescuento=<null>,tipoContenido=<null>,porcentaje=<null>,fechaPedido=<null>]
2019-04-24 11:18:07.294 DEBUG ContenidoDAOImpl.findPorId:37 - Id = 5 
2019-04-24 11:18:07.296 DEBUG ContenidoDAOImpl.update:393 - Contenido = com.david.training.model.Contenido@11dee337[idContenido=5,titulo=<null>,restriccionEdad=<null>,portada=<null>,fechaLanzamiento=<null>,descripcionBreve=<null>,precio=<null>,precioDescontado=0.9,duracion=<null>,idDescuento=<null>,tipoContenido=<null>,porcentaje=<null>,fechaPedido=<null>]
2019-04-24 11:18:07.298 DEBUG ContenidoDAOImpl.findPorId:37 - Id = 5 
2019-04-24 11:18:07.300 DEBUG ContenidoDAOImpl.update:393 - Contenido = com.david.training.model.Contenido@532a02d9[idContenido=5,titulo=<null>,restriccionEdad=<null>,portada=<null>,fechaLanzamiento=<null>,descripcionBreve=<null>,precio=<null>,precioDescontado=0.9,duracion=<null>,idDescuento=<null>,tipoContenido=<null>,porcentaje=<null>,fechaPedido=<null>]
2019-04-24 11:18:07.302 DEBUG ContenidoDAOImpl.findPorId:37 - Id = 5 
2019-04-24 11:18:07.304 DEBUG ContenidoDAOImpl.update:393 - Contenido = com.david.training.model.Contenido@a77614d[idContenido=5,titulo=<null>,restriccionEdad=<null>,portada=<null>,fechaLanzamiento=<null>,descripcionBreve=<null>,precio=<null>,precioDescontado=0.9,duracion=<null>,idDescuento=<null>,tipoContenido=<null>,porcentaje=<null>,fechaPedido=<null>]
2019-04-24 11:18:07.305 DEBUG ContenidoDAOImpl.findPorId:37 - Id = 5 
2019-04-24 11:18:07.307 DEBUG ContenidoDAOImpl.update:393 - Contenido = com.david.training.model.Contenido@2b52c0d6[idContenido=5,titulo=<null>,restriccionEdad=<null>,portada=<null>,fechaLanzamiento=<null>,descripcionBreve=<null>,precio=<null>,precioDescontado=0.9,duracion=<null>,idDescuento=<null>,tipoContenido=<null>,porcentaje=<null>,fechaPedido=<null>]
2019-04-24 11:18:07.309 DEBUG ContenidoDAOImpl.findPorId:37 - Id = 5 
2019-04-24 11:18:07.311 DEBUG ContenidoDAOImpl.update:393 - Contenido = com.david.training.model.Contenido@21526f6c[idContenido=5,titulo=<null>,restriccionEdad=<null>,portada=<null>,fechaLanzamiento=<null>,descripcionBreve=<null>,precio=<null>,precioDescontado=0.9,duracion=<null>,idDescuento=<null>,tipoContenido=<null>,porcentaje=<null>,fechaPedido=<null>]
2019-04-24 11:18:07.313 DEBUG ContenidoDAOImpl.findPorId:37 - Id = 5 
2019-04-24 11:18:07.315 DEBUG ContenidoDAOImpl.update:393 - Contenido = com.david.training.model.Contenido@4a9cc6cb[idContenido=5,titulo=<null>,restriccionEdad=<null>,portada=<null>,fechaLanzamiento=<null>,descripcionBreve=<null>,precio=<null>,precioDescontado=0.9,duracion=<null>,idDescuento=<null>,tipoContenido=<null>,porcentaje=<null>,fechaPedido=<null>]
2019-04-24 11:18:07.316 DEBUG ContenidoDAOImpl.findPorId:37 - Id = 5 
2019-04-24 11:18:07.318 DEBUG ContenidoDAOImpl.update:393 - Contenido = com.david.training.model.Contenido@37eeec90[idContenido=5,titulo=<null>,restriccionEdad=<null>,portada=<null>,fechaLanzamiento=<null>,descripcionBreve=<null>,precio=<null>,precioDescontado=0.9,duracion=<null>,idDescuento=<null>,tipoContenido=<null>,porcentaje=<null>,fechaPedido=<null>]
2019-04-24 11:18:07.320 DEBUG ContenidoDAOImpl.findPorId:37 - Id = 5 
2019-04-24 11:18:07.322 DEBUG ContenidoDAOImpl.update:393 - Contenido = com.david.training.model.Contenido@72b16078[idContenido=5,titulo=<null>,restriccionEdad=<null>,portada=<null>,fechaLanzamiento=<null>,descripcionBreve=<null>,precio=<null>,precioDescontado=0.9,duracion=<null>,idDescuento=<null>,tipoContenido=<null>,porcentaje=<null>,fechaPedido=<null>]
2019-04-24 11:18:07.323 DEBUG ContenidoDAOImpl.findPorId:37 - Id = 5 
2019-04-24 11:18:07.325 DEBUG ContenidoDAOImpl.update:393 - Contenido = com.david.training.model.Contenido@30ed9c6c[idContenido=5,titulo=<null>,restriccionEdad=<null>,portada=<null>,fechaLanzamiento=<null>,descripcionBreve=<null>,precio=<null>,precioDescontado=0.9,duracion=<null>,idDescuento=<null>,tipoContenido=<null>,porcentaje=<null>,fechaPedido=<null>]
2019-04-24 11:18:07.327 DEBUG ContenidoDAOImpl.findPorId:37 - Id = 5 
2019-04-24 11:18:07.329 DEBUG ContenidoDAOImpl.update:393 - Contenido = com.david.training.model.Contenido@2a2da905[idContenido=5,titulo=<null>,restriccionEdad=<null>,portada=<null>,fechaLanzamiento=<null>,descripcionBreve=<null>,precio=<null>,precioDescontado=0.9,duracion=<null>,idDescuento=<null>,tipoContenido=<null>,porcentaje=<null>,fechaPedido=<null>]
2019-04-24 11:18:07.330 DEBUG ContenidoDAOImpl.findPorId:37 - Id = 5 
2019-04-24 11:18:07.332 DEBUG ContenidoDAOImpl.update:393 - Contenido = com.david.training.model.Contenido@2f2bf0e2[idContenido=5,titulo=<null>,restriccionEdad=<null>,portada=<null>,fechaLanzamiento=<null>,descripcionBreve=<null>,precio=<null>,precioDescontado=0.9,duracion=<null>,idDescuento=<null>,tipoContenido=<null>,porcentaje=<null>,fechaPedido=<null>]
2019-04-24 11:18:07.334 DEBUG ContenidoDAOImpl.findPorId:37 - Id = 5 
2019-04-24 11:18:07.336 DEBUG ContenidoDAOImpl.update:393 - Contenido = com.david.training.model.Contenido@5e77f0f4[idContenido=5,titulo=<null>,restriccionEdad=<null>,portada=<null>,fechaLanzamiento=<null>,descripcionBreve=<null>,precio=<null>,precioDescontado=0.9,duracion=<null>,idDescuento=<null>,tipoContenido=<null>,porcentaje=<null>,fechaPedido=<null>]
2019-04-24 11:18:07.337 DEBUG ContenidoDAOImpl.findPorId:37 - Id = 5 
2019-04-24 11:18:07.340 DEBUG ContenidoDAOImpl.update:393 - Contenido = com.david.training.model.Contenido@4a9e6faf[idContenido=5,titulo=<null>,restriccionEdad=<null>,portada=<null>,fechaLanzamiento=<null>,descripcionBreve=<null>,precio=<null>,precioDescontado=0.9,duracion=<null>,idDescuento=<null>,tipoContenido=<null>,porcentaje=<null>,fechaPedido=<null>]
2019-04-24 11:18:07.340 DEBUG ContenidoDAOImpl.findPorId:37 - Id = 5 
2019-04-24 11:18:07.343 DEBUG ContenidoDAOImpl.update:393 - Contenido = com.david.training.model.Contenido@61d9efe0[idContenido=5,titulo=<null>,restriccionEdad=<null>,portada=<null>,fechaLanzamiento=<null>,descripcionBreve=<null>,precio=<null>,precioDescontado=0.9,duracion=<null>,idDescuento=<null>,tipoContenido=<null>,porcentaje=<null>,fechaPedido=<null>]
2019-04-24 11:18:07.344 DEBUG ContenidoDAOImpl.findPorId:37 - Id = 5 
2019-04-24 11:18:07.346 DEBUG ContenidoDAOImpl.update:393 - Contenido = com.david.training.model.Contenido@21d5c1a0[idContenido=5,titulo=<null>,restriccionEdad=<null>,portada=<null>,fechaLanzamiento=<null>,descripcionBreve=<null>,precio=<null>,precioDescontado=0.9,duracion=<null>,idDescuento=<null>,tipoContenido=<null>,porcentaje=<null>,fechaPedido=<null>]
2019-04-24 11:18:07.347 DEBUG ContenidoDAOImpl.findPorId:37 - Id = 5 
2019-04-24 11:18:07.349 DEBUG ContenidoDAOImpl.update:393 - Contenido = com.david.training.model.Contenido@2c4ca0f9[idContenido=5,titulo=<null>,restriccionEdad=<null>,portada=<null>,fechaLanzamiento=<null>,descripcionBreve=<null>,precio=<null>,precioDescontado=0.9,duracion=<null>,idDescuento=<null>,tipoContenido=<null>,porcentaje=<null>,fechaPedido=<null>]
2019-04-24 11:18:07.351 DEBUG ContenidoDAOImpl.findPorId:37 - Id = 5 
2019-04-24 11:18:07.353 DEBUG ContenidoDAOImpl.update:393 - Contenido = com.david.training.model.Contenido@64c2b546[idContenido=5,titulo=<null>,restriccionEdad=<null>,portada=<null>,fechaLanzamiento=<null>,descripcionBreve=<null>,precio=<null>,precioDescontado=0.9,duracion=<null>,idDescuento=<null>,tipoContenido=<null>,porcentaje=<null>,fechaPedido=<null>]
2019-04-24 11:18:07.354 DEBUG ContenidoDAOImpl.findPorId:37 - Id = 5 
2019-04-24 11:18:07.356 DEBUG ContenidoDAOImpl.update:393 - Contenido = com.david.training.model.Contenido@758f4f03[idContenido=5,titulo=<null>,restriccionEdad=<null>,portada=<null>,fechaLanzamiento=<null>,descripcionBreve=<null>,precio=<null>,precioDescontado=0.9,duracion=<null>,idDescuento=<null>,tipoContenido=<null>,porcentaje=<null>,fechaPedido=<null>]
2019-04-24 11:18:07.357 DEBUG ContenidoDAOImpl.findPorId:37 - Id = 5 
2019-04-24 11:18:07.359 DEBUG ContenidoDAOImpl.update:393 - Contenido = com.david.training.model.Contenido@3f093abe[idContenido=5,titulo=<null>,restriccionEdad=<null>,portada=<null>,fechaLanzamiento=<null>,descripcionBreve=<null>,precio=<null>,precioDescontado=0.9,duracion=<null>,idDescuento=<null>,tipoContenido=<null>,porcentaje=<null>,fechaPedido=<null>]
2019-04-24 11:18:07.360 DEBUG ContenidoDAOImpl.findPorId:37 - Id = 5 
2019-04-24 11:18:07.362 DEBUG ContenidoDAOImpl.update:393 - Contenido = com.david.training.model.Contenido@3aa3193a[idContenido=5,titulo=<null>,restriccionEdad=<null>,portada=<null>,fechaLanzamiento=<null>,descripcionBreve=<null>,precio=<null>,precioDescontado=0.9,duracion=<null>,idDescuento=<null>,tipoContenido=<null>,porcentaje=<null>,fechaPedido=<null>]
2019-04-24 11:18:07.363 DEBUG ContenidoDAOImpl.findPorId:37 - Id = 5 
2019-04-24 11:18:07.365 DEBUG ContenidoDAOImpl.update:393 - Contenido = com.david.training.model.Contenido@67427b69[idContenido=5,titulo=<null>,restriccionEdad=<null>,portada=<null>,fechaLanzamiento=<null>,descripcionBreve=<null>,precio=<null>,precioDescontado=0.9,duracion=<null>,idDescuento=<null>,tipoContenido=<null>,porcentaje=<null>,fechaPedido=<null>]
2019-04-24 11:18:07.367 DEBUG ContenidoDAOImpl.findPorId:37 - Id = 5 
2019-04-24 11:18:07.369 DEBUG ContenidoDAOImpl.update:393 - Contenido = com.david.training.model.Contenido@7927bd9f[idContenido=5,titulo=<null>,restriccionEdad=<null>,portada=<null>,fechaLanzamiento=<null>,descripcionBreve=<null>,precio=<null>,precioDescontado=0.9,duracion=<null>,idDescuento=<null>,tipoContenido=<null>,porcentaje=<null>,fechaPedido=<null>]
2019-04-24 11:18:07.370 DEBUG ContenidoDAOImpl.findPorId:37 - Id = 5 
2019-04-24 11:18:07.372 DEBUG ContenidoDAOImpl.update:393 - Contenido = com.david.training.model.Contenido@245a26e1[idContenido=5,titulo=<null>,restriccionEdad=<null>,portada=<null>,fechaLanzamiento=<null>,descripcionBreve=<null>,precio=<null>,precioDescontado=0.9,duracion=<null>,idDescuento=<null>,tipoContenido=<null>,porcentaje=<null>,fechaPedido=<null>]
2019-04-24 11:18:07.373 DEBUG ContenidoDAOImpl.findPorId:37 - Id = 5 
2019-04-24 11:18:07.375 DEBUG ContenidoDAOImpl.update:393 - Contenido = com.david.training.model.Contenido@5aceec94[idContenido=5,titulo=<null>,restriccionEdad=<null>,portada=<null>,fechaLanzamiento=<null>,descripcionBreve=<null>,precio=<null>,precioDescontado=0.9,duracion=<null>,idDescuento=<null>,tipoContenido=<null>,porcentaje=<null>,fechaPedido=<null>]
2019-04-24 11:18:07.377 DEBUG ContenidoDAOImpl.findPorId:37 - Id = 5 
2019-04-24 11:18:07.379 DEBUG ContenidoDAOImpl.update:393 - Contenido = com.david.training.model.Contenido@42257bdd[idContenido=5,titulo=<null>,restriccionEdad=<null>,portada=<null>,fechaLanzamiento=<null>,descripcionBreve=<null>,precio=<null>,precioDescontado=0.9,duracion=<null>,idDescuento=<null>,tipoContenido=<null>,porcentaje=<null>,fechaPedido=<null>]
2019-04-24 11:18:07.381 DEBUG ContenidoDAOImpl.findPorId:37 - Id = 5 
2019-04-24 11:18:07.383 DEBUG ContenidoDAOImpl.update:393 - Contenido = com.david.training.model.Contenido@5922ae77[idContenido=5,titulo=<null>,restriccionEdad=<null>,portada=<null>,fechaLanzamiento=<null>,descripcionBreve=<null>,precio=<null>,precioDescontado=0.9,duracion=<null>,idDescuento=<null>,tipoContenido=<null>,porcentaje=<null>,fechaPedido=<null>]
2019-04-24 11:18:07.385 DEBUG ContenidoDAOImpl.findPorId:37 - Id = 5 
2019-04-24 11:18:07.387 DEBUG ContenidoDAOImpl.update:393 - Contenido = com.david.training.model.Contenido@5910de75[idContenido=5,titulo=<null>,restriccionEdad=<null>,portada=<null>,fechaLanzamiento=<null>,descripcionBreve=<null>,precio=<null>,precioDescontado=0.9,duracion=<null>,idDescuento=<null>,tipoContenido=<null>,porcentaje=<null>,fechaPedido=<null>]
2019-04-24 11:18:07.388 DEBUG ContenidoDAOImpl.findPorId:37 - Id = 5 
2019-04-24 11:18:07.391 DEBUG ContenidoDAOImpl.update:393 - Contenido = com.david.training.model.Contenido@34abdee4[idContenido=5,titulo=<null>,restriccionEdad=<null>,portada=<null>,fechaLanzamiento=<null>,descripcionBreve=<null>,precio=<null>,precioDescontado=0.9,duracion=<null>,idDescuento=<null>,tipoContenido=<null>,porcentaje=<null>,fechaPedido=<null>]
2019-04-24 11:18:07.392 DEBUG ContenidoDAOImpl.findPorId:37 - Id = 5 
2019-04-24 11:18:07.394 DEBUG ContenidoDAOImpl.update:393 - Contenido = com.david.training.model.Contenido@681aad3b[idContenido=5,titulo=<null>,restriccionEdad=<null>,portada=<null>,fechaLanzamiento=<null>,descripcionBreve=<null>,precio=<null>,precioDescontado=0.9,duracion=<null>,idDescuento=<null>,tipoContenido=<null>,porcentaje=<null>,fechaPedido=<null>]
2019-04-24 11:18:07.396 DEBUG ContenidoDAOImpl.findPorId:37 - Id = 5 
2019-04-24 11:18:07.398 DEBUG ContenidoDAOImpl.update:393 - Contenido = com.david.training.model.Contenido@3277e499[idContenido=5,titulo=<null>,restriccionEdad=<null>,portada=<null>,fechaLanzamiento=<null>,descripcionBreve=<null>,precio=<null>,precioDescontado=0.9,duracion=<null>,idDescuento=<null>,tipoContenido=<null>,porcentaje=<null>,fechaPedido=<null>]
2019-04-24 11:18:07.400 DEBUG ContenidoDAOImpl.findPorId:37 - Id = 5 
2019-04-24 11:18:07.402 DEBUG ContenidoDAOImpl.update:393 - Contenido = com.david.training.model.Contenido@2c5d601e[idContenido=5,titulo=<null>,restriccionEdad=<null>,portada=<null>,fechaLanzamiento=<null>,descripcionBreve=<null>,precio=<null>,precioDescontado=0.9,duracion=<null>,idDescuento=<null>,tipoContenido=<null>,porcentaje=<null>,fechaPedido=<null>]
2019-04-24 11:18:07.404 DEBUG ContenidoDAOImpl.findPorId:37 - Id = 5 
2019-04-24 11:18:07.406 DEBUG ContenidoDAOImpl.update:393 - Contenido = com.david.training.model.Contenido@620aa4ea[idContenido=5,titulo=<null>,restriccionEdad=<null>,portada=<null>,fechaLanzamiento=<null>,descripcionBreve=<null>,precio=<null>,precioDescontado=0.9,duracion=<null>,idDescuento=<null>,tipoContenido=<null>,porcentaje=<null>,fechaPedido=<null>]
2019-04-24 11:18:07.408 DEBUG ContenidoDAOImpl.findPorId:37 - Id = 5 
2019-04-24 11:18:07.409 DEBUG ContenidoDAOImpl.update:393 - Contenido = com.david.training.model.Contenido@6d6bc158[idContenido=5,titulo=<null>,restriccionEdad=<null>,portada=<null>,fechaLanzamiento=<null>,descripcionBreve=<null>,precio=<null>,precioDescontado=0.9,duracion=<null>,idDescuento=<null>,tipoContenido=<null>,porcentaje=<null>,fechaPedido=<null>]
2019-04-24 11:18:07.411 DEBUG ContenidoDAOImpl.findPorId:37 - Id = 5 
2019-04-24 11:18:07.413 DEBUG ContenidoDAOImpl.update:393 - Contenido = com.david.training.model.Contenido@f31c0c6[idContenido=5,titulo=<null>,restriccionEdad=<null>,portada=<null>,fechaLanzamiento=<null>,descripcionBreve=<null>,precio=<null>,precioDescontado=0.9,duracion=<null>,idDescuento=<null>,tipoContenido=<null>,porcentaje=<null>,fechaPedido=<null>]
2019-04-24 11:18:07.415 DEBUG ContenidoDAOImpl.findPorId:37 - Id = 5 
2019-04-24 11:18:07.416 DEBUG ContenidoDAOImpl.update:393 - Contenido = com.david.training.model.Contenido@5c77053b[idContenido=5,titulo=<null>,restriccionEdad=<null>,portada=<null>,fechaLanzamiento=<null>,descripcionBreve=<null>,precio=<null>,precioDescontado=0.9,duracion=<null>,idDescuento=<null>,tipoContenido=<null>,porcentaje=<null>,fechaPedido=<null>]
2019-04-24 11:18:27.759 DEBUG ContenidoDAOImpl.findPorId:37 - Id = 0 
2019-04-24 11:18:56.158 DEBUG ContenidoDAOImpl.findPorId:37 - Id = 1 
2019-04-24 11:18:56.222 DEBUG ContenidoDAOImpl.update:393 - Contenido = com.david.training.model.Contenido@5c2375a9[idContenido=1,titulo=<null>,restriccionEdad=<null>,portada=<null>,fechaLanzamiento=<null>,descripcionBreve=<null>,precio=<null>,precioDescontado=0.45,duracion=<null>,idDescuento=<null>,tipoContenido=<null>,porcentaje=<null>,fechaPedido=<null>]
2019-04-24 11:18:56.277 DEBUG ContenidoDAOImpl.findPorId:37 - Id = 2 
2019-04-24 11:18:56.280 DEBUG ContenidoDAOImpl.update:393 - Contenido = com.david.training.model.Contenido@74589991[idContenido=2,titulo=<null>,restriccionEdad=<null>,portada=<null>,fechaLanzamiento=<null>,descripcionBreve=<null>,precio=<null>,precioDescontado=1.5,duracion=<null>,idDescuento=<null>,tipoContenido=<null>,porcentaje=<null>,fechaPedido=<null>]
2019-04-24 11:18:56.282 DEBUG ContenidoDAOImpl.findPorId:37 - Id = 3 
2019-04-24 11:18:56.285 DEBUG ContenidoDAOImpl.update:393 - Contenido = com.david.training.model.Contenido@1046d517[idContenido=3,titulo=<null>,restriccionEdad=<null>,portada=<null>,fechaLanzamiento=<null>,descripcionBreve=<null>,precio=<null>,precioDescontado=0.3,duracion=<null>,idDescuento=<null>,tipoContenido=<null>,porcentaje=<null>,fechaPedido=<null>]
2019-04-24 11:18:56.287 DEBUG ContenidoDAOImpl.findPorId:37 - Id = 4 
2019-04-24 11:18:56.290 DEBUG ContenidoDAOImpl.update:393 - Contenido = com.david.training.model.Contenido@4ae9cfc1[idContenido=4,titulo=<null>,restriccionEdad=<null>,portada=<null>,fechaLanzamiento=<null>,descripcionBreve=<null>,precio=<null>,precioDescontado=0.75,duracion=<null>,idDescuento=<null>,tipoContenido=<null>,porcentaje=<null>,fechaPedido=<null>]
2019-04-24 11:18:56.295 DEBUG ContenidoDAOImpl.findPorId:37 - Id = 5 
2019-04-24 11:18:56.301 DEBUG ContenidoDAOImpl.update:393 - Contenido = com.david.training.model.Contenido@60856961[idContenido=5,titulo=<null>,restriccionEdad=<null>,portada=<null>,fechaLanzamiento=<null>,descripcionBreve=<null>,precio=<null>,precioDescontado=0.9,duracion=<null>,idDescuento=<null>,tipoContenido=<null>,porcentaje=<null>,fechaPedido=<null>]
2019-04-24 11:18:56.303 DEBUG ContenidoDAOImpl.findPorId:37 - Id = 6 
2019-04-24 11:18:56.306 DEBUG ContenidoDAOImpl.update:393 - Contenido = com.david.training.model.Contenido@35432107[idContenido=6,titulo=<null>,restriccionEdad=<null>,portada=<null>,fechaLanzamiento=<null>,descripcionBreve=<null>,precio=<null>,precioDescontado=0.15,duracion=<null>,idDescuento=<null>,tipoContenido=<null>,porcentaje=<null>,fechaPedido=<null>]
2019-04-24 11:18:56.310 DEBUG ContenidoDAOImpl.findPorId:37 - Id = 7 
2019-04-24 11:18:56.313 DEBUG ContenidoDAOImpl.update:393 - Contenido = com.david.training.model.Contenido@56928307[idContenido=7,titulo=<null>,restriccionEdad=<null>,portada=<null>,fechaLanzamiento=<null>,descripcionBreve=<null>,precio=<null>,precioDescontado=0.15,duracion=<null>,idDescuento=<null>,tipoContenido=<null>,porcentaje=<null>,fechaPedido=<null>]
2019-04-24 11:18:56.328 DEBUG ContenidoDAOImpl.findPorId:37 - Id = 8 
2019-04-24 11:18:56.331 DEBUG ContenidoDAOImpl.update:393 - Contenido = com.david.training.model.Contenido@13ad5cd3[idContenido=8,titulo=<null>,restriccionEdad=<null>,portada=<null>,fechaLanzamiento=<null>,descripcionBreve=<null>,precio=<null>,precioDescontado=0.15,duracion=<null>,idDescuento=<null>,tipoContenido=<null>,porcentaje=<null>,fechaPedido=<null>]
2019-04-24 11:18:56.336 DEBUG ContenidoDAOImpl.findPorId:37 - Id = 9 
2019-04-24 11:18:56.340 DEBUG ContenidoDAOImpl.update:393 - Contenido = com.david.training.model.Contenido@58326051[idContenido=9,titulo=<null>,restriccionEdad=<null>,portada=<null>,fechaLanzamiento=<null>,descripcionBreve=<null>,precio=<null>,precioDescontado=1.5,duracion=<null>,idDescuento=<null>,tipoContenido=<null>,porcentaje=<null>,fechaPedido=<null>]
2019-04-24 11:19:08.903 DEBUG ContenidoDAOImpl.findPorId:37 - Id = 1 
2019-04-24 11:19:08.986 DEBUG ContenidoDAOImpl.update:393 - Contenido = com.david.training.model.Contenido@5c2375a9[idContenido=1,titulo=<null>,restriccionEdad=<null>,portada=<null>,fechaLanzamiento=<null>,descripcionBreve=<null>,precio=<null>,precioDescontado=0.45,duracion=<null>,idDescuento=<null>,tipoContenido=<null>,porcentaje=<null>,fechaPedido=<null>]
2019-04-24 11:19:08.989 DEBUG ContenidoDAOImpl.findPorId:37 - Id = 2 
2019-04-24 11:19:08.994 DEBUG ContenidoDAOImpl.update:393 - Contenido = com.david.training.model.Contenido@74589991[idContenido=2,titulo=<null>,restriccionEdad=<null>,portada=<null>,fechaLanzamiento=<null>,descripcionBreve=<null>,precio=<null>,precioDescontado=1.5,duracion=<null>,idDescuento=<null>,tipoContenido=<null>,porcentaje=<null>,fechaPedido=<null>]
2019-04-24 11:19:08.997 DEBUG ContenidoDAOImpl.findPorId:37 - Id = 3 
2019-04-24 11:19:09.001 DEBUG ContenidoDAOImpl.update:393 - Contenido = com.david.training.model.Contenido@1046d517[idContenido=3,titulo=<null>,restriccionEdad=<null>,portada=<null>,fechaLanzamiento=<null>,descripcionBreve=<null>,precio=<null>,precioDescontado=0.3,duracion=<null>,idDescuento=<null>,tipoContenido=<null>,porcentaje=<null>,fechaPedido=<null>]
2019-04-24 11:19:09.004 DEBUG ContenidoDAOImpl.findPorId:37 - Id = 4 
2019-04-24 11:19:09.008 DEBUG ContenidoDAOImpl.update:393 - Contenido = com.david.training.model.Contenido@4ae9cfc1[idContenido=4,titulo=<null>,restriccionEdad=<null>,portada=<null>,fechaLanzamiento=<null>,descripcionBreve=<null>,precio=<null>,precioDescontado=0.75,duracion=<null>,idDescuento=<null>,tipoContenido=<null>,porcentaje=<null>,fechaPedido=<null>]
2019-04-24 11:19:09.015 DEBUG ContenidoDAOImpl.findPorId:37 - Id = 5 
2019-04-24 11:19:09.029 DEBUG ContenidoDAOImpl.update:393 - Contenido = com.david.training.model.Contenido@60856961[idContenido=5,titulo=<null>,restriccionEdad=<null>,portada=<null>,fechaLanzamiento=<null>,descripcionBreve=<null>,precio=<null>,precioDescontado=0.9,duracion=<null>,idDescuento=<null>,tipoContenido=<null>,porcentaje=<null>,fechaPedido=<null>]
2019-04-24 11:19:09.032 DEBUG ContenidoDAOImpl.findPorId:37 - Id = 6 
2019-04-24 11:19:09.036 DEBUG ContenidoDAOImpl.update:393 - Contenido = com.david.training.model.Contenido@35432107[idContenido=6,titulo=<null>,restriccionEdad=<null>,portada=<null>,fechaLanzamiento=<null>,descripcionBreve=<null>,precio=<null>,precioDescontado=0.15,duracion=<null>,idDescuento=<null>,tipoContenido=<null>,porcentaje=<null>,fechaPedido=<null>]
2019-04-24 11:19:09.038 DEBUG ContenidoDAOImpl.findPorId:37 - Id = 7 
2019-04-24 11:19:09.043 DEBUG ContenidoDAOImpl.update:393 - Contenido = com.david.training.model.Contenido@56928307[idContenido=7,titulo=<null>,restriccionEdad=<null>,portada=<null>,fechaLanzamiento=<null>,descripcionBreve=<null>,precio=<null>,precioDescontado=0.15,duracion=<null>,idDescuento=<null>,tipoContenido=<null>,porcentaje=<null>,fechaPedido=<null>]
2019-04-24 11:19:09.045 DEBUG ContenidoDAOImpl.findPorId:37 - Id = 8 
2019-04-24 11:19:09.049 DEBUG ContenidoDAOImpl.update:393 - Contenido = com.david.training.model.Contenido@13ad5cd3[idContenido=8,titulo=<null>,restriccionEdad=<null>,portada=<null>,fechaLanzamiento=<null>,descripcionBreve=<null>,precio=<null>,precioDescontado=0.15,duracion=<null>,idDescuento=<null>,tipoContenido=<null>,porcentaje=<null>,fechaPedido=<null>]
2019-04-24 11:19:09.053 DEBUG ContenidoDAOImpl.findPorId:37 - Id = 9 
2019-04-24 11:19:09.056 DEBUG ContenidoDAOImpl.update:393 - Contenido = com.david.training.model.Contenido@58326051[idContenido=9,titulo=<null>,restriccionEdad=<null>,portada=<null>,fechaLanzamiento=<null>,descripcionBreve=<null>,precio=<null>,precioDescontado=1.5,duracion=<null>,idDescuento=<null>,tipoContenido=<null>,porcentaje=<null>,fechaPedido=<null>]
2019-04-24 11:19:56.529 DEBUG ContenidoDAOImpl.findPorId:37 - Id = 101 
2019-04-24 11:19:56.622 DEBUG ContenidoDAOImpl.update:393 - Contenido = com.david.training.model.Contenido@5c2375a9[idContenido=101,titulo=<null>,restriccionEdad=<null>,portada=<null>,fechaLanzamiento=<null>,descripcionBreve=<null>,precio=<null>,precioDescontado=1.25,duracion=<null>,idDescuento=<null>,tipoContenido=<null>,porcentaje=<null>,fechaPedido=<null>]
2019-04-24 11:19:56.683 DEBUG ContenidoDAOImpl.findPorId:37 - Id = 102 
2019-04-24 11:19:56.686 DEBUG ContenidoDAOImpl.update:393 - Contenido = com.david.training.model.Contenido@74589991[idContenido=102,titulo=<null>,restriccionEdad=<null>,portada=<null>,fechaLanzamiento=<null>,descripcionBreve=<null>,precio=<null>,precioDescontado=0.75,duracion=<null>,idDescuento=<null>,tipoContenido=<null>,porcentaje=<null>,fechaPedido=<null>]
2019-04-24 11:19:56.690 DEBUG ContenidoDAOImpl.findPorId:37 - Id = 103 
2019-04-24 11:19:56.693 DEBUG ContenidoDAOImpl.update:393 - Contenido = com.david.training.model.Contenido@1046d517[idContenido=103,titulo=<null>,restriccionEdad=<null>,portada=<null>,fechaLanzamiento=<null>,descripcionBreve=<null>,precio=<null>,precioDescontado=0.75,duracion=<null>,idDescuento=<null>,tipoContenido=<null>,porcentaje=<null>,fechaPedido=<null>]
2019-04-24 11:20:18.144 DEBUG ContenidoDAOImpl.findPorId:37 - Id = 201 
2019-04-24 11:20:18.230 DEBUG ContenidoDAOImpl.update:393 - Contenido = com.david.training.model.Contenido@5c2375a9[idContenido=201,titulo=<null>,restriccionEdad=<null>,portada=<null>,fechaLanzamiento=<null>,descripcionBreve=<null>,precio=<null>,precioDescontado=0.3,duracion=<null>,idDescuento=<null>,tipoContenido=<null>,porcentaje=<null>,fechaPedido=<null>]
