2019-04-01 12:59:25.420 INFO  ContenidoServiceTest.testBusquedaEstructurada:99 - Testing Busqueda Estructurada ...
2019-04-01 12:59:26.573 DEBUG ContenidoDAOImpl.findByCriteria:190 - Producto = com.david.training.model.ProductoCriteria@45a37759[categoria=[],pais=[],a=<null>,idContenido=<null>,titulo=<null>,restriccionEdad=<null>,portada=<null>,fechaLanzamiento=<null>,descripcionBreve=<null>,precio=<null>,precioDescontado=<null>,duracion=<null>,idDescuento=<null>,tipoContenido=<null>,porcentaje=<null>,fechaPedido=<null>] Idioma = es
2019-04-01 12:59:26.643 INFO  ContenidoServiceTest.testBusquedaEstructurada:126 - Found 13 results.
2019-04-01 12:59:26.644 INFO  ContenidoServiceTest.testBusquedaEstructurada:128 - Page [1 - 3] : 
2019-04-01 12:59:26.645 INFO  ContenidoServiceTest.testBusquedaEstructurada:130 - Result 1: com.david.training.model.Contenido@73cd37c0[idContenido=5,titulo=KILL BILL VOL 2,restriccionEdad=18+,portada=URL,fechaLanzamiento=2018-12-11,descripcionBreve=,precio=3.0,precioDescontado=0.0,duracion=90,idDescuento=5,tipoContenido=PEL,porcentaje=30,fechaPedido=<null>]
2019-04-01 12:59:26.645 INFO  ContenidoServiceTest.testBusquedaEstructurada:130 - Result 2: com.david.training.model.Contenido@21337f7b[idContenido=1,titulo=RESERVOIR DOGS,restriccionEdad=16+,portada=URL,fechaLanzamiento=2018-12-10,descripcionBreve=,precio=3.0,precioDescontado=0.0,duracion=90,idDescuento=1,tipoContenido=PEL,porcentaje=15,fechaPedido=<null>]
2019-04-01 12:59:26.646 INFO  ContenidoServiceTest.testBusquedaEstructurada:130 - Result 3: com.david.training.model.Contenido@2bb3058[idContenido=2,titulo=PULP FICTION,restriccionEdad=16+,portada=URL,fechaLanzamiento=2018-12-10,descripcionBreve=,precio=3.0,precioDescontado=1.5,duracion=90,idDescuento=2,tipoContenido=PEL,porcentaje=50,fechaPedido=<null>]
2019-04-01 12:59:26.647 DEBUG ContenidoDAOImpl.findByCriteria:190 - Producto = com.david.training.model.ProductoCriteria@45a37759[categoria=[],pais=[],a=<null>,idContenido=<null>,titulo=<null>,restriccionEdad=<null>,portada=<null>,fechaLanzamiento=<null>,descripcionBreve=<null>,precio=<null>,precioDescontado=<null>,duracion=<null>,idDescuento=<null>,tipoContenido=<null>,porcentaje=<null>,fechaPedido=<null>] Idioma = es
2019-04-01 12:59:26.650 INFO  ContenidoServiceTest.testBusquedaEstructurada:126 - Found 13 results.
2019-04-01 12:59:26.650 INFO  ContenidoServiceTest.testBusquedaEstructurada:128 - Page [4 - 6] : 
2019-04-01 12:59:26.650 INFO  ContenidoServiceTest.testBusquedaEstructurada:130 - Result 4: com.david.training.model.Contenido@632ceb35[idContenido=3,titulo=JACKIE BROWN,restriccionEdad=16+,portada=URL,fechaLanzamiento=2018-12-10,descripcionBreve=,precio=3.0,precioDescontado=0.3,duracion=90,idDescuento=3,tipoContenido=PEL,porcentaje=10,fechaPedido=<null>]
2019-04-01 12:59:26.651 INFO  ContenidoServiceTest.testBusquedaEstructurada:130 - Result 5: com.david.training.model.Contenido@1c93f6e1[idContenido=4,titulo=KILL BILL VOL 1,restriccionEdad=16+,portada=URL,fechaLanzamiento=2018-12-10,descripcionBreve=,precio=3.0,precioDescontado=0.0,duracion=90,idDescuento=4,tipoContenido=PEL,porcentaje=25,fechaPedido=<null>]
2019-04-01 12:59:26.651 INFO  ContenidoServiceTest.testBusquedaEstructurada:130 - Result 6: com.david.training.model.Contenido@1800a575[idContenido=6,titulo=DEATH PROOF,restriccionEdad=12+,portada=URL,fechaLanzamiento=2018-12-10,descripcionBreve=,precio=3.0,precioDescontado=0.0,duracion=90,idDescuento=6,tipoContenido=PEL,porcentaje=5,fechaPedido=<null>]
2019-04-01 12:59:26.652 DEBUG ContenidoDAOImpl.findByCriteria:190 - Producto = com.david.training.model.ProductoCriteria@45a37759[categoria=[],pais=[],a=<null>,idContenido=<null>,titulo=<null>,restriccionEdad=<null>,portada=<null>,fechaLanzamiento=<null>,descripcionBreve=<null>,precio=<null>,precioDescontado=<null>,duracion=<null>,idDescuento=<null>,tipoContenido=<null>,porcentaje=<null>,fechaPedido=<null>] Idioma = es
2019-04-01 12:59:26.657 INFO  ContenidoServiceTest.testBusquedaEstructurada:126 - Found 13 results.
2019-04-01 12:59:26.657 INFO  ContenidoServiceTest.testBusquedaEstructurada:128 - Page [7 - 9] : 
2019-04-01 12:59:26.658 INFO  ContenidoServiceTest.testBusquedaEstructurada:130 - Result 7: com.david.training.model.Contenido@60856961[idContenido=7,titulo=MALDITOS BASTARDOS,restriccionEdad=7+,portada=URL,fechaLanzamiento=2018-12-10,descripcionBreve= Película del año 2009 escrita y dirigida por Quentin Tarantino y protagonizada por Brad Pitt, Christoph Waltz y Mélanie Laurent.,precio=3.0,precioDescontado=0.0,duracion=90,idDescuento=7,tipoContenido=PEL,porcentaje=5,fechaPedido=<null>]
2019-04-01 12:59:26.659 INFO  ContenidoServiceTest.testBusquedaEstructurada:130 - Result 8: com.david.training.model.Contenido@2fd953a6[idContenido=8,titulo=DJANGO DESENCADENADO,restriccionEdad=TP,portada=URL,fechaLanzamiento=2018-12-10,descripcionBreve=,precio=3.0,precioDescontado=0.75,duracion=90,idDescuento=8,tipoContenido=PEL,porcentaje=5,fechaPedido=<null>]
2019-04-01 12:59:26.659 INFO  ContenidoServiceTest.testBusquedaEstructurada:130 - Result 9: com.david.training.model.Contenido@a4add54[idContenido=9,titulo=LOS ODIOSOS OCHO,restriccionEdad=16+,portada=URL,fechaLanzamiento=2018-12-10,descripcionBreve=,precio=3.0,precioDescontado=0.0,duracion=90,idDescuento=2,tipoContenido=PEL,porcentaje=50,fechaPedido=<null>]
2019-04-01 12:59:26.660 DEBUG ContenidoDAOImpl.findByCriteria:190 - Producto = com.david.training.model.ProductoCriteria@45a37759[categoria=[],pais=[],a=<null>,idContenido=<null>,titulo=<null>,restriccionEdad=<null>,portada=<null>,fechaLanzamiento=<null>,descripcionBreve=<null>,precio=<null>,precioDescontado=<null>,duracion=<null>,idDescuento=<null>,tipoContenido=<null>,porcentaje=<null>,fechaPedido=<null>] Idioma = es
2019-04-01 12:59:26.664 INFO  ContenidoServiceTest.testBusquedaEstructurada:126 - Found 13 results.
2019-04-01 12:59:26.665 INFO  ContenidoServiceTest.testBusquedaEstructurada:128 - Page [10 - 12] : 
2019-04-01 12:59:26.665 INFO  ContenidoServiceTest.testBusquedaEstructurada:130 - Result 10: com.david.training.model.Contenido@6ccdb29f[idContenido=101,titulo=STRANGER THINGS,restriccionEdad=12+,portada=URL,fechaLanzamiento=2018-12-10,descripcionBreve=,precio=5.0,precioDescontado=0.0,duracion=90,idDescuento=4,tipoContenido=SER,porcentaje=25,fechaPedido=<null>]
2019-04-01 12:59:26.666 INFO  ContenidoServiceTest.testBusquedaEstructurada:130 - Result 11: com.david.training.model.Contenido@3adcc812[idContenido=102,titulo=DRAGON BALL,restriccionEdad=TP,portada=URL,fechaLanzamiento=2018-12-10,descripcionBreve=,precio=5.0,precioDescontado=0.75,duracion=90,idDescuento=1,tipoContenido=SER,porcentaje=15,fechaPedido=<null>]
2019-04-01 12:59:26.666 INFO  ContenidoServiceTest.testBusquedaEstructurada:130 - Result 12: com.david.training.model.Contenido@35432107[idContenido=103,titulo=RICK&MORTY,restriccionEdad=18+,portada=URL,fechaLanzamiento=2018-12-10,descripcionBreve=,precio=5.0,precioDescontado=0.0,duracion=90,idDescuento=1,tipoContenido=SER,porcentaje=15,fechaPedido=<null>]
2019-04-01 12:59:26.667 DEBUG ContenidoDAOImpl.findByCriteria:190 - Producto = com.david.training.model.ProductoCriteria@45a37759[categoria=[],pais=[],a=<null>,idContenido=<null>,titulo=<null>,restriccionEdad=<null>,portada=<null>,fechaLanzamiento=<null>,descripcionBreve=<null>,precio=<null>,precioDescontado=<null>,duracion=<null>,idDescuento=<null>,tipoContenido=<null>,porcentaje=<null>,fechaPedido=<null>] Idioma = es
2019-04-01 12:59:26.672 INFO  ContenidoServiceTest.testBusquedaEstructurada:126 - Found 13 results.
2019-04-01 12:59:26.672 INFO  ContenidoServiceTest.testBusquedaEstructurada:128 - Page [13 - 13] : 
2019-04-01 12:59:26.672 INFO  ContenidoServiceTest.testBusquedaEstructurada:130 - Result 13: com.david.training.model.Contenido@3b96c42e[idContenido=201,titulo=VOX: LA DECADENCIA,restriccionEdad=18+,portada=URL,fechaLanzamiento=2018-12-10,descripcionBreve=,precio=1.0,precioDescontado=0.0,duracion=90,idDescuento=5,tipoContenido=DOC,porcentaje=30,fechaPedido=<null>]
2019-04-01 12:59:26.673 INFO  ContenidoServiceTest.testBusquedaEstructurada:139 - Test testBusquedaEstructurada finished.

2019-04-01 13:00:01.460 INFO  ContenidoServiceTest.testBusquedaEstructurada:99 - Testing Busqueda Estructurada ...
2019-04-01 13:00:02.581 DEBUG ContenidoDAOImpl.findByCriteria:190 - Producto = com.david.training.model.ProductoCriteria@7d446ed1[categoria=[],pais=[],a=<null>,idContenido=<null>,titulo=<null>,restriccionEdad=<null>,portada=<null>,fechaLanzamiento=<null>,descripcionBreve=<null>,precio=<null>,precioDescontado=<null>,duracion=<null>,idDescuento=<null>,tipoContenido=<null>,porcentaje=<null>,fechaPedido=<null>] Idioma = es
2019-04-01 13:00:02.627 INFO  ContenidoServiceTest.testBusquedaEstructurada:126 - Found 13 results.
2019-04-01 13:00:02.627 INFO  ContenidoServiceTest.testBusquedaEstructurada:128 - Page [1 - 3] : 
2019-04-01 13:00:02.628 INFO  ContenidoServiceTest.testBusquedaEstructurada:130 - Result 1: com.david.training.model.Contenido@77128536[idContenido=5,titulo=KILL BILL VOL 2,restriccionEdad=18+,portada=URL,fechaLanzamiento=2018-12-11,descripcionBreve=,precio=3.0,precioDescontado=0.0,duracion=90,idDescuento=5,tipoContenido=PEL,porcentaje=30,fechaPedido=<null>]
2019-04-01 13:00:02.629 INFO  ContenidoServiceTest.testBusquedaEstructurada:130 - Result 2: com.david.training.model.Contenido@58326051[idContenido=1,titulo=RESERVOIR DOGS,restriccionEdad=16+,portada=URL,fechaLanzamiento=2018-12-10,descripcionBreve=,precio=3.0,precioDescontado=0.0,duracion=90,idDescuento=1,tipoContenido=PEL,porcentaje=15,fechaPedido=<null>]
2019-04-01 13:00:02.629 INFO  ContenidoServiceTest.testBusquedaEstructurada:130 - Result 3: com.david.training.model.Contenido@32c4e8b2[idContenido=2,titulo=PULP FICTION,restriccionEdad=16+,portada=URL,fechaLanzamiento=2018-12-10,descripcionBreve=,precio=3.0,precioDescontado=1.5,duracion=90,idDescuento=2,tipoContenido=PEL,porcentaje=50,fechaPedido=<null>]
2019-04-01 13:00:02.630 DEBUG ContenidoDAOImpl.findByCriteria:190 - Producto = com.david.training.model.ProductoCriteria@7d446ed1[categoria=[],pais=[],a=<null>,idContenido=<null>,titulo=<null>,restriccionEdad=<null>,portada=<null>,fechaLanzamiento=<null>,descripcionBreve=<null>,precio=<null>,precioDescontado=<null>,duracion=<null>,idDescuento=<null>,tipoContenido=<null>,porcentaje=<null>,fechaPedido=<null>] Idioma = es
2019-04-01 13:00:02.633 INFO  ContenidoServiceTest.testBusquedaEstructurada:126 - Found 13 results.
2019-04-01 13:00:02.633 INFO  ContenidoServiceTest.testBusquedaEstructurada:128 - Page [4 - 6] : 
2019-04-01 13:00:02.634 INFO  ContenidoServiceTest.testBusquedaEstructurada:130 - Result 4: com.david.training.model.Contenido@4f5991f6[idContenido=3,titulo=JACKIE BROWN,restriccionEdad=16+,portada=URL,fechaLanzamiento=2018-12-10,descripcionBreve=,precio=3.0,precioDescontado=0.3,duracion=90,idDescuento=3,tipoContenido=PEL,porcentaje=10,fechaPedido=<null>]
2019-04-01 13:00:02.634 INFO  ContenidoServiceTest.testBusquedaEstructurada:130 - Result 5: com.david.training.model.Contenido@484094a5[idContenido=4,titulo=KILL BILL VOL 1,restriccionEdad=16+,portada=URL,fechaLanzamiento=2018-12-10,descripcionBreve=,precio=3.0,precioDescontado=0.0,duracion=90,idDescuento=4,tipoContenido=PEL,porcentaje=25,fechaPedido=<null>]
2019-04-01 13:00:02.634 INFO  ContenidoServiceTest.testBusquedaEstructurada:130 - Result 6: com.david.training.model.Contenido@38234a38[idContenido=6,titulo=DEATH PROOF,restriccionEdad=12+,portada=URL,fechaLanzamiento=2018-12-10,descripcionBreve=,precio=3.0,precioDescontado=0.0,duracion=90,idDescuento=6,tipoContenido=PEL,porcentaje=5,fechaPedido=<null>]
2019-04-01 13:00:02.635 DEBUG ContenidoDAOImpl.findByCriteria:190 - Producto = com.david.training.model.ProductoCriteria@7d446ed1[categoria=[],pais=[],a=<null>,idContenido=<null>,titulo=<null>,restriccionEdad=<null>,portada=<null>,fechaLanzamiento=<null>,descripcionBreve=<null>,precio=<null>,precioDescontado=<null>,duracion=<null>,idDescuento=<null>,tipoContenido=<null>,porcentaje=<null>,fechaPedido=<null>] Idioma = es
2019-04-01 13:00:02.638 INFO  ContenidoServiceTest.testBusquedaEstructurada:126 - Found 13 results.
2019-04-01 13:00:02.639 INFO  ContenidoServiceTest.testBusquedaEstructurada:128 - Page [7 - 9] : 
2019-04-01 13:00:02.639 INFO  ContenidoServiceTest.testBusquedaEstructurada:130 - Result 7: com.david.training.model.Contenido@34c01041[idContenido=7,titulo=MALDITOS BASTARDOS,restriccionEdad=7+,portada=URL,fechaLanzamiento=2018-12-10,descripcionBreve= Película del año 2009 escrita y dirigida por Quentin Tarantino y protagonizada por Brad Pitt, Christoph Waltz y Mélanie Laurent.,precio=3.0,precioDescontado=0.0,duracion=90,idDescuento=7,tipoContenido=PEL,porcentaje=5,fechaPedido=<null>]
2019-04-01 13:00:02.640 INFO  ContenidoServiceTest.testBusquedaEstructurada:130 - Result 8: com.david.training.model.Contenido@76f4b65[idContenido=8,titulo=DJANGO DESENCADENADO,restriccionEdad=TP,portada=URL,fechaLanzamiento=2018-12-10,descripcionBreve=,precio=3.0,precioDescontado=0.75,duracion=90,idDescuento=8,tipoContenido=PEL,porcentaje=5,fechaPedido=<null>]
2019-04-01 13:00:02.640 INFO  ContenidoServiceTest.testBusquedaEstructurada:130 - Result 9: com.david.training.model.Contenido@c94fd30[idContenido=9,titulo=LOS ODIOSOS OCHO,restriccionEdad=16+,portada=URL,fechaLanzamiento=2018-12-10,descripcionBreve=,precio=3.0,precioDescontado=0.0,duracion=90,idDescuento=2,tipoContenido=PEL,porcentaje=50,fechaPedido=<null>]
2019-04-01 13:00:02.641 DEBUG ContenidoDAOImpl.findByCriteria:190 - Producto = com.david.training.model.ProductoCriteria@7d446ed1[categoria=[],pais=[],a=<null>,idContenido=<null>,titulo=<null>,restriccionEdad=<null>,portada=<null>,fechaLanzamiento=<null>,descripcionBreve=<null>,precio=<null>,precioDescontado=<null>,duracion=<null>,idDescuento=<null>,tipoContenido=<null>,porcentaje=<null>,fechaPedido=<null>] Idioma = es
2019-04-01 13:00:02.644 INFO  ContenidoServiceTest.testBusquedaEstructurada:126 - Found 13 results.
2019-04-01 13:00:02.644 INFO  ContenidoServiceTest.testBusquedaEstructurada:128 - Page [10 - 12] : 
2019-04-01 13:00:02.644 INFO  ContenidoServiceTest.testBusquedaEstructurada:130 - Result 10: com.david.training.model.Contenido@41e68d87[idContenido=101,titulo=STRANGER THINGS,restriccionEdad=12+,portada=URL,fechaLanzamiento=2018-12-10,descripcionBreve=,precio=5.0,precioDescontado=0.0,duracion=90,idDescuento=4,tipoContenido=SER,porcentaje=25,fechaPedido=<null>]
2019-04-01 13:00:02.645 INFO  ContenidoServiceTest.testBusquedaEstructurada:130 - Result 11: com.david.training.model.Contenido@49ff7d8c[idContenido=102,titulo=DRAGON BALL,restriccionEdad=TP,portada=URL,fechaLanzamiento=2018-12-10,descripcionBreve=,precio=5.0,precioDescontado=0.75,duracion=90,idDescuento=1,tipoContenido=SER,porcentaje=15,fechaPedido=<null>]
2019-04-01 13:00:02.645 INFO  ContenidoServiceTest.testBusquedaEstructurada:130 - Result 12: com.david.training.model.Contenido@29526c05[idContenido=103,titulo=RICK&MORTY,restriccionEdad=18+,portada=URL,fechaLanzamiento=2018-12-10,descripcionBreve=,precio=5.0,precioDescontado=0.0,duracion=90,idDescuento=1,tipoContenido=SER,porcentaje=15,fechaPedido=<null>]
2019-04-01 13:00:02.646 DEBUG ContenidoDAOImpl.findByCriteria:190 - Producto = com.david.training.model.ProductoCriteria@7d446ed1[categoria=[],pais=[],a=<null>,idContenido=<null>,titulo=<null>,restriccionEdad=<null>,portada=<null>,fechaLanzamiento=<null>,descripcionBreve=<null>,precio=<null>,precioDescontado=<null>,duracion=<null>,idDescuento=<null>,tipoContenido=<null>,porcentaje=<null>,fechaPedido=<null>] Idioma = es
2019-04-01 13:00:02.649 INFO  ContenidoServiceTest.testBusquedaEstructurada:126 - Found 13 results.
2019-04-01 13:00:02.649 INFO  ContenidoServiceTest.testBusquedaEstructurada:128 - Page [13 - 13] : 
2019-04-01 13:00:02.649 INFO  ContenidoServiceTest.testBusquedaEstructurada:130 - Result 13: com.david.training.model.Contenido@3f9342d4[idContenido=201,titulo=VOX: LA DECADENCIA,restriccionEdad=18+,portada=URL,fechaLanzamiento=2018-12-10,descripcionBreve=,precio=1.0,precioDescontado=0.0,duracion=90,idDescuento=5,tipoContenido=DOC,porcentaje=30,fechaPedido=<null>]
2019-04-01 13:00:02.650 INFO  ContenidoServiceTest.testBusquedaEstructurada:139 - Test testBusquedaEstructurada finished.

2019-04-01 13:00:37.655 INFO  ContenidoServiceTest.testBusquedaEstructurada:99 - Testing Busqueda Estructurada ...
2019-04-01 13:00:38.448 DEBUG ContenidoDAOImpl.findByCriteria:190 - Producto = com.david.training.model.ProductoCriteria@fdefd3f[categoria=[],pais=[],a=<null>,idContenido=<null>,titulo=<null>,restriccionEdad=<null>,portada=<null>,fechaLanzamiento=<null>,descripcionBreve=<null>,precio=<null>,precioDescontado=<null>,duracion=<null>,idDescuento=<null>,tipoContenido=<null>,porcentaje=<null>,fechaPedido=<null>] Idioma = es
2019-04-01 13:00:38.484 INFO  ContenidoServiceTest.testBusquedaEstructurada:126 - Found 13 results.
2019-04-01 13:00:38.484 INFO  ContenidoServiceTest.testBusquedaEstructurada:128 - Page [1 - 3] : 
2019-04-01 13:00:38.485 INFO  ContenidoServiceTest.testBusquedaEstructurada:130 - Result 1: com.david.training.model.Contenido@25d250c6[idContenido=5,titulo=KILL BILL VOL 2,restriccionEdad=18+,portada=URL,fechaLanzamiento=2018-12-11,descripcionBreve=,precio=3.0,precioDescontado=0.0,duracion=90,idDescuento=5,tipoContenido=PEL,porcentaje=30,fechaPedido=<null>]
2019-04-01 13:00:38.485 INFO  ContenidoServiceTest.testBusquedaEstructurada:130 - Result 2: com.david.training.model.Contenido@4df50bcc[idContenido=1,titulo=RESERVOIR DOGS,restriccionEdad=16+,portada=URL,fechaLanzamiento=2018-12-10,descripcionBreve=,precio=3.0,precioDescontado=0.0,duracion=90,idDescuento=1,tipoContenido=PEL,porcentaje=15,fechaPedido=<null>]
2019-04-01 13:00:38.485 INFO  ContenidoServiceTest.testBusquedaEstructurada:130 - Result 3: com.david.training.model.Contenido@6b26e945[idContenido=2,titulo=PULP FICTION,restriccionEdad=16+,portada=URL,fechaLanzamiento=2018-12-10,descripcionBreve=,precio=3.0,precioDescontado=1.5,duracion=90,idDescuento=2,tipoContenido=PEL,porcentaje=50,fechaPedido=<null>]
2019-04-01 13:00:38.486 DEBUG ContenidoDAOImpl.findByCriteria:190 - Producto = com.david.training.model.ProductoCriteria@fdefd3f[categoria=[],pais=[],a=<null>,idContenido=<null>,titulo=<null>,restriccionEdad=<null>,portada=<null>,fechaLanzamiento=<null>,descripcionBreve=<null>,precio=<null>,precioDescontado=<null>,duracion=<null>,idDescuento=<null>,tipoContenido=<null>,porcentaje=<null>,fechaPedido=<null>] Idioma = es
2019-04-01 13:00:38.488 INFO  ContenidoServiceTest.testBusquedaEstructurada:126 - Found 13 results.
2019-04-01 13:00:38.489 INFO  ContenidoServiceTest.testBusquedaEstructurada:128 - Page [4 - 6] : 
2019-04-01 13:00:38.489 INFO  ContenidoServiceTest.testBusquedaEstructurada:130 - Result 4: com.david.training.model.Contenido@2f112965[idContenido=3,titulo=JACKIE BROWN,restriccionEdad=16+,portada=URL,fechaLanzamiento=2018-12-10,descripcionBreve=,precio=3.0,precioDescontado=0.3,duracion=90,idDescuento=3,tipoContenido=PEL,porcentaje=10,fechaPedido=<null>]
2019-04-01 13:00:38.489 INFO  ContenidoServiceTest.testBusquedaEstructurada:130 - Result 5: com.david.training.model.Contenido@1a04f701[idContenido=4,titulo=KILL BILL VOL 1,restriccionEdad=16+,portada=URL,fechaLanzamiento=2018-12-10,descripcionBreve=,precio=3.0,precioDescontado=0.0,duracion=90,idDescuento=4,tipoContenido=PEL,porcentaje=25,fechaPedido=<null>]
2019-04-01 13:00:38.490 INFO  ContenidoServiceTest.testBusquedaEstructurada:130 - Result 6: com.david.training.model.Contenido@4e91d63f[idContenido=6,titulo=DEATH PROOF,restriccionEdad=12+,portada=URL,fechaLanzamiento=2018-12-10,descripcionBreve=,precio=3.0,precioDescontado=0.0,duracion=90,idDescuento=6,tipoContenido=PEL,porcentaje=5,fechaPedido=<null>]
2019-04-01 13:00:38.490 DEBUG ContenidoDAOImpl.findByCriteria:190 - Producto = com.david.training.model.ProductoCriteria@fdefd3f[categoria=[],pais=[],a=<null>,idContenido=<null>,titulo=<null>,restriccionEdad=<null>,portada=<null>,fechaLanzamiento=<null>,descripcionBreve=<null>,precio=<null>,precioDescontado=<null>,duracion=<null>,idDescuento=<null>,tipoContenido=<null>,porcentaje=<null>,fechaPedido=<null>] Idioma = es
2019-04-01 13:00:38.493 INFO  ContenidoServiceTest.testBusquedaEstructurada:126 - Found 13 results.
2019-04-01 13:00:38.493 INFO  ContenidoServiceTest.testBusquedaEstructurada:128 - Page [7 - 9] : 
2019-04-01 13:00:38.493 INFO  ContenidoServiceTest.testBusquedaEstructurada:130 - Result 7: com.david.training.model.Contenido@769e7ee8[idContenido=7,titulo=MALDITOS BASTARDOS,restriccionEdad=7+,portada=URL,fechaLanzamiento=2018-12-10,descripcionBreve= Película del año 2009 escrita y dirigida por Quentin Tarantino y protagonizada por Brad Pitt, Christoph Waltz y Mélanie Laurent.,precio=3.0,precioDescontado=0.0,duracion=90,idDescuento=7,tipoContenido=PEL,porcentaje=5,fechaPedido=<null>]
2019-04-01 13:00:38.494 INFO  ContenidoServiceTest.testBusquedaEstructurada:130 - Result 8: com.david.training.model.Contenido@5276e6b0[idContenido=8,titulo=DJANGO DESENCADENADO,restriccionEdad=TP,portada=URL,fechaLanzamiento=2018-12-10,descripcionBreve=,precio=3.0,precioDescontado=0.75,duracion=90,idDescuento=8,tipoContenido=PEL,porcentaje=5,fechaPedido=<null>]
2019-04-01 13:00:38.494 INFO  ContenidoServiceTest.testBusquedaEstructurada:130 - Result 9: com.david.training.model.Contenido@71b1176b[idContenido=9,titulo=LOS ODIOSOS OCHO,restriccionEdad=16+,portada=URL,fechaLanzamiento=2018-12-10,descripcionBreve=,precio=3.0,precioDescontado=0.0,duracion=90,idDescuento=2,tipoContenido=PEL,porcentaje=50,fechaPedido=<null>]
2019-04-01 13:00:38.495 DEBUG ContenidoDAOImpl.findByCriteria:190 - Producto = com.david.training.model.ProductoCriteria@fdefd3f[categoria=[],pais=[],a=<null>,idContenido=<null>,titulo=<null>,restriccionEdad=<null>,portada=<null>,fechaLanzamiento=<null>,descripcionBreve=<null>,precio=<null>,precioDescontado=<null>,duracion=<null>,idDescuento=<null>,tipoContenido=<null>,porcentaje=<null>,fechaPedido=<null>] Idioma = es
2019-04-01 13:00:38.497 INFO  ContenidoServiceTest.testBusquedaEstructurada:126 - Found 13 results.
2019-04-01 13:00:38.497 INFO  ContenidoServiceTest.testBusquedaEstructurada:128 - Page [10 - 12] : 
2019-04-01 13:00:38.498 INFO  ContenidoServiceTest.testBusquedaEstructurada:130 - Result 10: com.david.training.model.Contenido@51e5fc98[idContenido=101,titulo=STRANGER THINGS,restriccionEdad=12+,portada=URL,fechaLanzamiento=2018-12-10,descripcionBreve=,precio=5.0,precioDescontado=0.0,duracion=90,idDescuento=4,tipoContenido=SER,porcentaje=25,fechaPedido=<null>]
2019-04-01 13:00:38.498 INFO  ContenidoServiceTest.testBusquedaEstructurada:130 - Result 11: com.david.training.model.Contenido@7c469c48[idContenido=102,titulo=DRAGON BALL,restriccionEdad=TP,portada=URL,fechaLanzamiento=2018-12-10,descripcionBreve=,precio=5.0,precioDescontado=0.75,duracion=90,idDescuento=1,tipoContenido=SER,porcentaje=15,fechaPedido=<null>]
2019-04-01 13:00:38.498 INFO  ContenidoServiceTest.testBusquedaEstructurada:130 - Result 12: com.david.training.model.Contenido@12e61fe6[idContenido=103,titulo=RICK&MORTY,restriccionEdad=18+,portada=URL,fechaLanzamiento=2018-12-10,descripcionBreve=,precio=5.0,precioDescontado=0.0,duracion=90,idDescuento=1,tipoContenido=SER,porcentaje=15,fechaPedido=<null>]
2019-04-01 13:00:38.499 DEBUG ContenidoDAOImpl.findByCriteria:190 - Producto = com.david.training.model.ProductoCriteria@fdefd3f[categoria=[],pais=[],a=<null>,idContenido=<null>,titulo=<null>,restriccionEdad=<null>,portada=<null>,fechaLanzamiento=<null>,descripcionBreve=<null>,precio=<null>,precioDescontado=<null>,duracion=<null>,idDescuento=<null>,tipoContenido=<null>,porcentaje=<null>,fechaPedido=<null>] Idioma = es
2019-04-01 13:00:38.501 INFO  ContenidoServiceTest.testBusquedaEstructurada:126 - Found 13 results.
2019-04-01 13:00:38.501 INFO  ContenidoServiceTest.testBusquedaEstructurada:128 - Page [13 - 13] : 
2019-04-01 13:00:38.502 INFO  ContenidoServiceTest.testBusquedaEstructurada:130 - Result 13: com.david.training.model.Contenido@75329a49[idContenido=201,titulo=VOX: LA DECADENCIA,restriccionEdad=18+,portada=URL,fechaLanzamiento=2018-12-10,descripcionBreve=,precio=1.0,precioDescontado=0.0,duracion=90,idDescuento=5,tipoContenido=DOC,porcentaje=30,fechaPedido=<null>]
2019-04-01 13:00:38.502 INFO  ContenidoServiceTest.testBusquedaEstructurada:139 - Test testBusquedaEstructurada finished.

2019-04-01 13:01:03.570 INFO  ContenidoServiceTest.testBusquedaEstructurada:99 - Testing Busqueda Estructurada ...
2019-04-01 13:01:04.788 DEBUG ContenidoDAOImpl.findByCriteria:190 - Producto = com.david.training.model.ProductoCriteria@20c0a64d[categoria=[],pais=[],a=<null>,idContenido=<null>,titulo=fic,restriccionEdad=<null>,portada=<null>,fechaLanzamiento=<null>,descripcionBreve=<null>,precio=<null>,precioDescontado=<null>,duracion=<null>,idDescuento=<null>,tipoContenido=<null>,porcentaje=<null>,fechaPedido=<null>] Idioma = es
2019-04-01 13:01:04.855 INFO  ContenidoServiceTest.testBusquedaEstructurada:126 - Found 1 results.
2019-04-01 13:01:04.855 INFO  ContenidoServiceTest.testBusquedaEstructurada:128 - Page [1 - 1] : 
2019-04-01 13:01:04.856 INFO  ContenidoServiceTest.testBusquedaEstructurada:130 - Result 1: com.david.training.model.Contenido@5f354bcf[idContenido=2,titulo=PULP FICTION,restriccionEdad=16+,portada=URL,fechaLanzamiento=2018-12-10,descripcionBreve=,precio=3.0,precioDescontado=1.5,duracion=90,idDescuento=2,tipoContenido=PEL,porcentaje=50,fechaPedido=<null>]
2019-04-01 13:01:04.857 INFO  ContenidoServiceTest.testBusquedaEstructurada:139 - Test testBusquedaEstructurada finished.

