2019-05-09 17:49:09.019 INFO  ContenidoServiceTest.testBusquedaEstructurada:103 - Testing Busqueda Estructurada ...
2019-05-09 17:49:10.104 DEBUG ContenidoDAOImpl.findByCriteria:206 - Producto = com.david.training.model.ProductoCriteria@54eb2b70[categoria=[],pais=[],a=<null>,idContenido=<null>,titulo=str,restriccionEdad=<null>,portada=<null>,fechaLanzamiento=<null>,descripcionBreve=<null>,precio=<null>,precioDescontado=<null>,duracion=<null>,idDescuento=<null>,tipoContenido=<null>,porcentaje=<null>,fechaPedido=<null>,artistasRoles=[]] Idioma = es
2019-05-09 17:49:10.180 INFO  ContenidoServiceTest.testBusquedaEstructurada:149 - Found 1 results.
2019-05-09 17:49:10.181 INFO  ContenidoServiceTest.testBusquedaEstructurada:151 - Page [1 - 1] : 
2019-05-09 17:49:10.182 INFO  ContenidoServiceTest.testBusquedaEstructurada:153 - Result 1: com.david.training.model.Contenido@e70f13a[idContenido=101,titulo=STRANGER THINGS,restriccionEdad=12+,portada=https://image.tmdb.org/t/p/original/w11o86GIqTSV9LTIuFu9AQMcSvd.jpg,fechaLanzamiento=2018-12-10,descripcionBreve=,precio=5.0,precioDescontado=1.25,duracion=90,idDescuento=4,tipoContenido=SER,porcentaje=25,fechaPedido=<null>,artistasRoles=[]]
2019-05-09 17:49:10.182 INFO  ContenidoServiceTest.testBusquedaEstructurada:162 - Test testBusquedaEstructurada finished.

2019-05-09 17:49:10.183 INFO  ContenidoServiceTest.testBusquedaEstructurada:163 - Titulo: str
2019-05-09 17:49:10.183 INFO  ContenidoServiceTest.testBusquedaEstructurada:164 - Edad: 16+
2019-05-09 17:50:30.865 INFO  ContenidoServiceTest.testBusquedaEstructurada:103 - Testing Busqueda Estructurada ...
2019-05-09 17:50:32.121 DEBUG ContenidoDAOImpl.findByCriteria:206 - Producto = com.david.training.model.ProductoCriteria@455b6df1[categoria=[],pais=[],a=<null>,idContenido=<null>,titulo=str,restriccionEdad=<null>,portada=<null>,fechaLanzamiento=<null>,descripcionBreve=<null>,precio=<null>,precioDescontado=<null>,duracion=<null>,idDescuento=<null>,tipoContenido=<null>,porcentaje=<null>,fechaPedido=<null>,artistasRoles=[]] Idioma = es
2019-05-09 17:50:32.201 INFO  ContenidoServiceTest.testBusquedaEstructurada:149 - Found 1 results.
2019-05-09 17:50:32.201 INFO  ContenidoServiceTest.testBusquedaEstructurada:151 - Page [1 - 1] : 
2019-05-09 17:50:32.202 INFO  ContenidoServiceTest.testBusquedaEstructurada:153 - Result 1: com.david.training.model.Contenido@3daf7722[idContenido=101,titulo=STRANGER THINGS,restriccionEdad=12+,portada=https://image.tmdb.org/t/p/original/w11o86GIqTSV9LTIuFu9AQMcSvd.jpg,fechaLanzamiento=2018-12-10,descripcionBreve=,precio=5.0,precioDescontado=1.25,duracion=90,idDescuento=4,tipoContenido=SER,porcentaje=25,fechaPedido=<null>,artistasRoles=[]]
2019-05-09 17:50:32.203 INFO  ContenidoServiceTest.testBusquedaEstructurada:162 - Test testBusquedaEstructurada finished.

2019-05-09 17:50:32.203 INFO  ContenidoServiceTest.testBusquedaEstructurada:163 - Titulo: str
2019-05-09 17:50:32.203 INFO  ContenidoServiceTest.testBusquedaEstructurada:164 - Edad: null
2019-05-09 17:54:45.161 INFO  ContenidoServiceTest.testBusquedaEstructurada:103 - Testing Busqueda Estructurada ...
2019-05-09 17:54:46.256 DEBUG ContenidoDAOImpl.findByCriteria:206 - Producto = com.david.training.model.ProductoCriteria@455b6df1[categoria=[],pais=[],a=<null>,idContenido=<null>,titulo=<null>,restriccionEdad=<null>,portada=<null>,fechaLanzamiento=<null>,descripcionBreve=<null>,precio=<null>,precioDescontado=<null>,duracion=<null>,idDescuento=<null>,tipoContenido=<null>,porcentaje=5,fechaPedido=<null>,artistasRoles=[]] Idioma = es
2019-05-09 17:54:46.356 INFO  ContenidoServiceTest.testBusquedaEstructurada:149 - Found 4 results.
2019-05-09 17:54:46.356 INFO  ContenidoServiceTest.testBusquedaEstructurada:151 - Page [1 - 4] : 
2019-05-09 17:54:46.358 INFO  ContenidoServiceTest.testBusquedaEstructurada:153 - Result 1: com.david.training.model.Contenido@36328d33[idContenido=10,titulo=EL JUSTICIERO,restriccionEdad=16+,portada=https://www.dvdsreleasedates.com/posters/800/D/Death-Wish-2017-movie-poster.jpg,fechaLanzamiento=2019-04-21,descripcionBreve=El Dr. Paul Kersey es un famoso cirujano que vive con su familia en Chicago. Decide tomar la justicia por su mano e ir en busca de los agresores de su familia y de paso enfrentarse a todo tipo de criminales.,precio=1.99,precioDescontado=0.1,duracion=104,idDescuento=7,tipoContenido=PEL,porcentaje=5,fechaPedido=<null>,artistasRoles=[]]
2019-05-09 17:54:46.359 INFO  ContenidoServiceTest.testBusquedaEstructurada:153 - Result 2: com.david.training.model.Contenido@2c4d1ac[idContenido=7,titulo=MALDITOS BASTARDOS,restriccionEdad=7+,portada=https://i.pinimg.com/originals/2d/9b/04/2d9b04a757b65060fb0fb81e3960d6d8.jpg,fechaLanzamiento=2018-12-10,descripcionBreve= Película del año 2009 escrita y dirigida por Quentin Tarantino y protagonizada por Brad Pitt, Christoph Waltz y Mélanie Laurent.,precio=3.0,precioDescontado=0.15,duracion=90,idDescuento=7,tipoContenido=PEL,porcentaje=5,fechaPedido=<null>,artistasRoles=[]]
2019-05-09 17:54:46.360 INFO  ContenidoServiceTest.testBusquedaEstructurada:153 - Result 3: com.david.training.model.Contenido@7f0d96f2[idContenido=8,titulo=DJANGO DESENCADENADO,restriccionEdad=TP,portada=https://i.pinimg.com/originals/51/63/d3/5163d374585fe320784ee202e826e3b9.jpg,fechaLanzamiento=2018-12-10,descripcionBreve=,precio=3.0,precioDescontado=0.15,duracion=90,idDescuento=8,tipoContenido=PEL,porcentaje=5,fechaPedido=<null>,artistasRoles=[]]
2019-05-09 17:54:46.360 INFO  ContenidoServiceTest.testBusquedaEstructurada:153 - Result 4: com.david.training.model.Contenido@545b995e[idContenido=6,titulo=DEATH PROOF,restriccionEdad=12+,portada=https://consequenceofsound.net/wp-content/uploads/2015/12/img1aw.jpg,fechaLanzamiento=2018-12-10,descripcionBreve=,precio=3.0,precioDescontado=0.15,duracion=90,idDescuento=6,tipoContenido=PEL,porcentaje=5,fechaPedido=<null>,artistasRoles=[]]
2019-05-09 17:54:46.361 INFO  ContenidoServiceTest.testBusquedaEstructurada:162 - Test testBusquedaEstructurada finished.

2019-05-09 17:54:46.361 INFO  ContenidoServiceTest.testBusquedaEstructurada:163 - Titulo: null
2019-05-09 17:54:46.361 INFO  ContenidoServiceTest.testBusquedaEstructurada:164 - Edad: null
2019-05-09 18:09:22.217 INFO  ContenidoServiceTest.testBusquedaEstructurada:103 - Testing Busqueda Estructurada ...
2019-05-09 18:09:23.432 DEBUG ContenidoDAOImpl.findByCriteria:206 - Producto = com.david.training.model.ProductoCriteria@455b6df1[categoria=[],pais=[],a=com.david.training.model.Artista@14bee915[idArtista=<null>,nombreArtista=sam,fechaNacimiento=<null>],idContenido=<null>,titulo=<null>,restriccionEdad=<null>,portada=<null>,fechaLanzamiento=<null>,descripcionBreve=<null>,precio=<null>,precioDescontado=<null>,duracion=<null>,idDescuento=<null>,tipoContenido=<null>,porcentaje=<null>,fechaPedido=<null>,artistasRoles=[]] Idioma = es
2019-05-09 18:09:23.519 INFO  ContenidoServiceTest.testBusquedaEstructurada:149 - Found 6 results.
2019-05-09 18:09:23.519 INFO  ContenidoServiceTest.testBusquedaEstructurada:151 - Page [1 - 5] : 
2019-05-09 18:09:23.521 INFO  ContenidoServiceTest.testBusquedaEstructurada:153 - Result 1: com.david.training.model.Contenido@7f0d96f2[idContenido=5,titulo=KILL BILL VOL 2,restriccionEdad=18+,portada=https://images-na.ssl-images-amazon.com/images/I/51woD9CESJL._SY445_.jpg,fechaLanzamiento=2018-12-11,descripcionBreve=Bill, su antiguo novio y el líder del Escuadrón de Serpientes Asesinas, llega inesperadamente, y revela que la Novia se ha retirado de su trabajo asesino y abandonó a Bill para entregarle una mejor vida a su hija nonata.,precio=3.0,precioDescontado=0.9,duracion=90,idDescuento=5,tipoContenido=PEL,porcentaje=30,fechaPedido=<null>,artistasRoles=[]]
2019-05-09 18:09:23.522 INFO  ContenidoServiceTest.testBusquedaEstructurada:153 - Result 2: com.david.training.model.Contenido@545b995e[idContenido=2,titulo=PULP FICTION,restriccionEdad=16+,portada=https://images-na.ssl-images-amazon.com/images/I/81UTs3sC5hL._SL1500_.jpg,fechaLanzamiento=2018-12-10,descripcionBreve=,precio=3.0,precioDescontado=1.5,duracion=90,idDescuento=2,tipoContenido=PEL,porcentaje=50,fechaPedido=<null>,artistasRoles=[]]
2019-05-09 18:09:23.523 INFO  ContenidoServiceTest.testBusquedaEstructurada:153 - Result 3: com.david.training.model.Contenido@76a2ddf3[idContenido=3,titulo=JACKIE BROWN,restriccionEdad=16+,portada=https://images-na.ssl-images-amazon.com/images/I/71RBSEo5iQL._RI_.jpg,fechaLanzamiento=2018-12-10,descripcionBreve=,precio=3.0,precioDescontado=0.3,duracion=90,idDescuento=3,tipoContenido=PEL,porcentaje=10,fechaPedido=<null>,artistasRoles=[]]
2019-05-09 18:09:23.523 INFO  ContenidoServiceTest.testBusquedaEstructurada:153 - Result 4: com.david.training.model.Contenido@524f3b3a[idContenido=4,titulo=KILL BILL VOL 1,restriccionEdad=16+,portada=https://i.pinimg.com/originals/ec/03/6f/ec036fda777280d0e1ea1067391157f7.jpg,fechaLanzamiento=2018-12-10,descripcionBreve=,precio=3.0,precioDescontado=0.75,duracion=90,idDescuento=4,tipoContenido=PEL,porcentaje=25,fechaPedido=<null>,artistasRoles=[]]
2019-05-09 18:09:23.524 INFO  ContenidoServiceTest.testBusquedaEstructurada:153 - Result 5: com.david.training.model.Contenido@41e68d87[idContenido=8,titulo=DJANGO DESENCADENADO,restriccionEdad=TP,portada=https://i.pinimg.com/originals/51/63/d3/5163d374585fe320784ee202e826e3b9.jpg,fechaLanzamiento=2018-12-10,descripcionBreve=,precio=3.0,precioDescontado=0.15,duracion=90,idDescuento=8,tipoContenido=PEL,porcentaje=5,fechaPedido=<null>,artistasRoles=[]]
2019-05-09 18:09:23.525 DEBUG ContenidoDAOImpl.findByCriteria:206 - Producto = com.david.training.model.ProductoCriteria@455b6df1[categoria=[],pais=[],a=com.david.training.model.Artista@14bee915[idArtista=<null>,nombreArtista=sam,fechaNacimiento=<null>],idContenido=<null>,titulo=<null>,restriccionEdad=<null>,portada=<null>,fechaLanzamiento=<null>,descripcionBreve=<null>,precio=<null>,precioDescontado=<null>,duracion=<null>,idDescuento=<null>,tipoContenido=<null>,porcentaje=<null>,fechaPedido=<null>,artistasRoles=[]] Idioma = es
2019-05-09 18:09:23.530 INFO  ContenidoServiceTest.testBusquedaEstructurada:149 - Found 6 results.
2019-05-09 18:09:23.530 INFO  ContenidoServiceTest.testBusquedaEstructurada:151 - Page [6 - 6] : 
2019-05-09 18:09:23.530 INFO  ContenidoServiceTest.testBusquedaEstructurada:153 - Result 6: com.david.training.model.Contenido@58be6e8[idContenido=9,titulo=LOS ODIOSOS OCHO,restriccionEdad=16+,portada=https://i.pinimg.com/originals/e4/63/75/e46375f0b278b2626c89e3d0b018bdd9.jpg,fechaLanzamiento=2018-12-10,descripcionBreve=,precio=3.0,precioDescontado=1.5,duracion=90,idDescuento=2,tipoContenido=PEL,porcentaje=50,fechaPedido=<null>,artistasRoles=[]]
2019-05-09 18:09:23.531 INFO  ContenidoServiceTest.testBusquedaEstructurada:162 - Test testBusquedaEstructurada finished.

2019-05-09 18:09:23.531 INFO  ContenidoServiceTest.testBusquedaEstructurada:163 - Titulo: null
2019-05-09 18:09:23.531 INFO  ContenidoServiceTest.testBusquedaEstructurada:164 - Edad: null
2019-05-09 18:50:26.016 INFO  ContenidoServiceTest.testBusquedaEstructurada:103 - Testing Busqueda Estructurada ...
2019-05-09 18:50:27.185 DEBUG ContenidoDAOImpl.findByCriteria:206 - Producto = com.david.training.model.ProductoCriteria@455b6df1[categoria=[],pais=[],a=<null>,idContenido=<null>,titulo=<null>,restriccionEdad=<null>,portada=<null>,fechaLanzamiento=<null>,descripcionBreve=<null>,precio=<null>,precioDescontado=<null>,duracion=<null>,idDescuento=<null>,tipoContenido=PEL,porcentaje=<null>,fechaPedido=<null>,artistasRoles=[]] Idioma = es
2019-05-09 18:50:27.276 INFO  ContenidoServiceTest.testBusquedaEstructurada:148 - Found 10 results.
2019-05-09 18:50:27.276 INFO  ContenidoServiceTest.testBusquedaEstructurada:150 - Page [1 - 5] : 
2019-05-09 18:50:27.277 INFO  ContenidoServiceTest.testBusquedaEstructurada:152 - Result 1: com.david.training.model.Contenido@3daf7722[idContenido=10,titulo=EL JUSTICIERO,restriccionEdad=16+,portada=https://www.dvdsreleasedates.com/posters/800/D/Death-Wish-2017-movie-poster.jpg,fechaLanzamiento=2019-04-21,descripcionBreve=El Dr. Paul Kersey es un famoso cirujano que vive con su familia en Chicago. Decide tomar la justicia por su mano e ir en busca de los agresores de su familia y de paso enfrentarse a todo tipo de criminales.,precio=1.99,precioDescontado=0.1,duracion=104,idDescuento=7,tipoContenido=PEL,porcentaje=5,fechaPedido=<null>,artistasRoles=[]]
2019-05-09 18:50:27.286 INFO  ContenidoServiceTest.testBusquedaEstructurada:152 - Result 2: com.david.training.model.Contenido@78641d23[idContenido=5,titulo=KILL BILL VOL 2,restriccionEdad=18+,portada=https://images-na.ssl-images-amazon.com/images/I/51woD9CESJL._SY445_.jpg,fechaLanzamiento=2018-12-11,descripcionBreve=Bill, su antiguo novio y el líder del Escuadrón de Serpientes Asesinas, llega inesperadamente, y revela que la Novia se ha retirado de su trabajo asesino y abandonó a Bill para entregarle una mejor vida a su hija nonata.,precio=3.0,precioDescontado=0.9,duracion=90,idDescuento=5,tipoContenido=PEL,porcentaje=30,fechaPedido=<null>,artistasRoles=[]]
2019-05-09 18:50:27.287 INFO  ContenidoServiceTest.testBusquedaEstructurada:152 - Result 3: com.david.training.model.Contenido@74589991[idContenido=1,titulo=RESERVOIR DOGS,restriccionEdad=16+,portada=https://prod3.agileticketing.net/images/user/hwt_2204/Reservoir%20Dogs.jpg,fechaLanzamiento=2018-12-10,descripcionBreve=,precio=3.0,precioDescontado=0.45,duracion=90,idDescuento=1,tipoContenido=PEL,porcentaje=15,fechaPedido=<null>,artistasRoles=[]]
2019-05-09 18:50:27.287 INFO  ContenidoServiceTest.testBusquedaEstructurada:152 - Result 4: com.david.training.model.Contenido@146dfe6[idContenido=2,titulo=PULP FICTION,restriccionEdad=16+,portada=https://images-na.ssl-images-amazon.com/images/I/81UTs3sC5hL._SL1500_.jpg,fechaLanzamiento=2018-12-10,descripcionBreve=,precio=3.0,precioDescontado=1.5,duracion=90,idDescuento=2,tipoContenido=PEL,porcentaje=50,fechaPedido=<null>,artistasRoles=[]]
2019-05-09 18:50:27.288 INFO  ContenidoServiceTest.testBusquedaEstructurada:152 - Result 5: com.david.training.model.Contenido@4716be8b[idContenido=3,titulo=JACKIE BROWN,restriccionEdad=16+,portada=https://images-na.ssl-images-amazon.com/images/I/71RBSEo5iQL._RI_.jpg,fechaLanzamiento=2018-12-10,descripcionBreve=,precio=3.0,precioDescontado=0.3,duracion=90,idDescuento=3,tipoContenido=PEL,porcentaje=10,fechaPedido=<null>,artistasRoles=[]]
2019-05-09 18:50:27.289 DEBUG ContenidoDAOImpl.findByCriteria:206 - Producto = com.david.training.model.ProductoCriteria@455b6df1[categoria=[],pais=[],a=<null>,idContenido=<null>,titulo=<null>,restriccionEdad=<null>,portada=<null>,fechaLanzamiento=<null>,descripcionBreve=<null>,precio=<null>,precioDescontado=<null>,duracion=<null>,idDescuento=<null>,tipoContenido=PEL,porcentaje=<null>,fechaPedido=<null>,artistasRoles=[]] Idioma = es
2019-05-09 18:50:27.294 INFO  ContenidoServiceTest.testBusquedaEstructurada:148 - Found 10 results.
2019-05-09 18:50:27.295 INFO  ContenidoServiceTest.testBusquedaEstructurada:150 - Page [6 - 10] : 
2019-05-09 18:50:27.295 INFO  ContenidoServiceTest.testBusquedaEstructurada:152 - Result 6: com.david.training.model.Contenido@291a7e3c[idContenido=4,titulo=KILL BILL VOL 1,restriccionEdad=16+,portada=https://i.pinimg.com/originals/ec/03/6f/ec036fda777280d0e1ea1067391157f7.jpg,fechaLanzamiento=2018-12-10,descripcionBreve=,precio=3.0,precioDescontado=0.75,duracion=90,idDescuento=4,tipoContenido=PEL,porcentaje=25,fechaPedido=<null>,artistasRoles=[]]
2019-05-09 18:50:27.296 INFO  ContenidoServiceTest.testBusquedaEstructurada:152 - Result 7: com.david.training.model.Contenido@ca30bc1[idContenido=6,titulo=DEATH PROOF,restriccionEdad=12+,portada=https://consequenceofsound.net/wp-content/uploads/2015/12/img1aw.jpg,fechaLanzamiento=2018-12-10,descripcionBreve=,precio=3.0,precioDescontado=0.15,duracion=90,idDescuento=6,tipoContenido=PEL,porcentaje=5,fechaPedido=<null>,artistasRoles=[]]
2019-05-09 18:50:27.296 INFO  ContenidoServiceTest.testBusquedaEstructurada:152 - Result 8: com.david.training.model.Contenido@1046d517[idContenido=7,titulo=MALDITOS BASTARDOS,restriccionEdad=7+,portada=https://i.pinimg.com/originals/2d/9b/04/2d9b04a757b65060fb0fb81e3960d6d8.jpg,fechaLanzamiento=2018-12-10,descripcionBreve= Película del año 2009 escrita y dirigida por Quentin Tarantino y protagonizada por Brad Pitt, Christoph Waltz y Mélanie Laurent.,precio=3.0,precioDescontado=0.15,duracion=90,idDescuento=7,tipoContenido=PEL,porcentaje=5,fechaPedido=<null>,artistasRoles=[]]
2019-05-09 18:50:27.297 INFO  ContenidoServiceTest.testBusquedaEstructurada:152 - Result 9: com.david.training.model.Contenido@3b7d3a38[idContenido=8,titulo=DJANGO DESENCADENADO,restriccionEdad=TP,portada=https://i.pinimg.com/originals/51/63/d3/5163d374585fe320784ee202e826e3b9.jpg,fechaLanzamiento=2018-12-10,descripcionBreve=,precio=3.0,precioDescontado=0.15,duracion=90,idDescuento=8,tipoContenido=PEL,porcentaje=5,fechaPedido=<null>,artistasRoles=[]]
2019-05-09 18:50:27.298 INFO  ContenidoServiceTest.testBusquedaEstructurada:152 - Result 10: com.david.training.model.Contenido@416c58f5[idContenido=9,titulo=LOS ODIOSOS OCHO,restriccionEdad=16+,portada=https://i.pinimg.com/originals/e4/63/75/e46375f0b278b2626c89e3d0b018bdd9.jpg,fechaLanzamiento=2018-12-10,descripcionBreve=,precio=3.0,precioDescontado=1.5,duracion=90,idDescuento=2,tipoContenido=PEL,porcentaje=50,fechaPedido=<null>,artistasRoles=[]]
2019-05-09 18:50:27.299 DEBUG ContenidoDAOImpl.findByCriteria:206 - Producto = com.david.training.model.ProductoCriteria@455b6df1[categoria=[],pais=[],a=<null>,idContenido=<null>,titulo=<null>,restriccionEdad=<null>,portada=<null>,fechaLanzamiento=<null>,descripcionBreve=<null>,precio=<null>,precioDescontado=<null>,duracion=<null>,idDescuento=<null>,tipoContenido=PEL,porcentaje=<null>,fechaPedido=<null>,artistasRoles=[]] Idioma = es
2019-05-09 18:50:27.302 INFO  ContenidoServiceTest.testBusquedaEstructurada:148 - Found 10 results.
2019-05-09 18:50:27.302 INFO  ContenidoServiceTest.testBusquedaEstructurada:161 - Test testBusquedaEstructurada finished.

2019-05-09 18:50:27.303 INFO  ContenidoServiceTest.testBusquedaEstructurada:162 - Titulo: null
2019-05-09 18:50:27.303 INFO  ContenidoServiceTest.testBusquedaEstructurada:163 - Edad: null
2019-05-09 18:51:59.051 INFO  ContenidoServiceTest.testBusquedaEstructurada:103 - Testing Busqueda Estructurada ...
2019-05-09 18:52:00.264 DEBUG ContenidoDAOImpl.findByCriteria:206 - Producto = com.david.training.model.ProductoCriteria@455b6df1[categoria=[],pais=[],a=<null>,idContenido=<null>,titulo=<null>,restriccionEdad=<null>,portada=<null>,fechaLanzamiento=<null>,descripcionBreve=<null>,precio=<null>,precioDescontado=<null>,duracion=<null>,idDescuento=<null>,tipoContenido=DOC,porcentaje=<null>,fechaPedido=<null>,artistasRoles=[]] Idioma = es
2019-05-09 18:52:00.335 INFO  ContenidoServiceTest.testBusquedaEstructurada:148 - Found 1 results.
2019-05-09 18:52:00.335 INFO  ContenidoServiceTest.testBusquedaEstructurada:150 - Page [1 - 1] : 
2019-05-09 18:52:00.337 INFO  ContenidoServiceTest.testBusquedaEstructurada:152 - Result 1: com.david.training.model.Contenido@32c726ee[idContenido=201,titulo=VOX: LA DECADENCIA,restriccionEdad=18+,portada=http://static-1.ivoox.com/audios/6/7/5/2/4371544992576_XXL.jpg,fechaLanzamiento=2018-12-10,descripcionBreve=,precio=1.0,precioDescontado=0.3,duracion=90,idDescuento=5,tipoContenido=DOC,porcentaje=30,fechaPedido=<null>,artistasRoles=[]]
2019-05-09 18:52:00.337 INFO  ContenidoServiceTest.testBusquedaEstructurada:161 - Test testBusquedaEstructurada finished.

2019-05-09 18:52:00.337 INFO  ContenidoServiceTest.testBusquedaEstructurada:162 - Titulo: null
2019-05-09 18:52:00.337 INFO  ContenidoServiceTest.testBusquedaEstructurada:163 - Edad: null
