2019-03-29 11:03:36.025 INFO  ContenidoServiceTest.testBusquedaEstructurada:99 - Testing Busqueda Estructurada ...
2019-03-29 11:03:36.971 DEBUG ContenidoDAOImpl.findByCriteria:190 - Producto = com.david.training.model.ProductoCriteria@45a37759[categoria=[com.david.training.model.Categoria@1838ccb8[idCategoria=13,nombreCategoria=<null>]],pais=[com.david.training.model.Pais@6c2ed0cd[idPais=2,nombrePais=<null>,capitalPais=<null>]],a=<null>,idContenido=<null>,titulo=vo,restriccionEdad=<null>,portada=<null>,fechaLanzamiento=<null>,descripcionBreve=<null>,precio=<null>,precioDescontado=<null>,duracion=<null>,idDescuento=<null>,tipoContenido=<null>,porcentaje=<null>,fechaPedido=<null>] Idioma = es
2019-03-29 11:03:37.024 INFO  ContenidoServiceTest.testBusquedaEstructurada:126 - Found 1 results.
2019-03-29 11:03:37.024 INFO  ContenidoServiceTest.testBusquedaEstructurada:128 - Page [1 - 1] : 
2019-03-29 11:03:37.024 INFO  ContenidoServiceTest.testBusquedaEstructurada:130 - Result 1: com.david.training.model.Contenido@2bb3058[idContenido=201,titulo=VOX: LA DECADENCIA,restriccionEdad=18+,portada=URL,fechaLanzamiento=2018-12-10,descripcionBreve=,precio=1.0,precioDescontado=0.0,duracion=90,idDescuento=5,tipoContenido=DOC,porcentaje=30,fechaPedido=<null>]
2019-03-29 11:03:37.024 INFO  ContenidoServiceTest.testBusquedaEstructurada:139 - Test testBusquedaEstructurada finished.

2019-03-29 11:05:33.659 INFO  ContenidoServiceTest.testBusquedaEstructurada:99 - Testing Busqueda Estructurada ...
2019-03-29 11:05:34.582 DEBUG ContenidoDAOImpl.findByCriteria:190 - Producto = com.david.training.model.ProductoCriteria@20c0a64d[categoria=<null>,pais=[com.david.training.model.Pais@41ab013[idPais=2,nombrePais=<null>,capitalPais=<null>]],a=<null>,idContenido=<null>,titulo=vo,restriccionEdad=<null>,portada=<null>,fechaLanzamiento=<null>,descripcionBreve=<null>,precio=<null>,precioDescontado=<null>,duracion=<null>,idDescuento=<null>,tipoContenido=<null>,porcentaje=<null>,fechaPedido=<null>] Idioma = es
2019-03-29 11:05:34.585 ERROR ContenidoServiceTest.testBusquedaEstructurada:137 - null
java.lang.NullPointerException: null
	at com.david.training.dao.impl.ContenidoDAOImpl.findByCriteria(ContenidoDAOImpl.java:205) ~[bin/:?]
	at com.david.training.service.impl.ContenidoServiceImpl.busquedaEstructurada(ContenidoServiceImpl.java:125) ~[bin/:?]
	at com.david.training.service.ContenidoServiceTest.testBusquedaEstructurada(ContenidoServiceTest.java:125) [bin/:?]
	at com.david.training.service.ContenidoServiceTest.main(ContenidoServiceTest.java:147) [bin/:?]
2019-03-29 11:05:34.588 INFO  ContenidoServiceTest.testBusquedaEstructurada:139 - Test testBusquedaEstructurada finished.

2019-03-29 11:12:46.809 INFO  ContenidoServiceTest.testBusquedaEstructurada:99 - Testing Busqueda Estructurada ...
2019-03-29 11:12:47.898 DEBUG ContenidoDAOImpl.findByCriteria:190 - Producto = com.david.training.model.ProductoCriteria@455b6df1[categoria=[],pais=[com.david.training.model.Pais@14bee915[idPais=2,nombrePais=<null>,capitalPais=<null>]],a=<null>,idContenido=<null>,titulo=vo,restriccionEdad=<null>,portada=<null>,fechaLanzamiento=<null>,descripcionBreve=<null>,precio=<null>,precioDescontado=<null>,duracion=<null>,idDescuento=<null>,tipoContenido=<null>,porcentaje=<null>,fechaPedido=<null>] Idioma = es
2019-03-29 11:12:47.966 INFO  ContenidoServiceTest.testBusquedaEstructurada:126 - Found 1 results.
2019-03-29 11:12:47.966 INFO  ContenidoServiceTest.testBusquedaEstructurada:128 - Page [1 - 1] : 
2019-03-29 11:12:47.967 INFO  ContenidoServiceTest.testBusquedaEstructurada:130 - Result 1: com.david.training.model.Contenido@78641d23[idContenido=201,titulo=VOX: LA DECADENCIA,restriccionEdad=18+,portada=URL,fechaLanzamiento=2018-12-10,descripcionBreve=,precio=1.0,precioDescontado=0.0,duracion=90,idDescuento=5,tipoContenido=DOC,porcentaje=30,fechaPedido=<null>]
2019-03-29 11:12:47.968 INFO  ContenidoServiceTest.testBusquedaEstructurada:139 - Test testBusquedaEstructurada finished.

2019-03-29 11:13:07.988 INFO  ContenidoServiceTest.testBusquedaEstructurada:99 - Testing Busqueda Estructurada ...
2019-03-29 11:13:08.936 DEBUG ContenidoDAOImpl.findByCriteria:190 - Producto = com.david.training.model.ProductoCriteria@20c0a64d[categoria=[],pais=[],a=<null>,idContenido=<null>,titulo=vo,restriccionEdad=<null>,portada=<null>,fechaLanzamiento=<null>,descripcionBreve=<null>,precio=<null>,precioDescontado=<null>,duracion=<null>,idDescuento=<null>,tipoContenido=<null>,porcentaje=<null>,fechaPedido=<null>] Idioma = es
2019-03-29 11:13:08.978 INFO  ContenidoServiceTest.testBusquedaEstructurada:126 - Found 4 results.
2019-03-29 11:13:08.978 INFO  ContenidoServiceTest.testBusquedaEstructurada:128 - Page [1 - 3] : 
2019-03-29 11:13:08.979 INFO  ContenidoServiceTest.testBusquedaEstructurada:130 - Result 1: com.david.training.model.Contenido@5f354bcf[idContenido=5,titulo=KILL BILL VOL 2,restriccionEdad=18+,portada=URL,fechaLanzamiento=2018-12-11,descripcionBreve=,precio=3.0,precioDescontado=0.0,duracion=90,idDescuento=5,tipoContenido=PEL,porcentaje=30,fechaPedido=<null>]
2019-03-29 11:13:08.979 INFO  ContenidoServiceTest.testBusquedaEstructurada:130 - Result 2: com.david.training.model.Contenido@3daf7722[idContenido=1,titulo=RESERVOIR DOGS,restriccionEdad=16+,portada=URL,fechaLanzamiento=2018-12-10,descripcionBreve=,precio=3.0,precioDescontado=0.0,duracion=90,idDescuento=1,tipoContenido=PEL,porcentaje=15,fechaPedido=<null>]
2019-03-29 11:13:08.980 INFO  ContenidoServiceTest.testBusquedaEstructurada:130 - Result 3: com.david.training.model.Contenido@78641d23[idContenido=4,titulo=KILL BILL VOL 1,restriccionEdad=16+,portada=URL,fechaLanzamiento=2018-12-10,descripcionBreve=,precio=3.0,precioDescontado=0.0,duracion=90,idDescuento=4,tipoContenido=PEL,porcentaje=25,fechaPedido=<null>]
2019-03-29 11:13:08.980 DEBUG ContenidoDAOImpl.findByCriteria:190 - Producto = com.david.training.model.ProductoCriteria@20c0a64d[categoria=[],pais=[],a=<null>,idContenido=<null>,titulo=vo,restriccionEdad=<null>,portada=<null>,fechaLanzamiento=<null>,descripcionBreve=<null>,precio=<null>,precioDescontado=<null>,duracion=<null>,idDescuento=<null>,tipoContenido=<null>,porcentaje=<null>,fechaPedido=<null>] Idioma = es
2019-03-29 11:13:08.983 INFO  ContenidoServiceTest.testBusquedaEstructurada:126 - Found 4 results.
2019-03-29 11:13:08.983 INFO  ContenidoServiceTest.testBusquedaEstructurada:128 - Page [4 - 4] : 
2019-03-29 11:13:08.983 INFO  ContenidoServiceTest.testBusquedaEstructurada:130 - Result 4: com.david.training.model.Contenido@6af9fcb2[idContenido=201,titulo=VOX: LA DECADENCIA,restriccionEdad=18+,portada=URL,fechaLanzamiento=2018-12-10,descripcionBreve=,precio=1.0,precioDescontado=0.0,duracion=90,idDescuento=5,tipoContenido=DOC,porcentaje=30,fechaPedido=<null>]
2019-03-29 11:13:08.983 INFO  ContenidoServiceTest.testBusquedaEstructurada:139 - Test testBusquedaEstructurada finished.

2019-03-29 11:14:18.077 INFO  ContenidoServiceTest.testBusquedaEstructurada:99 - Testing Busqueda Estructurada ...
2019-03-29 11:14:19.064 DEBUG ContenidoDAOImpl.findByCriteria:190 - Producto = com.david.training.model.ProductoCriteria@20c0a64d[categoria=[],pais=[com.david.training.model.Pais@41ab013[idPais=2,nombrePais=<null>,capitalPais=<null>]],a=<null>,idContenido=<null>,titulo=<null>,restriccionEdad=<null>,portada=<null>,fechaLanzamiento=<null>,descripcionBreve=<null>,precio=<null>,precioDescontado=<null>,duracion=<null>,idDescuento=<null>,tipoContenido=<null>,porcentaje=<null>,fechaPedido=<null>] Idioma = es
2019-03-29 11:14:19.120 INFO  ContenidoServiceTest.testBusquedaEstructurada:126 - Found 1 results.
2019-03-29 11:14:19.120 INFO  ContenidoServiceTest.testBusquedaEstructurada:128 - Page [1 - 1] : 
2019-03-29 11:14:19.121 INFO  ContenidoServiceTest.testBusquedaEstructurada:130 - Result 1: com.david.training.model.Contenido@3daf7722[idContenido=201,titulo=VOX: LA DECADENCIA,restriccionEdad=18+,portada=URL,fechaLanzamiento=2018-12-10,descripcionBreve=,precio=1.0,precioDescontado=0.0,duracion=90,idDescuento=5,tipoContenido=DOC,porcentaje=30,fechaPedido=<null>]
2019-03-29 11:14:19.122 INFO  ContenidoServiceTest.testBusquedaEstructurada:139 - Test testBusquedaEstructurada finished.

