2019-11-12 00:50:27.130 INFO  ContenidoServiceTest.testFindAllByRebajas:179 - Testing findAllByRebajas ...
2019-11-12 00:50:27.130 INFO  ContenidoServiceTest.testFindAllByRebajas:179 - Testing findAllByRebajas ...
2019-11-12 00:50:28.047 DEBUG ContenidoDAOImpl.findAllByRebajas:591 - Idioma = en
2019-11-12 00:50:28.047 DEBUG ContenidoDAOImpl.findAllByRebajas:591 - Idioma = en
2019-11-12 00:50:28.082 INFO  ContenidoServiceTest.testFindAllByRebajas:189 - Found 16 results.
2019-11-12 00:50:28.082 INFO  ContenidoServiceTest.testFindAllByRebajas:189 - Found 16 results.
2019-11-12 00:50:28.082 INFO  ContenidoServiceTest.testFindAllByRebajas:191 - Page [1 - 4] : 
2019-11-12 00:50:28.082 INFO  ContenidoServiceTest.testFindAllByRebajas:191 - Page [1 - 4] : 
2019-11-12 00:50:28.094 INFO  ContenidoServiceTest.testFindAllByRebajas:193 - Result 1: com.david.training.model.Contenido@25d250c6[idContenido=2,titulo=PULP FICTION,restriccionEdad=16+,portada=https://images-na.ssl-images-amazon.com/images/I/81UTs3sC5hL._SL1500_.jpg,fechaLanzamiento=2018-12-10,descripcionBreve=,precio=3.0,precioDescontado=1.5,duracion=90,idDescuento=2,tipoContenido=PEL,porcentaje=50,fechaPedido=<null>,artistasRoles=[]]
2019-11-12 00:50:28.094 INFO  ContenidoServiceTest.testFindAllByRebajas:193 - Result 1: com.david.training.model.Contenido@25d250c6[idContenido=2,titulo=PULP FICTION,restriccionEdad=16+,portada=https://images-na.ssl-images-amazon.com/images/I/81UTs3sC5hL._SL1500_.jpg,fechaLanzamiento=2018-12-10,descripcionBreve=,precio=3.0,precioDescontado=1.5,duracion=90,idDescuento=2,tipoContenido=PEL,porcentaje=50,fechaPedido=<null>,artistasRoles=[]]
2019-11-12 00:50:28.095 INFO  ContenidoServiceTest.testFindAllByRebajas:193 - Result 2: com.david.training.model.Contenido@3c9d0b9d[idContenido=9,titulo=THE HATEFUL EIGHT,restriccionEdad=16+,portada=https://i.pinimg.com/originals/e4/63/75/e46375f0b278b2626c89e3d0b018bdd9.jpg,fechaLanzamiento=2018-12-10,descripcionBreve=,precio=3.0,precioDescontado=1.5,duracion=90,idDescuento=2,tipoContenido=PEL,porcentaje=50,fechaPedido=<null>,artistasRoles=[]]
2019-11-12 00:50:28.095 INFO  ContenidoServiceTest.testFindAllByRebajas:193 - Result 2: com.david.training.model.Contenido@3c9d0b9d[idContenido=9,titulo=THE HATEFUL EIGHT,restriccionEdad=16+,portada=https://i.pinimg.com/originals/e4/63/75/e46375f0b278b2626c89e3d0b018bdd9.jpg,fechaLanzamiento=2018-12-10,descripcionBreve=,precio=3.0,precioDescontado=1.5,duracion=90,idDescuento=2,tipoContenido=PEL,porcentaje=50,fechaPedido=<null>,artistasRoles=[]]
2019-11-12 00:50:28.095 INFO  ContenidoServiceTest.testFindAllByRebajas:193 - Result 3: com.david.training.model.Contenido@43301423[idContenido=101,titulo=STRANGER THINGS,restriccionEdad=12+,portada=https://image.tmdb.org/t/p/original/w11o86GIqTSV9LTIuFu9AQMcSvd.jpg,fechaLanzamiento=2018-12-10,descripcionBreve=,precio=5.0,precioDescontado=1.25,duracion=90,idDescuento=4,tipoContenido=SER,porcentaje=25,fechaPedido=<null>,artistasRoles=[]]
2019-11-12 00:50:28.095 INFO  ContenidoServiceTest.testFindAllByRebajas:193 - Result 3: com.david.training.model.Contenido@43301423[idContenido=101,titulo=STRANGER THINGS,restriccionEdad=12+,portada=https://image.tmdb.org/t/p/original/w11o86GIqTSV9LTIuFu9AQMcSvd.jpg,fechaLanzamiento=2018-12-10,descripcionBreve=,precio=5.0,precioDescontado=1.25,duracion=90,idDescuento=4,tipoContenido=SER,porcentaje=25,fechaPedido=<null>,artistasRoles=[]]
2019-11-12 00:50:28.096 INFO  ContenidoServiceTest.testFindAllByRebajas:193 - Result 4: com.david.training.model.Contenido@2f112965[idContenido=5,titulo=KILL BILL VOL 2,restriccionEdad=18+,portada=https://images-na.ssl-images-amazon.com/images/I/51woD9CESJL._SY445_.jpg,fechaLanzamiento=2018-12-11,descripcionBreve=Bill, the Brides former lover, the father of her child, and the leader of the Deadly Viper Assassination Squad, arrives unexpectedly and orders the Deadly Vipers to kill everyone at the wedding. ,precio=3.0,precioDescontado=0.9,duracion=90,idDescuento=5,tipoContenido=PEL,porcentaje=30,fechaPedido=<null>,artistasRoles=[]]
2019-11-12 00:50:28.096 INFO  ContenidoServiceTest.testFindAllByRebajas:193 - Result 4: com.david.training.model.Contenido@2f112965[idContenido=5,titulo=KILL BILL VOL 2,restriccionEdad=18+,portada=https://images-na.ssl-images-amazon.com/images/I/51woD9CESJL._SY445_.jpg,fechaLanzamiento=2018-12-11,descripcionBreve=Bill, the Brides former lover, the father of her child, and the leader of the Deadly Viper Assassination Squad, arrives unexpectedly and orders the Deadly Vipers to kill everyone at the wedding. ,precio=3.0,precioDescontado=0.9,duracion=90,idDescuento=5,tipoContenido=PEL,porcentaje=30,fechaPedido=<null>,artistasRoles=[]]
2019-11-12 00:50:28.097 DEBUG ContenidoDAOImpl.findAllByRebajas:591 - Idioma = en
2019-11-12 00:50:28.097 DEBUG ContenidoDAOImpl.findAllByRebajas:591 - Idioma = en
2019-11-12 00:50:28.100 INFO  ContenidoServiceTest.testFindAllByRebajas:189 - Found 16 results.
2019-11-12 00:50:28.100 INFO  ContenidoServiceTest.testFindAllByRebajas:189 - Found 16 results.
2019-11-12 00:50:28.100 INFO  ContenidoServiceTest.testFindAllByRebajas:191 - Page [5 - 8] : 
2019-11-12 00:50:28.100 INFO  ContenidoServiceTest.testFindAllByRebajas:191 - Page [5 - 8] : 
2019-11-12 00:50:28.100 INFO  ContenidoServiceTest.testFindAllByRebajas:193 - Result 5: com.david.training.model.Contenido@419c5f1a[idContenido=4,titulo=KILL BILL VOL 1,restriccionEdad=16+,portada=https://i.pinimg.com/originals/ec/03/6f/ec036fda777280d0e1ea1067391157f7.jpg,fechaLanzamiento=2018-12-10,descripcionBreve=,precio=3.0,precioDescontado=0.75,duracion=90,idDescuento=4,tipoContenido=PEL,porcentaje=25,fechaPedido=<null>,artistasRoles=[]]
2019-11-12 00:50:28.100 INFO  ContenidoServiceTest.testFindAllByRebajas:193 - Result 5: com.david.training.model.Contenido@419c5f1a[idContenido=4,titulo=KILL BILL VOL 1,restriccionEdad=16+,portada=https://i.pinimg.com/originals/ec/03/6f/ec036fda777280d0e1ea1067391157f7.jpg,fechaLanzamiento=2018-12-10,descripcionBreve=,precio=3.0,precioDescontado=0.75,duracion=90,idDescuento=4,tipoContenido=PEL,porcentaje=25,fechaPedido=<null>,artistasRoles=[]]
2019-11-12 00:50:28.101 INFO  ContenidoServiceTest.testFindAllByRebajas:193 - Result 6: com.david.training.model.Contenido@12b0404f[idContenido=102,titulo=DRAGON BALL,restriccionEdad=TP,portada=https://images-na.ssl-images-amazon.com/images/I/71nPEiT0NHL.jpg,fechaLanzamiento=2018-12-10,descripcionBreve=,precio=5.0,precioDescontado=0.75,duracion=90,idDescuento=1,tipoContenido=SER,porcentaje=15,fechaPedido=<null>,artistasRoles=[]]
2019-11-12 00:50:28.101 INFO  ContenidoServiceTest.testFindAllByRebajas:193 - Result 6: com.david.training.model.Contenido@12b0404f[idContenido=102,titulo=DRAGON BALL,restriccionEdad=TP,portada=https://images-na.ssl-images-amazon.com/images/I/71nPEiT0NHL.jpg,fechaLanzamiento=2018-12-10,descripcionBreve=,precio=5.0,precioDescontado=0.75,duracion=90,idDescuento=1,tipoContenido=SER,porcentaje=15,fechaPedido=<null>,artistasRoles=[]]
2019-11-12 00:50:28.101 INFO  ContenidoServiceTest.testFindAllByRebajas:193 - Result 7: com.david.training.model.Contenido@769e7ee8[idContenido=103,titulo=RICK&MORTY,restriccionEdad=18+,portada=https://imagessl6.casadellibro.com/a/l/t0/96/9788467933796.jpg,fechaLanzamiento=2018-12-10,descripcionBreve=,precio=5.0,precioDescontado=0.75,duracion=90,idDescuento=1,tipoContenido=SER,porcentaje=15,fechaPedido=<null>,artistasRoles=[]]
2019-11-12 00:50:28.101 INFO  ContenidoServiceTest.testFindAllByRebajas:193 - Result 7: com.david.training.model.Contenido@769e7ee8[idContenido=103,titulo=RICK&MORTY,restriccionEdad=18+,portada=https://imagessl6.casadellibro.com/a/l/t0/96/9788467933796.jpg,fechaLanzamiento=2018-12-10,descripcionBreve=,precio=5.0,precioDescontado=0.75,duracion=90,idDescuento=1,tipoContenido=SER,porcentaje=15,fechaPedido=<null>,artistasRoles=[]]
2019-11-12 00:50:28.102 INFO  ContenidoServiceTest.testFindAllByRebajas:193 - Result 8: com.david.training.model.Contenido@5276e6b0[idContenido=1,titulo=RESERVOIR DOGS,restriccionEdad=16+,portada=https://prod3.agileticketing.net/images/user/hwt_2204/Reservoir%20Dogs.jpg,fechaLanzamiento=2018-12-10,descripcionBreve=,precio=3.0,precioDescontado=0.45,duracion=90,idDescuento=1,tipoContenido=PEL,porcentaje=15,fechaPedido=<null>,artistasRoles=[]]
2019-11-12 00:50:28.102 INFO  ContenidoServiceTest.testFindAllByRebajas:193 - Result 8: com.david.training.model.Contenido@5276e6b0[idContenido=1,titulo=RESERVOIR DOGS,restriccionEdad=16+,portada=https://prod3.agileticketing.net/images/user/hwt_2204/Reservoir%20Dogs.jpg,fechaLanzamiento=2018-12-10,descripcionBreve=,precio=3.0,precioDescontado=0.45,duracion=90,idDescuento=1,tipoContenido=PEL,porcentaje=15,fechaPedido=<null>,artistasRoles=[]]
2019-11-12 00:50:28.102 DEBUG ContenidoDAOImpl.findAllByRebajas:591 - Idioma = en
2019-11-12 00:50:28.102 DEBUG ContenidoDAOImpl.findAllByRebajas:591 - Idioma = en
2019-11-12 00:50:28.105 INFO  ContenidoServiceTest.testFindAllByRebajas:189 - Found 16 results.
2019-11-12 00:50:28.105 INFO  ContenidoServiceTest.testFindAllByRebajas:189 - Found 16 results.
2019-11-12 00:50:28.105 INFO  ContenidoServiceTest.testFindAllByRebajas:191 - Page [9 - 12] : 
2019-11-12 00:50:28.105 INFO  ContenidoServiceTest.testFindAllByRebajas:191 - Page [9 - 12] : 
2019-11-12 00:50:28.106 INFO  ContenidoServiceTest.testFindAllByRebajas:193 - Result 9: com.david.training.model.Contenido@1ffe63b9[idContenido=3,titulo=JACKIE BROWN,restriccionEdad=16+,portada=https://images-na.ssl-images-amazon.com/images/I/71RBSEo5iQL._RI_.jpg,fechaLanzamiento=2018-12-10,descripcionBreve=,precio=3.0,precioDescontado=0.3,duracion=90,idDescuento=3,tipoContenido=PEL,porcentaje=10,fechaPedido=<null>,artistasRoles=[]]
2019-11-12 00:50:28.106 INFO  ContenidoServiceTest.testFindAllByRebajas:193 - Result 9: com.david.training.model.Contenido@1ffe63b9[idContenido=3,titulo=JACKIE BROWN,restriccionEdad=16+,portada=https://images-na.ssl-images-amazon.com/images/I/71RBSEo5iQL._RI_.jpg,fechaLanzamiento=2018-12-10,descripcionBreve=,precio=3.0,precioDescontado=0.3,duracion=90,idDescuento=3,tipoContenido=PEL,porcentaje=10,fechaPedido=<null>,artistasRoles=[]]
2019-11-12 00:50:28.106 INFO  ContenidoServiceTest.testFindAllByRebajas:193 - Result 10: com.david.training.model.Contenido@51e5fc98[idContenido=201,titulo=VOX: FREEFALLING,restriccionEdad=18+,portada=http://static-1.ivoox.com/audios/6/7/5/2/4371544992576_XXL.jpg,fechaLanzamiento=2018-12-10,descripcionBreve=,precio=1.0,precioDescontado=0.3,duracion=90,idDescuento=5,tipoContenido=DOC,porcentaje=30,fechaPedido=<null>,artistasRoles=[]]
2019-11-12 00:50:28.106 INFO  ContenidoServiceTest.testFindAllByRebajas:193 - Result 10: com.david.training.model.Contenido@51e5fc98[idContenido=201,titulo=VOX: FREEFALLING,restriccionEdad=18+,portada=http://static-1.ivoox.com/audios/6/7/5/2/4371544992576_XXL.jpg,fechaLanzamiento=2018-12-10,descripcionBreve=,precio=1.0,precioDescontado=0.3,duracion=90,idDescuento=5,tipoContenido=DOC,porcentaje=30,fechaPedido=<null>,artistasRoles=[]]
2019-11-12 00:50:28.107 INFO  ContenidoServiceTest.testFindAllByRebajas:193 - Result 11: com.david.training.model.Contenido@7c469c48[idContenido=6,titulo=DEATH PROOF,restriccionEdad=12+,portada=https://consequenceofsound.net/wp-content/uploads/2015/12/img1aw.jpg,fechaLanzamiento=2018-12-10,descripcionBreve=,precio=3.0,precioDescontado=0.15,duracion=90,idDescuento=6,tipoContenido=PEL,porcentaje=5,fechaPedido=<null>,artistasRoles=[]]
2019-11-12 00:50:28.107 INFO  ContenidoServiceTest.testFindAllByRebajas:193 - Result 11: com.david.training.model.Contenido@7c469c48[idContenido=6,titulo=DEATH PROOF,restriccionEdad=12+,portada=https://consequenceofsound.net/wp-content/uploads/2015/12/img1aw.jpg,fechaLanzamiento=2018-12-10,descripcionBreve=,precio=3.0,precioDescontado=0.15,duracion=90,idDescuento=6,tipoContenido=PEL,porcentaje=5,fechaPedido=<null>,artistasRoles=[]]
2019-11-12 00:50:28.107 INFO  ContenidoServiceTest.testFindAllByRebajas:193 - Result 12: com.david.training.model.Contenido@12e61fe6[idContenido=7,titulo=INGLOURIOUS BASTERDS,restriccionEdad=7+,portada=https://i.pinimg.com/originals/2d/9b/04/2d9b04a757b65060fb0fb81e3960d6d8.jpg,fechaLanzamiento=2018-12-10,descripcionBreve= Is a 2009 war film written and directed by Quentin Tarantino and starring Brad Pitt, Christoph Waltz, Michael Fassbender, Eli Roth, Diane Kruger, Til Schweiger, and Mélanie Laurent.,precio=3.0,precioDescontado=0.15,duracion=90,idDescuento=7,tipoContenido=PEL,porcentaje=5,fechaPedido=<null>,artistasRoles=[]]
2019-11-12 00:50:28.107 INFO  ContenidoServiceTest.testFindAllByRebajas:193 - Result 12: com.david.training.model.Contenido@12e61fe6[idContenido=7,titulo=INGLOURIOUS BASTERDS,restriccionEdad=7+,portada=https://i.pinimg.com/originals/2d/9b/04/2d9b04a757b65060fb0fb81e3960d6d8.jpg,fechaLanzamiento=2018-12-10,descripcionBreve= Is a 2009 war film written and directed by Quentin Tarantino and starring Brad Pitt, Christoph Waltz, Michael Fassbender, Eli Roth, Diane Kruger, Til Schweiger, and Mélanie Laurent.,precio=3.0,precioDescontado=0.15,duracion=90,idDescuento=7,tipoContenido=PEL,porcentaje=5,fechaPedido=<null>,artistasRoles=[]]
2019-11-12 00:50:28.108 DEBUG ContenidoDAOImpl.findAllByRebajas:591 - Idioma = en
2019-11-12 00:50:28.108 DEBUG ContenidoDAOImpl.findAllByRebajas:591 - Idioma = en
2019-11-12 00:50:28.111 INFO  ContenidoServiceTest.testFindAllByRebajas:189 - Found 16 results.
2019-11-12 00:50:28.111 INFO  ContenidoServiceTest.testFindAllByRebajas:189 - Found 16 results.
2019-11-12 00:50:28.111 INFO  ContenidoServiceTest.testFindAllByRebajas:191 - Page [13 - 16] : 
2019-11-12 00:50:28.111 INFO  ContenidoServiceTest.testFindAllByRebajas:191 - Page [13 - 16] : 
2019-11-12 00:50:28.111 INFO  ContenidoServiceTest.testFindAllByRebajas:193 - Result 13: com.david.training.model.Contenido@75329a49[idContenido=8,titulo=DJANGO UNCHAINED,restriccionEdad=TP,portada=https://i.pinimg.com/originals/51/63/d3/5163d374585fe320784ee202e826e3b9.jpg,fechaLanzamiento=2018-12-10,descripcionBreve=,precio=3.0,precioDescontado=0.15,duracion=90,idDescuento=8,tipoContenido=PEL,porcentaje=5,fechaPedido=<null>,artistasRoles=[]]
2019-11-12 00:50:28.111 INFO  ContenidoServiceTest.testFindAllByRebajas:193 - Result 13: com.david.training.model.Contenido@75329a49[idContenido=8,titulo=DJANGO UNCHAINED,restriccionEdad=TP,portada=https://i.pinimg.com/originals/51/63/d3/5163d374585fe320784ee202e826e3b9.jpg,fechaLanzamiento=2018-12-10,descripcionBreve=,precio=3.0,precioDescontado=0.15,duracion=90,idDescuento=8,tipoContenido=PEL,porcentaje=5,fechaPedido=<null>,artistasRoles=[]]
2019-11-12 00:50:28.112 INFO  ContenidoServiceTest.testFindAllByRebajas:193 - Result 14: com.david.training.model.Contenido@161479c6[idContenido=10,titulo=THE DEATH WISH,restriccionEdad=16+,portada=https://www.dvdsreleasedates.com/posters/800/D/Death-Wish-2017-movie-poster.jpg,fechaLanzamiento=2019-04-21,descripcionBreve=Death Wish is a 2018 American vigilante action thriller film. It is the sixth installment of the Death Wish series and a remake of the 1974 film of the same name starring Charles Bronson, based on Brian Garfields 1972 novel.,precio=1.99,precioDescontado=0.1,duracion=104,idDescuento=7,tipoContenido=PEL,porcentaje=5,fechaPedido=<null>,artistasRoles=[]]
2019-11-12 00:50:28.112 INFO  ContenidoServiceTest.testFindAllByRebajas:193 - Result 14: com.david.training.model.Contenido@161479c6[idContenido=10,titulo=THE DEATH WISH,restriccionEdad=16+,portada=https://www.dvdsreleasedates.com/posters/800/D/Death-Wish-2017-movie-poster.jpg,fechaLanzamiento=2019-04-21,descripcionBreve=Death Wish is a 2018 American vigilante action thriller film. It is the sixth installment of the Death Wish series and a remake of the 1974 film of the same name starring Charles Bronson, based on Brian Garfields 1972 novel.,precio=1.99,precioDescontado=0.1,duracion=104,idDescuento=7,tipoContenido=PEL,porcentaje=5,fechaPedido=<null>,artistasRoles=[]]
2019-11-12 00:50:28.116 INFO  ContenidoServiceTest.testFindAllByRebajas:193 - Result 15: com.david.training.model.Contenido@4313f5bc[idContenido=104,titulo=Money Heist,restriccionEdad=16+,portada=http://kayoustore.com/wp-content/uploads/2018/06/WEB-6.jpg,fechaLanzamiento=2019-05-14,descripcionBreve=,precio=4.99,precioDescontado=0.0,duracion=2,idDescuento=11,tipoContenido=SER,porcentaje=0,fechaPedido=<null>,artistasRoles=[]]
2019-11-12 00:50:28.116 INFO  ContenidoServiceTest.testFindAllByRebajas:193 - Result 15: com.david.training.model.Contenido@4313f5bc[idContenido=104,titulo=Money Heist,restriccionEdad=16+,portada=http://kayoustore.com/wp-content/uploads/2018/06/WEB-6.jpg,fechaLanzamiento=2019-05-14,descripcionBreve=,precio=4.99,precioDescontado=0.0,duracion=2,idDescuento=11,tipoContenido=SER,porcentaje=0,fechaPedido=<null>,artistasRoles=[]]
2019-11-12 00:50:28.116 INFO  ContenidoServiceTest.testFindAllByRebajas:193 - Result 16: com.david.training.model.Contenido@7f010382[idContenido=105,titulo=Elite,restriccionEdad=12+,portada=http://es.web.img2.acsta.net/pictures/18/09/11/09/24/3649571.jpg,fechaLanzamiento=2019-05-15,descripcionBreve=When three working-class teens enroll in an exclusive private school in Spain, the clash between them and the wealthy students leads to murder.,precio=1.99,precioDescontado=0.0,duracion=1,idDescuento=11,tipoContenido=SER,porcentaje=0,fechaPedido=<null>,artistasRoles=[]]
2019-11-12 00:50:28.116 INFO  ContenidoServiceTest.testFindAllByRebajas:193 - Result 16: com.david.training.model.Contenido@7f010382[idContenido=105,titulo=Elite,restriccionEdad=12+,portada=http://es.web.img2.acsta.net/pictures/18/09/11/09/24/3649571.jpg,fechaLanzamiento=2019-05-15,descripcionBreve=When three working-class teens enroll in an exclusive private school in Spain, the clash between them and the wealthy students leads to murder.,precio=1.99,precioDescontado=0.0,duracion=1,idDescuento=11,tipoContenido=SER,porcentaje=0,fechaPedido=<null>,artistasRoles=[]]
2019-11-12 00:50:28.117 DEBUG ContenidoDAOImpl.findAllByRebajas:591 - Idioma = en
2019-11-12 00:50:28.117 DEBUG ContenidoDAOImpl.findAllByRebajas:591 - Idioma = en
2019-11-12 00:50:28.119 INFO  ContenidoServiceTest.testFindAllByRebajas:189 - Found 16 results.
2019-11-12 00:50:28.119 INFO  ContenidoServiceTest.testFindAllByRebajas:189 - Found 16 results.
2019-11-12 00:52:45.821 INFO  ContenidoServiceTest.testFindAllByVentas:231 - Testing findAllByVentas ...
2019-11-12 00:52:45.821 INFO  ContenidoServiceTest.testFindAllByVentas:231 - Testing findAllByVentas ...
2019-11-12 00:52:46.728 DEBUG ContenidoDAOImpl.findAllByVentas:678 - Idioma = en
2019-11-12 00:52:46.728 DEBUG ContenidoDAOImpl.findAllByVentas:678 - Idioma = en
2019-11-12 00:52:46.875 WARN  ContenidoDAOImpl.findAllByVentas:705 - Before start of result set
java.sql.SQLException: Before start of result set
	at com.mysql.cj.jdbc.exceptions.SQLError.createSQLException(SQLError.java:129) ~[mysql-connector-java-8.0.13.jar:8.0.13]
	at com.mysql.cj.jdbc.exceptions.SQLError.createSQLException(SQLError.java:97) ~[mysql-connector-java-8.0.13.jar:8.0.13]
	at com.mysql.cj.jdbc.exceptions.SQLError.createSQLException(SQLError.java:89) ~[mysql-connector-java-8.0.13.jar:8.0.13]
	at com.mysql.cj.jdbc.exceptions.SQLError.createSQLException(SQLError.java:63) ~[mysql-connector-java-8.0.13.jar:8.0.13]
	at com.mysql.cj.jdbc.result.ResultSetImpl.checkRowPos(ResultSetImpl.java:517) ~[mysql-connector-java-8.0.13.jar:8.0.13]
	at com.mysql.cj.jdbc.result.ResultSetImpl.getInt(ResultSetImpl.java:894) ~[mysql-connector-java-8.0.13.jar:8.0.13]
	at com.mchange.v2.c3p0.impl.NewProxyResultSet.getInt(NewProxyResultSet.java:425) ~[c3p0-0.9.5.2.jar:0.9.5.2]
	at com.david.training.dao.impl.ContenidoDAOImpl.loadNext(ContenidoDAOImpl.java:166) ~[bin/:?]
	at com.david.training.dao.impl.ContenidoDAOImpl.findAllByVentas(ContenidoDAOImpl.java:701) [bin/:?]
	at com.david.training.service.impl.ContenidoServiceImpl.findAllByVentas(ContenidoServiceImpl.java:204) [bin/:?]
	at com.david.training.service.ContenidoServiceTest.testFindAllByVentas(ContenidoServiceTest.java:240) [bin/:?]
	at com.david.training.service.ContenidoServiceTest.main(ContenidoServiceTest.java:270) [bin/:?]
2019-11-12 00:52:46.875 WARN  ContenidoDAOImpl.findAllByVentas:705 - Before start of result set
java.sql.SQLException: Before start of result set
	at com.mysql.cj.jdbc.exceptions.SQLError.createSQLException(SQLError.java:129) ~[mysql-connector-java-8.0.13.jar:8.0.13]
	at com.mysql.cj.jdbc.exceptions.SQLError.createSQLException(SQLError.java:97) ~[mysql-connector-java-8.0.13.jar:8.0.13]
	at com.mysql.cj.jdbc.exceptions.SQLError.createSQLException(SQLError.java:89) ~[mysql-connector-java-8.0.13.jar:8.0.13]
	at com.mysql.cj.jdbc.exceptions.SQLError.createSQLException(SQLError.java:63) ~[mysql-connector-java-8.0.13.jar:8.0.13]
	at com.mysql.cj.jdbc.result.ResultSetImpl.checkRowPos(ResultSetImpl.java:517) ~[mysql-connector-java-8.0.13.jar:8.0.13]
	at com.mysql.cj.jdbc.result.ResultSetImpl.getInt(ResultSetImpl.java:894) ~[mysql-connector-java-8.0.13.jar:8.0.13]
	at com.mchange.v2.c3p0.impl.NewProxyResultSet.getInt(NewProxyResultSet.java:425) ~[c3p0-0.9.5.2.jar:0.9.5.2]
	at com.david.training.dao.impl.ContenidoDAOImpl.loadNext(ContenidoDAOImpl.java:166) ~[bin/:?]
	at com.david.training.dao.impl.ContenidoDAOImpl.findAllByVentas(ContenidoDAOImpl.java:701) [bin/:?]
	at com.david.training.service.impl.ContenidoServiceImpl.findAllByVentas(ContenidoServiceImpl.java:204) [bin/:?]
	at com.david.training.service.ContenidoServiceTest.testFindAllByVentas(ContenidoServiceTest.java:240) [bin/:?]
	at com.david.training.service.ContenidoServiceTest.main(ContenidoServiceTest.java:270) [bin/:?]
