2019-04-30 10:01:05.205 INFO  ContenidoServiceTest.testDetalle:163 - Testing Vista Detalle ...
2019-04-30 10:01:06.249 DEBUG ContenidoDAOImpl.findById:81 - Id = 8 idioma = en
2019-04-30 10:03:17.892 INFO  ContenidoServiceTest.testDetalle:165 - Testing Vista Detalle ...
2019-04-30 10:03:19.201 DEBUG ContenidoDAOImpl.findById:81 - Id = 8 idioma = en
2019-04-30 10:03:40.796 INFO  ContenidoServiceTest.testBusquedaEstructurada:103 - Testing Busqueda Estructurada ...
2019-04-30 10:03:40.805 INFO  ContenidoServiceTest.testBusquedaEstructurada:131 - Titulo: r
2019-04-30 10:03:40.805 INFO  ContenidoServiceTest.testBusquedaEstructurada:133 - Edad 16+
2019-04-30 10:03:41.864 DEBUG ContenidoDAOImpl.findByCriteria:206 - Producto = com.david.training.model.ProductoCriteria@455b6df1[categoria=[],pais=[],a=<null>,idContenido=<null>,titulo=r,restriccionEdad=16+,portada=<null>,fechaLanzamiento=<null>,descripcionBreve=<null>,precio=<null>,precioDescontado=<null>,duracion=<null>,idDescuento=<null>,tipoContenido=<null>,porcentaje=<null>,fechaPedido=<null>,artistasRoles=[]] Idioma = es
2019-04-30 10:03:41.941 INFO  ContenidoServiceTest.testBusquedaEstructurada:148 - Found 3 results.
2019-04-30 10:03:41.941 INFO  ContenidoServiceTest.testBusquedaEstructurada:150 - Page [1 - 3] : 
2019-04-30 10:03:41.954 INFO  ContenidoServiceTest.testBusquedaEstructurada:152 - Result 1: com.david.training.model.Contenido@34c01041[idContenido=10,titulo=EL JUSTICIERO,restriccionEdad=16+,portada=https://www.dvdsreleasedates.com/posters/800/D/Death-Wish-2017-movie-poster.jpg,fechaLanzamiento=2019-04-21,descripcionBreve=,precio=1.99,precioDescontado=0.1,duracion=104,idDescuento=7,tipoContenido=PEL,porcentaje=5,fechaPedido=<null>,artistasRoles=[]]
2019-04-30 10:03:41.955 INFO  ContenidoServiceTest.testBusquedaEstructurada:152 - Result 2: com.david.training.model.Contenido@76f4b65[idContenido=1,titulo=RESERVOIR DOGS,restriccionEdad=16+,portada=https://prod3.agileticketing.net/images/user/hwt_2204/Reservoir%20Dogs.jpg,fechaLanzamiento=2018-12-10,descripcionBreve=,precio=3.0,precioDescontado=0.45,duracion=90,idDescuento=1,tipoContenido=PEL,porcentaje=15,fechaPedido=<null>,artistasRoles=[]]
2019-04-30 10:03:41.955 INFO  ContenidoServiceTest.testBusquedaEstructurada:152 - Result 3: com.david.training.model.Contenido@c94fd30[idContenido=3,titulo=JACKIE BROWN,restriccionEdad=16+,portada=https://images-na.ssl-images-amazon.com/images/I/71RBSEo5iQL._RI_.jpg,fechaLanzamiento=2018-12-10,descripcionBreve=,precio=3.0,precioDescontado=0.3,duracion=90,idDescuento=3,tipoContenido=PEL,porcentaje=10,fechaPedido=<null>,artistasRoles=[]]
2019-04-30 10:03:41.956 INFO  ContenidoServiceTest.testBusquedaEstructurada:161 - Test testBusquedaEstructurada finished.

2019-04-30 10:06:44.560 INFO  ContenidoServiceTest.testBusquedaEstructurada:103 - Testing Busqueda Estructurada ...
2019-04-30 10:06:44.568 INFO  ContenidoServiceTest.testBusquedaEstructurada:131 - Titulo: r
2019-04-30 10:06:44.569 INFO  ContenidoServiceTest.testBusquedaEstructurada:133 - Edad 16+
2019-04-30 10:06:45.653 DEBUG ContenidoDAOImpl.findByCriteria:206 - Producto = com.david.training.model.ProductoCriteria@455b6df1[categoria=[],pais=[],a=<null>,idContenido=<null>,titulo=r,restriccionEdad=16+,portada=<null>,fechaLanzamiento=<null>,descripcionBreve=<null>,precio=<null>,precioDescontado=<null>,duracion=<null>,idDescuento=<null>,tipoContenido=<null>,porcentaje=<null>,fechaPedido=<null>,artistasRoles=[]] Idioma = es
2019-04-30 10:06:45.714 INFO  ContenidoServiceTest.testBusquedaEstructurada:148 - Found 3 results.
2019-04-30 10:06:45.714 INFO  ContenidoServiceTest.testBusquedaEstructurada:150 - Page [1 - 3] : 
2019-04-30 10:06:45.715 INFO  ContenidoServiceTest.testBusquedaEstructurada:152 - Result 1: com.david.training.model.Contenido@3daf7722[idContenido=10,titulo=EL JUSTICIERO,restriccionEdad=16+,portada=https://www.dvdsreleasedates.com/posters/800/D/Death-Wish-2017-movie-poster.jpg,fechaLanzamiento=2019-04-21,descripcionBreve=,precio=1.99,precioDescontado=0.1,duracion=104,idDescuento=7,tipoContenido=PEL,porcentaje=5,fechaPedido=<null>,artistasRoles=[]]
2019-04-30 10:06:45.724 INFO  ContenidoServiceTest.testBusquedaEstructurada:152 - Result 2: com.david.training.model.Contenido@78641d23[idContenido=1,titulo=RESERVOIR DOGS,restriccionEdad=16+,portada=https://prod3.agileticketing.net/images/user/hwt_2204/Reservoir%20Dogs.jpg,fechaLanzamiento=2018-12-10,descripcionBreve=,precio=3.0,precioDescontado=0.45,duracion=90,idDescuento=1,tipoContenido=PEL,porcentaje=15,fechaPedido=<null>,artistasRoles=[]]
2019-04-30 10:06:45.724 INFO  ContenidoServiceTest.testBusquedaEstructurada:152 - Result 3: com.david.training.model.Contenido@74589991[idContenido=3,titulo=JACKIE BROWN,restriccionEdad=16+,portada=https://images-na.ssl-images-amazon.com/images/I/71RBSEo5iQL._RI_.jpg,fechaLanzamiento=2018-12-10,descripcionBreve=,precio=3.0,precioDescontado=0.3,duracion=90,idDescuento=3,tipoContenido=PEL,porcentaje=10,fechaPedido=<null>,artistasRoles=[]]
2019-04-30 10:06:45.725 INFO  ContenidoServiceTest.testBusquedaEstructurada:161 - Test testBusquedaEstructurada finished.

2019-04-30 10:08:38.789 INFO  ContenidoServiceTest.testBusquedaEstructurada:103 - Testing Busqueda Estructurada ...
2019-04-30 10:08:38.797 INFO  ContenidoServiceTest.testBusquedaEstructurada:147 - Titulo: r
2019-04-30 10:08:38.798 INFO  ContenidoServiceTest.testBusquedaEstructurada:148 - Edad 16+
2019-04-30 10:08:39.817 DEBUG ContenidoDAOImpl.findByCriteria:206 - Producto = com.david.training.model.ProductoCriteria@455b6df1[categoria=[],pais=[],a=<null>,idContenido=<null>,titulo=r,restriccionEdad=16+,portada=<null>,fechaLanzamiento=<null>,descripcionBreve=<null>,precio=<null>,precioDescontado=<null>,duracion=<null>,idDescuento=<null>,tipoContenido=<null>,porcentaje=<null>,fechaPedido=<null>,artistasRoles=[]] Idioma = es
2019-04-30 10:08:39.862 INFO  ContenidoServiceTest.testBusquedaEstructurada:150 - Found 3 results.
2019-04-30 10:08:39.862 INFO  ContenidoServiceTest.testBusquedaEstructurada:152 - Page [1 - 3] : 
2019-04-30 10:08:39.863 INFO  ContenidoServiceTest.testBusquedaEstructurada:154 - Result 1: com.david.training.model.Contenido@3daf7722[idContenido=10,titulo=EL JUSTICIERO,restriccionEdad=16+,portada=https://www.dvdsreleasedates.com/posters/800/D/Death-Wish-2017-movie-poster.jpg,fechaLanzamiento=2019-04-21,descripcionBreve=,precio=1.99,precioDescontado=0.1,duracion=104,idDescuento=7,tipoContenido=PEL,porcentaje=5,fechaPedido=<null>,artistasRoles=[]]
2019-04-30 10:08:39.863 INFO  ContenidoServiceTest.testBusquedaEstructurada:154 - Result 2: com.david.training.model.Contenido@78641d23[idContenido=1,titulo=RESERVOIR DOGS,restriccionEdad=16+,portada=https://prod3.agileticketing.net/images/user/hwt_2204/Reservoir%20Dogs.jpg,fechaLanzamiento=2018-12-10,descripcionBreve=,precio=3.0,precioDescontado=0.45,duracion=90,idDescuento=1,tipoContenido=PEL,porcentaje=15,fechaPedido=<null>,artistasRoles=[]]
2019-04-30 10:08:39.864 INFO  ContenidoServiceTest.testBusquedaEstructurada:154 - Result 3: com.david.training.model.Contenido@74589991[idContenido=3,titulo=JACKIE BROWN,restriccionEdad=16+,portada=https://images-na.ssl-images-amazon.com/images/I/71RBSEo5iQL._RI_.jpg,fechaLanzamiento=2018-12-10,descripcionBreve=,precio=3.0,precioDescontado=0.3,duracion=90,idDescuento=3,tipoContenido=PEL,porcentaje=10,fechaPedido=<null>,artistasRoles=[]]
2019-04-30 10:08:39.864 INFO  ContenidoServiceTest.testBusquedaEstructurada:163 - Test testBusquedaEstructurada finished.

2019-04-30 10:10:47.046 INFO  ContenidoServiceTest.testBusquedaEstructurada:103 - Testing Busqueda Estructurada ...
2019-04-30 10:10:48.148 DEBUG ContenidoDAOImpl.findByCriteria:206 - Producto = com.david.training.model.ProductoCriteria@455b6df1[categoria=[],pais=[],a=<null>,idContenido=<null>,titulo=,restriccionEdad=16+,portada=<null>,fechaLanzamiento=<null>,descripcionBreve=<null>,precio=<null>,precioDescontado=<null>,duracion=<null>,idDescuento=<null>,tipoContenido=<null>,porcentaje=<null>,fechaPedido=<null>,artistasRoles=[]] Idioma = es
2019-04-30 10:10:48.211 INFO  ContenidoServiceTest.testBusquedaEstructurada:149 - Found 6 results.
2019-04-30 10:10:48.211 INFO  ContenidoServiceTest.testBusquedaEstructurada:151 - Page [1 - 5] : 
2019-04-30 10:10:48.212 INFO  ContenidoServiceTest.testBusquedaEstructurada:153 - Result 1: com.david.training.model.Contenido@3daf7722[idContenido=10,titulo=EL JUSTICIERO,restriccionEdad=16+,portada=https://www.dvdsreleasedates.com/posters/800/D/Death-Wish-2017-movie-poster.jpg,fechaLanzamiento=2019-04-21,descripcionBreve=,precio=1.99,precioDescontado=0.1,duracion=104,idDescuento=7,tipoContenido=PEL,porcentaje=5,fechaPedido=<null>,artistasRoles=[]]
2019-04-30 10:10:48.213 INFO  ContenidoServiceTest.testBusquedaEstructurada:153 - Result 2: com.david.training.model.Contenido@78641d23[idContenido=1,titulo=RESERVOIR DOGS,restriccionEdad=16+,portada=https://prod3.agileticketing.net/images/user/hwt_2204/Reservoir%20Dogs.jpg,fechaLanzamiento=2018-12-10,descripcionBreve=,precio=3.0,precioDescontado=0.45,duracion=90,idDescuento=1,tipoContenido=PEL,porcentaje=15,fechaPedido=<null>,artistasRoles=[]]
2019-04-30 10:10:48.214 INFO  ContenidoServiceTest.testBusquedaEstructurada:153 - Result 3: com.david.training.model.Contenido@74589991[idContenido=2,titulo=PULP FICTION,restriccionEdad=16+,portada=https://images-na.ssl-images-amazon.com/images/I/81UTs3sC5hL._SL1500_.jpg,fechaLanzamiento=2018-12-10,descripcionBreve=,precio=3.0,precioDescontado=1.5,duracion=90,idDescuento=2,tipoContenido=PEL,porcentaje=50,fechaPedido=<null>,artistasRoles=[]]
2019-04-30 10:10:48.214 INFO  ContenidoServiceTest.testBusquedaEstructurada:153 - Result 4: com.david.training.model.Contenido@146dfe6[idContenido=3,titulo=JACKIE BROWN,restriccionEdad=16+,portada=https://images-na.ssl-images-amazon.com/images/I/71RBSEo5iQL._RI_.jpg,fechaLanzamiento=2018-12-10,descripcionBreve=,precio=3.0,precioDescontado=0.3,duracion=90,idDescuento=3,tipoContenido=PEL,porcentaje=10,fechaPedido=<null>,artistasRoles=[]]
2019-04-30 10:10:48.215 INFO  ContenidoServiceTest.testBusquedaEstructurada:153 - Result 5: com.david.training.model.Contenido@4716be8b[idContenido=4,titulo=KILL BILL VOL 1,restriccionEdad=16+,portada=https://i.pinimg.com/originals/ec/03/6f/ec036fda777280d0e1ea1067391157f7.jpg,fechaLanzamiento=2018-12-10,descripcionBreve=,precio=3.0,precioDescontado=0.75,duracion=90,idDescuento=4,tipoContenido=PEL,porcentaje=25,fechaPedido=<null>,artistasRoles=[]]
2019-04-30 10:10:48.216 DEBUG ContenidoDAOImpl.findByCriteria:206 - Producto = com.david.training.model.ProductoCriteria@455b6df1[categoria=[],pais=[],a=<null>,idContenido=<null>,titulo=,restriccionEdad=16+,portada=<null>,fechaLanzamiento=<null>,descripcionBreve=<null>,precio=<null>,precioDescontado=<null>,duracion=<null>,idDescuento=<null>,tipoContenido=<null>,porcentaje=<null>,fechaPedido=<null>,artistasRoles=[]] Idioma = es
2019-04-30 10:10:48.219 INFO  ContenidoServiceTest.testBusquedaEstructurada:149 - Found 6 results.
2019-04-30 10:10:48.219 INFO  ContenidoServiceTest.testBusquedaEstructurada:151 - Page [6 - 6] : 
2019-04-30 10:10:48.220 INFO  ContenidoServiceTest.testBusquedaEstructurada:153 - Result 6: com.david.training.model.Contenido@291a7e3c[idContenido=9,titulo=LOS ODIOSOS OCHO,restriccionEdad=16+,portada=https://i.pinimg.com/originals/e4/63/75/e46375f0b278b2626c89e3d0b018bdd9.jpg,fechaLanzamiento=2018-12-10,descripcionBreve=,precio=3.0,precioDescontado=1.5,duracion=90,idDescuento=2,tipoContenido=PEL,porcentaje=50,fechaPedido=<null>,artistasRoles=[]]
2019-04-30 10:10:48.220 INFO  ContenidoServiceTest.testBusquedaEstructurada:162 - Test testBusquedaEstructurada finished.

2019-04-30 10:10:48.220 INFO  ContenidoServiceTest.testBusquedaEstructurada:163 - Titulo: 
2019-04-30 10:10:48.220 INFO  ContenidoServiceTest.testBusquedaEstructurada:164 - Edad 16+
2019-04-30 10:11:23.278 INFO  ContenidoServiceTest.testBusquedaEstructurada:103 - Testing Busqueda Estructurada ...
2019-04-30 10:11:24.356 DEBUG ContenidoDAOImpl.findByCriteria:206 - Producto = com.david.training.model.ProductoCriteria@455b6df1[categoria=[],pais=[],a=<null>,idContenido=<null>,titulo=b,restriccionEdad=16+,portada=<null>,fechaLanzamiento=<null>,descripcionBreve=<null>,precio=<null>,precioDescontado=<null>,duracion=<null>,idDescuento=<null>,tipoContenido=<null>,porcentaje=<null>,fechaPedido=<null>,artistasRoles=[]] Idioma = es
2019-04-30 10:11:24.416 INFO  ContenidoServiceTest.testBusquedaEstructurada:149 - Found 2 results.
2019-04-30 10:11:24.416 INFO  ContenidoServiceTest.testBusquedaEstructurada:151 - Page [1 - 2] : 
2019-04-30 10:11:24.417 INFO  ContenidoServiceTest.testBusquedaEstructurada:153 - Result 1: com.david.training.model.Contenido@3daf7722[idContenido=3,titulo=JACKIE BROWN,restriccionEdad=16+,portada=https://images-na.ssl-images-amazon.com/images/I/71RBSEo5iQL._RI_.jpg,fechaLanzamiento=2018-12-10,descripcionBreve=,precio=3.0,precioDescontado=0.3,duracion=90,idDescuento=3,tipoContenido=PEL,porcentaje=10,fechaPedido=<null>,artistasRoles=[]]
2019-04-30 10:11:24.418 INFO  ContenidoServiceTest.testBusquedaEstructurada:153 - Result 2: com.david.training.model.Contenido@78641d23[idContenido=4,titulo=KILL BILL VOL 1,restriccionEdad=16+,portada=https://i.pinimg.com/originals/ec/03/6f/ec036fda777280d0e1ea1067391157f7.jpg,fechaLanzamiento=2018-12-10,descripcionBreve=,precio=3.0,precioDescontado=0.75,duracion=90,idDescuento=4,tipoContenido=PEL,porcentaje=25,fechaPedido=<null>,artistasRoles=[]]
2019-04-30 10:11:24.418 INFO  ContenidoServiceTest.testBusquedaEstructurada:162 - Test testBusquedaEstructurada finished.

2019-04-30 10:11:24.418 INFO  ContenidoServiceTest.testBusquedaEstructurada:163 - Titulo: b
2019-04-30 10:11:24.418 INFO  ContenidoServiceTest.testBusquedaEstructurada:164 - Edad: 16+
